Estimated Revenue Requirement = 211200000 per year
Estimated Ratebase = 1.462153846153846e9
BAU Gas Costs = 2.0465077577888313e8
ShutDown Gas Costs = [3.1972430769230765e8, 0.0, 0.0, 0.0, 0.0]
BAU Gas Costs = 2.001081602378462e8
ShutDown Gas Costs = [2.520221538461538e8, 8.719753846153846e7, 0.0, 0.0, 0.0]
BAU Gas Costs = 1.9567798009553784e8
ShutDown Gas Costs = [2.0323938461538458e8, 1.1551015384615383e8, 3.996553846153846e7, 0.0, 0.0]
BAU Gas Costs = 1.9135745243564636e8
ShutDown Gas Costs = [1.7323041758241755e8, 1.1613679120879118e8, 6.60058021978022e7, 2.283745054945055e7, 0.0]
PARAMETERS
T_inv: 5
N_Periods: 8
Clustering case: ward
Linked storage: 1
Linked generation: 0
Steady state elec: 1
Steady state gas: 0
Max offset electric: [0.0, 0.0, 0.0, 0.0, 0.0]
Max offset gas: [0.0, 0.0, 0.0, 0.0, 0.0]
Offset cost: [650, 500, 550, 500, 450]
Gas quality: Nodal
Max H2 injection frac: 0.0
Max appliance retirement multiplier: 2
Max biomethane share: 0.1
EI trajectory electric: [400, 200, 100, 50, 0]
EI trajectory gas: [200, 150, 100, 50, 0]
Electric transmission expansion: 3
Electric transmission expansion cost: 0.93 $/MW-m
Multi-day Storage: 0
Pumped Hydro Storage: 0
Check weights :
[0.29315068493150687, 0.12054794520547946, 0.10136986301369863, 0.030136986301369864, 0.024657534246575342, 0.2273972602739726, 0.12876712328767123, 0.07397260273972603]
Check medoids :
[249.0, 341.0, 18.0, 13.0, 54.0, 231.0, 207.0, 137.0]
┌ Warning: Axis contains one element: 1. If intended, you can safely ignore this warning. To explicitly pass the axis with one element, pass `[1]` instead of `1`.
└ @ JuMP.Containers ~/.julia/packages/JuMP/yYfHy/src/Containers/DenseAxisArray.jl:173
┌ Warning: Axis contains one element: 1. If intended, you can safely ignore this warning. To explicitly pass the axis with one element, pass `[1]` instead of `1`.
└ @ JuMP.Containers ~/.julia/packages/JuMP/yYfHy/src/Containers/DenseAxisArray.jl:173
┌ Warning: Axis contains one element: 1. If intended, you can safely ignore this warning. To explicitly pass the axis with one element, pass `[1]` instead of `1`.
└ @ JuMP.Containers ~/.julia/packages/JuMP/yYfHy/src/Containers/DenseAxisArray.jl:173
┌ Warning: Axis contains one element: 1. If intended, you can safely ignore this warning. To explicitly pass the axis with one element, pass `[1]` instead of `1`.
└ @ JuMP.Containers ~/.julia/packages/JuMP/yYfHy/src/Containers/DenseAxisArray.jl:173
┌ Warning: Axis contains one element: 1. If intended, you can safely ignore this warning. To explicitly pass the axis with one element, pass `[1]` instead of `1`.
└ @ JuMP.Containers ~/.julia/packages/JuMP/yYfHy/src/Containers/DenseAxisArray.jl:173
┌ Warning: Axis contains one element: 1. If intended, you can safely ignore this warning. To explicitly pass the axis with one element, pass `[1]` instead of `1`.
└ @ JuMP.Containers ~/.julia/packages/JuMP/yYfHy/src/Containers/DenseAxisArray.jl:173
┌ Warning: Axis contains one element: 1. If intended, you can safely ignore this warning. To explicitly pass the axis with one element, pass `[1]` instead of `1`.
└ @ JuMP.Containers ~/.julia/packages/JuMP/yYfHy/src/Containers/DenseAxisArray.jl:173
┌ Warning: Axis contains one element: 1. If intended, you can safely ignore this warning. To explicitly pass the axis with one element, pass `[1]` instead of `1`.
└ @ JuMP.Containers ~/.julia/packages/JuMP/yYfHy/src/Containers/DenseAxisArray.jl:173
┌ Warning: Axis contains one element: 1. If intended, you can safely ignore this warning. To explicitly pass the axis with one element, pass `[1]` instead of `1`.
└ @ JuMP.Containers ~/.julia/packages/JuMP/yYfHy/src/Containers/DenseAxisArray.jl:173
┌ Warning: Axis contains one element: 1. If intended, you can safely ignore this warning. To explicitly pass the axis with one element, pass `[1]` instead of `1`.
└ @ JuMP.Containers ~/.julia/packages/JuMP/yYfHy/src/Containers/DenseAxisArray.jl:173
┌ Warning: Axis contains one element: 1. If intended, you can safely ignore this warning. To explicitly pass the axis with one element, pass `[1]` instead of `1`.
└ @ JuMP.Containers ~/.julia/packages/JuMP/yYfHy/src/Containers/DenseAxisArray.jl:173
┌ Warning: Axis contains one element: 1. If intended, you can safely ignore this warning. To explicitly pass the axis with one element, pass `[1]` instead of `1`.
└ @ JuMP.Containers ~/.julia/packages/JuMP/yYfHy/src/Containers/DenseAxisArray.jl:173
┌ Warning: Axis contains one element: 1. If intended, you can safely ignore this warning. To explicitly pass the axis with one element, pass `[1]` instead of `1`.
└ @ JuMP.Containers ~/.julia/packages/JuMP/yYfHy/src/Containers/DenseAxisArray.jl:173
┌ Warning: Axis contains one element: 1. If intended, you can safely ignore this warning. To explicitly pass the axis with one element, pass `[1]` instead of `1`.
└ @ JuMP.Containers ~/.julia/packages/JuMP/yYfHy/src/Containers/DenseAxisArray.jl:173
Gurobi Optimizer version 9.0.3 build v9.0.3rc0 (linux64)
Optimize a model with 7145739 rows, 2375420 columns and 42554168 nonzeros
Model fingerprint: 0x9dffd8cc
Coefficient statistics:
  Matrix range     [3e-05, 3e+07]
  Objective range  [2e-04, 9e+06]
  Bounds range     [1e+00, 5e+03]
  RHS range        [2e-06, 1e+11]
Warning: Model contains large rhs
         Consider reformulating model or setting NumericFocus parameter
         to avoid numerical issues.
Presolve removed 1911364 rows and 440000 columns (presolve time = 5s) ...
Presolve removed 2240308 rows and 767039 columns (presolve time = 14s) ...
Presolve removed 2353888 rows and 775212 columns (presolve time = 16s) ...
Presolve removed 2375036 rows and 775356 columns (presolve time = 20s) ...
Presolve removed 2375036 rows and 775356 columns
Presolve time: 20.47s
Presolved: 4770703 rows, 1621212 columns, 29633389 nonzeros
Elapsed ordering time = 5s
Elapsed ordering time = 10s
Elapsed ordering time = 15s
Elapsed ordering time = 20s
Elapsed ordering time = 25s
Elapsed ordering time = 30s
Elapsed ordering time = 35s
Elapsed ordering time = 40s
Elapsed ordering time = 45s
Elapsed ordering time = 50s
Ordering time: 51.42s

Barrier statistics:
 Dense cols : 3382
 AA' NZ     : 4.658e+08
 Factor NZ  : 7.132e+08 (roughly 8.0 GBytes of memory)
 Factor Ops : 7.530e+11 (roughly 7 seconds per iteration)
 Threads    : 8

                  Objective                Residual
Iter       Primal          Dual         Primal    Dual     Compl     Time
   0   1.02501320e+17 -1.39883133e+18  1.20e+14 1.88e+04  1.17e+15   124s
   1   1.08383625e+17 -5.50482437e+17  1.12e+14 4.45e+04  1.12e+15   132s
   2   1.12669390e+17 -4.08030807e+17  1.06e+14 1.04e+05  1.04e+15   140s
   3   1.19267807e+17 -1.84204177e+17  9.91e+13 9.38e+04  9.49e+14   149s
   4   1.23877754e+17 -1.38735881e+17  9.40e+13 7.98e+04  8.43e+14   160s
   5   1.14133039e+17 -9.82945091e+16  7.60e+13 6.61e+04  6.21e+14   171s
   6   6.35213631e+16 -5.47046315e+16  4.13e+13 4.25e+04  2.34e+14   182s
   7   3.23750130e+16 -1.08443258e+16  1.92e+13 8.05e+03  2.36e+13   192s
   8   4.77519782e+15 -2.33156722e+15  2.76e+12 1.53e+03  7.41e+11   203s
   9   1.48610719e+15 -3.34127823e+14  8.30e+11 2.38e+02  4.43e+10   213s
  10   7.02028627e+14 -1.04501594e+14  3.93e+11 6.62e+01  8.58e+09   224s
  11   4.51129215e+14 -5.43362105e+13  2.56e+11 2.63e+01  3.45e+09   234s
  12   3.06419695e+14 -3.93062111e+13  1.77e+11 1.65e+01  1.95e+09   244s
  13   1.34575641e+14 -2.81504101e+13  8.19e+10 9.54e+00  7.58e+08   254s
  14   3.79943754e+13 -1.30304563e+13  2.53e+10 2.92e+00  1.73e+08   264s
  15   1.20543896e+13 -6.58793007e+12  8.53e+09 1.41e+00  4.87e+07   274s
  16   1.09315884e+13 -3.64713527e+12  7.78e+09 7.38e-01  3.93e+07   283s
  17   4.45646239e+12 -2.51772421e+12  3.40e+09 4.82e-01  1.62e+07   291s
  18   3.37309659e+12 -1.88989875e+12  2.59e+09 3.56e-01  1.19e+07   299s
  19   2.62470487e+12 -1.33034750e+12  2.04e+09 2.47e-01  8.94e+06   306s
  20   2.15368957e+12 -1.18695437e+12  1.68e+09 2.21e-01  7.31e+06   314s
  21   1.94657757e+12 -9.63549653e+11  1.53e+09 1.78e-01  6.49e+06   324s
  22   1.70329097e+12 -8.21577795e+11  1.34e+09 1.52e-01  5.60e+06   335s
  23   1.26249336e+12 -6.52142698e+11  9.89e+08 1.21e-01  4.10e+06   345s
  24   1.04335457e+12 -5.63183390e+11  8.17e+08 1.04e-01  3.35e+06   356s
  25   7.10206871e+11 -4.63039436e+11  5.58e+08 8.49e-02  2.28e+06   366s
  26   5.44706476e+11 -3.50378640e+11  4.29e+08 6.33e-02  1.72e+06   376s
  27   4.58773791e+11 -3.18561448e+11  3.63e+08 5.72e-02  1.45e+06   387s
  28   3.18984761e+11 -1.84767710e+11  2.56e+08 3.10e-02  9.73e+05   397s
  29   2.41042571e+11 -1.24080557e+11  1.97e+08 1.93e-02  7.18e+05   408s
  30   8.43001588e+10 -6.28824565e+10  7.63e+07 7.98e-03  2.55e+05   418s
  31   3.64991334e+10 -3.13215643e+10  3.67e+07 3.10e-03  1.04e+05   428s
  32   2.82881628e+10 -2.10793764e+10  2.95e+07 1.80e-03  7.48e+04   437s
  33   2.11990071e+10 -1.89800512e+10  2.34e+07 1.56e-03  5.77e+04   445s
  34   1.70973678e+10 -1.70727126e+10  1.95e+07 1.36e-03  4.68e+04   453s
  35   1.56957362e+10 -1.65149772e+10  1.82e+07 1.30e-03  4.32e+04   461s
  36   1.10512132e+10 -1.10219091e+10  1.37e+07 7.50e-04  2.90e+04   470s
  37   8.87078783e+09 -1.06989564e+10  1.15e+07 7.23e-04  2.42e+04   479s
  38   6.71288299e+09 -7.79363490e+09  9.07e+06 4.91e-04  1.75e+04   489s
  39   6.16316380e+09 -6.45981429e+09  8.47e+06 3.96e-04  1.54e+04   499s
  40   4.79151744e+09 -6.03307838e+09  6.94e+06 3.66e-04  1.25e+04   509s
  41   4.43859989e+09 -4.11867324e+09  6.50e+06 2.41e-04  1.04e+04   520s
  42   3.27340441e+09 -3.51280222e+09  5.02e+06 2.06e-04  7.78e+03   530s
  43   2.86648087e+09 -3.40782056e+09  4.47e+06 2.00e-04  6.92e+03   538s
  44   2.64221004e+09 -3.18529924e+09  4.16e+06 1.88e-04  6.35e+03   549s
  45   2.52841263e+09 -3.06619975e+09  4.00e+06 1.82e-04  6.05e+03   558s
  46   2.28237219e+09 -2.79127203e+09  3.65e+06 1.67e-04  5.40e+03   567s
  47   2.21898244e+09 -2.67858860e+09  3.55e+06 1.62e-04  5.21e+03   576s
  48   2.10890986e+09 -2.42046579e+09  3.38e+06 1.49e-04  4.84e+03   586s
  49   1.97123109e+09 -2.34145030e+09  3.18e+06 1.45e-04  4.53e+03   595s
  50   1.67953821e+09 -1.79883687e+09  2.72e+06 1.19e-04  3.65e+03   605s
  51   1.54780249e+09 -1.70638576e+09  2.51e+06 1.15e-04  3.34e+03   615s
  52   1.52251485e+09 -1.63766868e+09  2.46e+06 1.12e-04  3.26e+03   625s
  53   1.42506103e+09 -1.58458197e+09  2.34e+06 1.09e-04  3.07e+03   634s
  54   1.38450086e+09 -1.51131084e+09  2.26e+06 1.06e-04  2.95e+03   643s
  55   1.27446852e+09 -1.42743596e+09  2.06e+06 1.03e-04  2.67e+03   651s
  56   1.24343150e+09 -1.30556370e+09  2.00e+06 9.75e-05  2.54e+03   661s
  57   1.13506822e+09 -1.06132257e+09  1.80e+06 8.67e-05  2.20e+03   671s
  58   1.08609465e+09 -9.61088013e+08  1.71e+06 8.21e-05  2.05e+03   681s
  59   1.07625626e+09 -9.45354497e+08  1.61e+06 8.14e-05  1.94e+03   689s
  60   1.05605565e+09 -9.36537385e+08  1.58e+06 8.09e-05  1.91e+03   698s
  61   1.03401441e+09 -8.73632844e+08  1.54e+06 7.80e-05  1.84e+03   706s
  62   1.04788053e+09 -8.71825566e+08  1.49e+06 7.79e-05  1.79e+03   714s
  63   1.00132975e+09 -7.97564428e+08  1.41e+06 7.45e-05  1.67e+03   723s
  64   9.48217853e+08 -6.95796971e+08  1.32e+06 6.98e-05  1.53e+03   733s
  65   9.12304067e+08 -5.61570541e+08  1.25e+06 6.36e-05  1.41e+03   742s
  66   8.78809805e+08 -5.35728800e+08  1.19e+06 6.24e-05  1.34e+03   751s
  67   8.41189073e+08 -5.03567412e+08  1.12e+06 6.09e-05  1.25e+03   761s
  68   8.20101512e+08 -4.73046122e+08  1.07e+06 5.95e-05  1.20e+03   772s
  69   8.18413742e+08 -4.57786896e+08  1.04e+06 5.88e-05  1.16e+03   780s
  70   8.09889127e+08 -3.95157260e+08  1.01e+06 5.60e-05  1.11e+03   790s
  71   7.62837466e+08 -3.55935292e+08  9.21e+05 5.53e-05  1.01e+03   800s
  72   7.32087047e+08 -3.13835644e+08  8.58e+05 5.46e-05  9.32e+02   810s
  73   7.19816649e+08 -2.90341320e+08  8.35e+05 5.42e-05  9.02e+02   819s
  74   7.03053544e+08 -2.81580801e+08  8.01e+05 5.40e-05  8.67e+02   828s
  75   6.73605261e+08 -2.15147167e+08  7.27e+05 5.31e-05  7.74e+02   838s
  76   6.63632171e+08 -1.21521323e+08  6.98e+05 5.12e-05  7.16e+02   848s
  77   6.49240735e+08 -7.43356284e+07  6.54e+05 5.01e-05  6.62e+02   857s
  78   6.40834310e+08 -6.88983570e+04  6.22e+05 4.82e-05  6.11e+02   868s
  79   6.41761378e+08  2.36211208e+07  5.80e+05 4.76e-05  5.70e+02   877s
  80   6.35084561e+08  8.99546338e+07  5.51e+05 4.59e-05  5.26e+02   887s
  81   6.14841691e+08  1.23637463e+08  4.92e+05 4.51e-05  4.66e+02   897s
  82   6.10423866e+08  1.41446890e+08  4.74e+05 4.46e-05  4.46e+02   907s
  83   6.05259776e+08  1.96232452e+08  4.49e+05 4.31e-05  4.11e+02   917s
  84   6.04703747e+08  2.33181401e+08  4.31e+05 4.22e-05  3.87e+02   927s
  85   6.01831660e+08  2.56488496e+08  4.14e+05 4.15e-05  3.68e+02   936s
  86   5.92972072e+08  2.86436418e+08  3.64e+05 4.08e-05  3.21e+02   945s
  87   5.93814318e+08  2.87170532e+08  3.63e+05 4.07e-05  3.21e+02   953s
  88   5.92226850e+08  2.91864574e+08  3.50e+05 4.06e-05  3.10e+02   963s
  89   5.91143894e+08  3.00955943e+08  3.39e+05 4.02e-05  2.99e+02   972s
  90   5.89911561e+08  3.13428759e+08  3.21e+05 3.96e-05  2.83e+02   982s
  91   5.89199065e+08  3.33074356e+08  2.98e+05 3.88e-05  2.63e+02   992s
  92   5.89342244e+08  3.36699922e+08  2.87e+05 3.86e-05  2.53e+02  1002s
  93   5.89572366e+08  3.57495287e+08  2.74e+05 3.74e-05  2.40e+02  1012s
  94   5.89970669e+08  3.60621400e+08  2.66e+05 3.72e-05  2.34e+02  1022s
  95   5.90873096e+08  3.67995823e+08  2.63e+05 3.65e-05  2.31e+02  1030s
  96   5.91872685e+08  3.86745860e+08  2.56e+05 3.52e-05  2.22e+02  1040s
  97   5.93414947e+08  4.02610094e+08  2.37e+05 3.42e-05  2.06e+02  1050s
  98   5.95863210e+08  4.05064390e+08  2.38e+05 3.39e-05  2.06e+02  1058s
  99   5.97816417e+08  4.15328134e+08  2.28e+05 3.31e-05  1.97e+02  1066s
 100   5.98954445e+08  4.20092652e+08  2.25e+05 3.27e-05  1.95e+02  1074s
 101   6.00149688e+08  4.46959339e+08  2.16e+05 3.06e-05  1.83e+02  1084s
 102   6.02344504e+08  4.51917052e+08  2.07e+05 3.00e-05  1.76e+02  1094s
 103   6.04758629e+08  4.64076434e+08  1.96e+05 2.88e-05  1.67e+02  1104s
 104   6.06867188e+08  4.71343193e+08  1.88e+05 2.80e-05  1.60e+02  1114s
 105   6.09325834e+08  4.79588050e+08  1.79e+05 2.72e-05  1.52e+02  1124s
 106   6.10868936e+08  4.93002611e+08  1.73e+05 2.61e-05  1.46e+02  1134s
 107   6.21367745e+08  4.93653271e+08  1.71e+05 2.61e-05  1.46e+02  1143s
 108   6.23514107e+08  5.05325756e+08  1.61e+05 2.56e-05  1.37e+02  1153s
 109   6.25103706e+08  5.07394804e+08  1.57e+05 2.55e-05  1.33e+02  1163s
 110   6.26573515e+08  5.11465735e+08  1.57e+05 2.52e-05  1.34e+02  1172s
