Estimated Revenue Requirement = 211200000 per year
Estimated Ratebase = 1.462153846153846e9
BAU Gas Costs = 2.0465077577888313e8
ShutDown Gas Costs = [3.1972430769230765e8, 0.0, 0.0, 0.0, 0.0]
BAU Gas Costs = 2.001081602378462e8
ShutDown Gas Costs = [2.520221538461538e8, 8.719753846153846e7, 0.0, 0.0, 0.0]
BAU Gas Costs = 1.9567798009553784e8
ShutDown Gas Costs = [2.0323938461538458e8, 1.1551015384615383e8, 3.996553846153846e7, 0.0, 0.0]
BAU Gas Costs = 1.9135745243564636e8
ShutDown Gas Costs = [1.7323041758241755e8, 1.1613679120879118e8, 6.60058021978022e7, 2.283745054945055e7, 0.0]
PARAMETERS
T_inv: 5
N_Periods: 8
Clustering case: ward
Linked storage: 1
Linked generation: 0
Steady state elec: 1
Steady state gas: 0
Max offset electric: [0.4, 0.4, 0.4, 0.4, 0.4]
Max offset gas: [0.4, 0.4, 0.4, 0.4, 0.4]
Offset cost: [1600, 1400, 1200, 1000, 800]
Gas quality: Nodal
Max H2 injection frac: 0.0
Max appliance retirement multiplier: 1.5
Max biomethane share: 0.1
EI trajectory electric: [400, 200, 100, 50, 0]
EI trajectory gas: [200, 150, 100, 50, 0]
Electric transmission expansion: 2
Electric transmission expansion cost: 0.93 $/MW-m
Multi-day Storage: 0
Pumped Hydro Storage: 0
Check weights :
[0.29315068493150687, 0.12054794520547946, 0.10136986301369863, 0.030136986301369864, 0.024657534246575342, 0.2273972602739726, 0.12876712328767123, 0.07397260273972603]
Check medoids :
[249.0, 341.0, 18.0, 13.0, 54.0, 231.0, 207.0, 137.0]
┌ Warning: Axis contains one element: 1. If intended, you can safely ignore this warning. To explicitly pass the axis with one element, pass `[1]` instead of `1`.
└ @ JuMP.Containers ~/.julia/packages/JuMP/yYfHy/src/Containers/DenseAxisArray.jl:173
┌ Warning: Axis contains one element: 1. If intended, you can safely ignore this warning. To explicitly pass the axis with one element, pass `[1]` instead of `1`.
└ @ JuMP.Containers ~/.julia/packages/JuMP/yYfHy/src/Containers/DenseAxisArray.jl:173
┌ Warning: Axis contains one element: 1. If intended, you can safely ignore this warning. To explicitly pass the axis with one element, pass `[1]` instead of `1`.
└ @ JuMP.Containers ~/.julia/packages/JuMP/yYfHy/src/Containers/DenseAxisArray.jl:173
┌ Warning: Axis contains one element: 1. If intended, you can safely ignore this warning. To explicitly pass the axis with one element, pass `[1]` instead of `1`.
└ @ JuMP.Containers ~/.julia/packages/JuMP/yYfHy/src/Containers/DenseAxisArray.jl:173
┌ Warning: Axis contains one element: 1. If intended, you can safely ignore this warning. To explicitly pass the axis with one element, pass `[1]` instead of `1`.
└ @ JuMP.Containers ~/.julia/packages/JuMP/yYfHy/src/Containers/DenseAxisArray.jl:173
┌ Warning: Axis contains one element: 1. If intended, you can safely ignore this warning. To explicitly pass the axis with one element, pass `[1]` instead of `1`.
└ @ JuMP.Containers ~/.julia/packages/JuMP/yYfHy/src/Containers/DenseAxisArray.jl:173
┌ Warning: Axis contains one element: 1. If intended, you can safely ignore this warning. To explicitly pass the axis with one element, pass `[1]` instead of `1`.
└ @ JuMP.Containers ~/.julia/packages/JuMP/yYfHy/src/Containers/DenseAxisArray.jl:173
┌ Warning: Axis contains one element: 1. If intended, you can safely ignore this warning. To explicitly pass the axis with one element, pass `[1]` instead of `1`.
└ @ JuMP.Containers ~/.julia/packages/JuMP/yYfHy/src/Containers/DenseAxisArray.jl:173
┌ Warning: Axis contains one element: 1. If intended, you can safely ignore this warning. To explicitly pass the axis with one element, pass `[1]` instead of `1`.
└ @ JuMP.Containers ~/.julia/packages/JuMP/yYfHy/src/Containers/DenseAxisArray.jl:173
┌ Warning: Axis contains one element: 1. If intended, you can safely ignore this warning. To explicitly pass the axis with one element, pass `[1]` instead of `1`.
└ @ JuMP.Containers ~/.julia/packages/JuMP/yYfHy/src/Containers/DenseAxisArray.jl:173
┌ Warning: Axis contains one element: 1. If intended, you can safely ignore this warning. To explicitly pass the axis with one element, pass `[1]` instead of `1`.
└ @ JuMP.Containers ~/.julia/packages/JuMP/yYfHy/src/Containers/DenseAxisArray.jl:173
┌ Warning: Axis contains one element: 1. If intended, you can safely ignore this warning. To explicitly pass the axis with one element, pass `[1]` instead of `1`.
└ @ JuMP.Containers ~/.julia/packages/JuMP/yYfHy/src/Containers/DenseAxisArray.jl:173
┌ Warning: Axis contains one element: 1. If intended, you can safely ignore this warning. To explicitly pass the axis with one element, pass `[1]` instead of `1`.
└ @ JuMP.Containers ~/.julia/packages/JuMP/yYfHy/src/Containers/DenseAxisArray.jl:173
┌ Warning: Axis contains one element: 1. If intended, you can safely ignore this warning. To explicitly pass the axis with one element, pass `[1]` instead of `1`.
└ @ JuMP.Containers ~/.julia/packages/JuMP/yYfHy/src/Containers/DenseAxisArray.jl:173
Gurobi Optimizer version 9.0.3 build v9.0.3rc0 (linux64)
Optimize a model with 7145584 rows, 2375420 columns and 42808023 nonzeros
Model fingerprint: 0x6fb5afbb
Coefficient statistics:
  Matrix range     [3e-05, 3e+07]
  Objective range  [2e-04, 9e+06]
  Bounds range     [1e+00, 5e+03]
  RHS range        [2e-06, 1e+11]
Warning: Model contains large rhs
Presolve removed 1850574 rows and 420000 columns (presolve time = 5s) ...
Presolve removed 2184591 rows and 740976 columns (presolve time = 10s) ...
Presolve removed 2184591 rows and 740976 columns (presolve time = 15s) ...
Presolve removed 2184591 rows and 740976 columns (presolve time = 20s) ...
Presolve removed 2184591 rows and 740976 columns (presolve time = 25s) ...
Presolve removed 2184591 rows and 740976 columns (presolve time = 30s) ...
Presolve removed 2184591 rows and 740976 columns (presolve time = 35s) ...
Presolve removed 2184591 rows and 740976 columns (presolve time = 40s) ...
Presolve removed 2184591 rows and 740976 columns (presolve time = 45s) ...
Presolve removed 2184591 rows and 740976 columns (presolve time = 50s) ...
Presolve removed 2184591 rows and 740976 columns (presolve time = 55s) ...
Presolve removed 2184591 rows and 740976 columns (presolve time = 60s) ...
Presolve removed 2184591 rows and 740976 columns (presolve time = 65s) ...
Presolve removed 2184591 rows and 740976 columns (presolve time = 70s) ...
Presolve removed 2184591 rows and 740976 columns (presolve time = 75s) ...
Presolve removed 2184591 rows and 740976 columns (presolve time = 80s) ...
Presolve removed 2184591 rows and 740976 columns (presolve time = 85s) ...
Presolve removed 2184591 rows and 740976 columns (presolve time = 90s) ...
Presolve removed 2184591 rows and 740976 columns (presolve time = 95s) ...
Presolve removed 2184591 rows and 740976 columns (presolve time = 100s) ...
Presolve removed 2184591 rows and 740976 columns (presolve time = 105s) ...
Presolve removed 2184591 rows and 740976 columns (presolve time = 110s) ...
Presolve removed 2184591 rows and 740976 columns (presolve time = 115s) ...
Presolve removed 2184591 rows and 740976 columns (presolve time = 120s) ...
Presolve removed 2184591 rows and 740976 columns (presolve time = 125s) ...
Presolve removed 2184591 rows and 740976 columns (presolve time = 130s) ...
Presolve removed 2184591 rows and 740976 columns (presolve time = 135s) ...
Presolve removed 2184591 rows and 740976 columns (presolve time = 140s) ...
Presolve removed 2184591 rows and 740976 columns (presolve time = 145s) ...
Presolve removed 2184591 rows and 740976 columns (presolve time = 150s) ...
Presolve removed 2184591 rows and 740976 columns (presolve time = 155s) ...
Presolve removed 2184591 rows and 740976 columns (presolve time = 160s) ...
Presolve removed 2184591 rows and 740976 columns (presolve time = 165s) ...
Presolve removed 2184591 rows and 740976 columns (presolve time = 170s) ...
Presolve removed 2184591 rows and 740976 columns (presolve time = 175s) ...
Presolve removed 2184591 rows and 740976 columns (presolve time = 180s) ...
Presolve removed 2184591 rows and 740976 columns (presolve time = 185s) ...
Presolve removed 2184591 rows and 740976 columns (presolve time = 190s) ...
Presolve removed 2184591 rows and 740976 columns (presolve time = 195s) ...
Presolve removed 2184591 rows and 740976 columns (presolve time = 200s) ...
Presolve removed 2184591 rows and 740976 columns (presolve time = 205s) ...
Presolve removed 2184591 rows and 740976 columns (presolve time = 210s) ...
Presolve removed 2184591 rows and 740976 columns (presolve time = 215s) ...
Presolve removed 2184591 rows and 740976 columns (presolve time = 220s) ...
Presolve removed 2184591 rows and 740976 columns (presolve time = 225s) ...
Presolve removed 2184591 rows and 740976 columns (presolve time = 230s) ...
Presolve removed 2184591 rows and 740976 columns (presolve time = 235s) ...
Presolve removed 2184591 rows and 740976 columns (presolve time = 240s) ...
Presolve removed 2184591 rows and 740976 columns (presolve time = 245s) ...
Presolve removed 2184591 rows and 740976 columns (presolve time = 250s) ...
Presolve removed 2184591 rows and 740976 columns (presolve time = 255s) ...
Presolve removed 2184591 rows and 740976 columns (presolve time = 260s) ...
Presolve removed 2184591 rows and 740976 columns (presolve time = 265s) ...
Presolve removed 2184591 rows and 740976 columns (presolve time = 270s) ...
Presolve removed 2184591 rows and 740976 columns (presolve time = 275s) ...
Presolve removed 2184591 rows and 740976 columns (presolve time = 280s) ...
Presolve removed 3137980 rows and 740976 columns (presolve time = 286s) ...
Presolve removed 3163635 rows and 752803 columns (presolve time = 290s) ...
Presolve removed 3163635 rows and 752803 columns (presolve time = 295s) ...
Presolve removed 3163635 rows and 752803 columns (presolve time = 300s) ...
Presolve removed 3163635 rows and 752803 columns (presolve time = 305s) ...
Presolve removed 3163635 rows and 752803 columns (presolve time = 310s) ...
Presolve removed 3163635 rows and 752803 columns (presolve time = 315s) ...
Presolve removed 3163635 rows and 752803 columns (presolve time = 320s) ...
Presolve removed 3163635 rows and 752803 columns (presolve time = 325s) ...
Presolve removed 3163635 rows and 752803 columns (presolve time = 330s) ...
Presolve removed 3163635 rows and 752803 columns (presolve time = 335s) ...
Presolve removed 3163635 rows and 752803 columns (presolve time = 340s) ...
Presolve removed 3163635 rows and 752803 columns (presolve time = 345s) ...
Presolve removed 3163635 rows and 752803 columns (presolve time = 350s) ...
Presolve removed 3163635 rows and 752803 columns (presolve time = 355s) ...
Presolve removed 3163635 rows and 752803 columns (presolve time = 360s) ...
Presolve removed 3163635 rows and 752803 columns (presolve time = 365s) ...
Presolve removed 3163635 rows and 752803 columns (presolve time = 370s) ...
Presolve removed 3163635 rows and 752803 columns (presolve time = 375s) ...
Presolve removed 3163635 rows and 752803 columns (presolve time = 380s) ...
Presolve removed 3163635 rows and 752803 columns (presolve time = 385s) ...
Presolve removed 3163635 rows and 752803 columns (presolve time = 390s) ...
Presolve removed 3163635 rows and 752803 columns (presolve time = 395s) ...
Presolve removed 3163635 rows and 752803 columns (presolve time = 400s) ...
Presolve removed 3163635 rows and 752803 columns (presolve time = 405s) ...
Presolve removed 3163635 rows and 752803 columns (presolve time = 410s) ...
Presolve removed 3163635 rows and 752803 columns (presolve time = 415s) ...
Presolve removed 3163635 rows and 752803 columns (presolve time = 420s) ...
Presolve removed 3163635 rows and 752803 columns (presolve time = 425s) ...
Presolve removed 3163635 rows and 752803 columns (presolve time = 430s) ...
Presolve removed 3163635 rows and 752803 columns (presolve time = 435s) ...
Presolve removed 3163635 rows and 752803 columns (presolve time = 440s) ...
Presolve removed 3163635 rows and 752803 columns (presolve time = 445s) ...
Presolve removed 3163635 rows and 752803 columns (presolve time = 450s) ...
Presolve removed 3163635 rows and 752803 columns (presolve time = 455s) ...
Presolve removed 3163635 rows and 752803 columns (presolve time = 460s) ...
Presolve removed 3163635 rows and 752803 columns (presolve time = 465s) ...
Presolve removed 3163635 rows and 752803 columns (presolve time = 470s) ...
Presolve removed 3163635 rows and 752803 columns (presolve time = 475s) ...
Presolve removed 3163635 rows and 752803 columns (presolve time = 480s) ...
Presolve removed 3163635 rows and 752803 columns (presolve time = 485s) ...
Presolve removed 3163635 rows and 752803 columns (presolve time = 490s) ...
Presolve removed 3163635 rows and 752803 columns (presolve time = 495s) ...
Presolve removed 3163635 rows and 752803 columns (presolve time = 500s) ...
Presolve removed 3163635 rows and 752803 columns (presolve time = 505s) ...
Presolve removed 3163635 rows and 752803 columns (presolve time = 510s) ...
Presolve removed 3163635 rows and 752803 columns (presolve time = 515s) ...
Presolve removed 3163635 rows and 752803 columns (presolve time = 520s) ...
Presolve removed 3163635 rows and 752803 columns (presolve time = 525s) ...
Presolve removed 3163635 rows and 752803 columns (presolve time = 530s) ...
Presolve removed 3216215 rows and 752803 columns (presolve time = 535s) ...
Presolve removed 3216215 rows and 752803 columns (presolve time = 540s) ...
Presolve removed 3216215 rows and 752803 columns (presolve time = 545s) ...
Presolve removed 3216215 rows and 752803 columns (presolve time = 550s) ...
Presolve removed 3216215 rows and 752803 columns (presolve time = 555s) ...
Presolve removed 3216215 rows and 752803 columns (presolve time = 560s) ...
Presolve removed 3216215 rows and 752803 columns (presolve time = 565s) ...
Presolve removed 3216215 rows and 752803 columns (presolve time = 570s) ...
Presolve removed 3216215 rows and 752803 columns (presolve time = 575s) ...
Presolve removed 3216215 rows and 752803 columns (presolve time = 580s) ...
Presolve removed 3216215 rows and 752803 columns (presolve time = 585s) ...
Presolve removed 3216215 rows and 752803 columns (presolve time = 590s) ...
Presolve removed 3216215 rows and 752803 columns (presolve time = 595s) ...
Presolve removed 3216215 rows and 752803 columns (presolve time = 600s) ...
Presolve removed 3216215 rows and 752803 columns (presolve time = 605s) ...
Presolve removed 3216215 rows and 752803 columns (presolve time = 610s) ...
Presolve removed 3216215 rows and 752803 columns (presolve time = 615s) ...
Presolve removed 3216215 rows and 752803 columns (presolve time = 620s) ...
Presolve removed 3216215 rows and 752803 columns (presolve time = 625s) ...
Presolve removed 3216215 rows and 752803 columns (presolve time = 630s) ...
Presolve removed 3216215 rows and 752803 columns (presolve time = 635s) ...
Presolve removed 3216215 rows and 752803 columns (presolve time = 640s) ...
Presolve removed 3216215 rows and 752803 columns (presolve time = 645s) ...
Presolve removed 3216215 rows and 752803 columns (presolve time = 650s) ...
Presolve removed 3216215 rows and 752803 columns (presolve time = 655s) ...
Presolve removed 3216215 rows and 752803 columns (presolve time = 660s) ...
Presolve removed 3216215 rows and 752803 columns (presolve time = 665s) ...
Presolve removed 3216215 rows and 752803 columns (presolve time = 670s) ...
Presolve removed 3216215 rows and 752803 columns (presolve time = 675s) ...
Presolve removed 3216215 rows and 752803 columns (presolve time = 680s) ...
Presolve removed 3216215 rows and 752803 columns (presolve time = 685s) ...
Presolve removed 3216215 rows and 752803 columns (presolve time = 690s) ...
Presolve removed 3216215 rows and 752803 columns (presolve time = 695s) ...
Presolve removed 3216215 rows and 752803 columns (presolve time = 700s) ...
Presolve removed 3216215 rows and 752803 columns (presolve time = 705s) ...
Presolve removed 3216215 rows and 752803 columns (presolve time = 710s) ...
Presolve removed 3216215 rows and 752803 columns (presolve time = 715s) ...
Presolve removed 3216215 rows and 752803 columns (presolve time = 720s) ...
Presolve removed 3216215 rows and 752803 columns (presolve time = 725s) ...
Presolve removed 3216215 rows and 752803 columns (presolve time = 730s) ...
Presolve removed 3216215 rows and 752803 columns (presolve time = 735s) ...
Presolve removed 3216215 rows and 752803 columns (presolve time = 740s) ...
Presolve removed 3216215 rows and 752803 columns (presolve time = 745s) ...
Presolve removed 3216215 rows and 752803 columns (presolve time = 750s) ...
Presolve removed 3216215 rows and 752803 columns (presolve time = 755s) ...
Presolve removed 3216215 rows and 752803 columns (presolve time = 760s) ...
Presolve removed 3216215 rows and 752803 columns (presolve time = 765s) ...
Presolve removed 3216215 rows and 752803 columns (presolve time = 770s) ...
Presolve removed 3216215 rows and 752803 columns (presolve time = 775s) ...
Presolve removed 3216243 rows and 752803 columns
Presolve time: 778.36s
Presolved: 3929341 rows, 1622645 columns, 25166186 nonzeros
Elapsed ordering time = 5s
Elapsed ordering time = 10s
Elapsed ordering time = 15s
Elapsed ordering time = 20s
Elapsed ordering time = 25s
Elapsed ordering time = 30s
Elapsed ordering time = 35s
Elapsed ordering time = 51s
Elapsed ordering time = 59s
Elapsed ordering time = 61s
Elapsed ordering time = 69s
Elapsed ordering time = 71s
Elapsed ordering time = 78s
Elapsed ordering time = 81s
Elapsed ordering time = 86s
Elapsed ordering time = 92s
Elapsed ordering time = 96s
Elapsed ordering time = 100s
Elapsed ordering time = 106s
Elapsed ordering time = 112s
Elapsed ordering time = 115s
Elapsed ordering time = 120s
Elapsed ordering time = 125s
Elapsed ordering time = 130s
Elapsed ordering time = 135s
Elapsed ordering time = 140s
Elapsed ordering time = 145s
Ordering time: 146.43s

Barrier statistics:
 Dense cols : 3275
 Free vars  : 16704
 AA' NZ     : 4.640e+08
 Factor NZ  : 7.240e+08 (roughly 8.0 GBytes of memory)
 Factor Ops : 8.506e+11 (roughly 3 seconds per iteration)
 Threads    : 46

                  Objective                Residual
Iter       Primal          Dual         Primal    Dual     Compl     Time
   0   1.30969286e+17 -1.77252733e+18  9.87e+13 1.88e+04  1.17e+15   969s
   1   1.37495266e+17 -6.31253231e+17  9.20e+13 3.80e+04  1.12e+15  1038s
   2   1.40310007e+17 -2.54995022e+18  8.94e+13 9.49e+04  1.06e+15  1114s
   3   1.48579884e+17 -5.17846481e+18  8.19e+13 8.95e+04  9.75e+14  1195s
   4   1.66606476e+17 -5.11026752e+18  8.05e+13 9.27e+04  1.02e+15  1307s
   5   1.83595464e+17 -5.06845783e+18  7.91e+13 8.00e+04  1.05e+15  1426s
   6   2.05060605e+17 -4.90524448e+18  7.72e+13 8.69e+04  1.14e+15  1578s
   7   2.26470500e+17 -4.79500173e+18  7.48e+13 8.52e+04  1.17e+15  1742s
   8   2.43128323e+17 -4.53765261e+18  7.11e+13 8.16e+04  1.17e+15  1906s
   9   2.59981107e+17 -3.91939460e+18  6.69e+13 7.04e+04  1.19e+15  2062s
  10   2.73720720e+17 -3.30386769e+18  5.99e+13 6.21e+04  1.13e+15  2227s
  11   2.63687375e+17 -2.45432934e+18  4.96e+13 4.65e+04  9.35e+14  2417s
  12   2.47430055e+17 -1.49509108e+18  4.10e+13 2.90e+04  7.10e+14  2564s
  13   2.25069018e+17 -9.29237676e+17  3.20e+13 1.90e+04  5.35e+14  2719s
  14   2.06849281e+17 -5.54120082e+17  2.53e+13 1.25e+04  4.44e+14  2841s
  15   1.76294282e+17 -2.63379842e+17  1.74e+13 6.84e+03  2.62e+14  2988s
  16   2.70942626e+16 -5.64306155e+16  1.99e+12 1.70e+03  1.07e+13  3100s
  17   4.49735563e+15 -1.03459228e+16  2.83e+11 3.37e+02  4.37e+11  3231s
  18   2.86141924e+15 -8.41800139e+15  1.76e+11 2.77e+02  2.40e+11  3344s
  19   2.27567180e+15 -6.00220139e+15  1.35e+11 2.01e+02  1.53e+11  3445s
  20   1.06366385e+15 -3.54848216e+15  5.94e+10 1.22e+02  5.19e+10  3532s
  21   5.83476657e+14 -2.27517711e+15  3.07e+10 7.96e+01  2.24e+10  3664s
  22   3.93425356e+14 -1.40104588e+15  1.99e+10 4.94e+01  1.20e+10  3843s
  23   2.34848152e+14 -8.28167423e+14  1.14e+10 2.90e+01  5.83e+09  4047s
  24   1.09064983e+14 -5.60513415e+14  5.13e+09 1.95e+01  2.36e+09  4243s
  25   4.78263804e+13 -2.54241072e+14  2.14e+09 8.70e+00  8.55e+08  4502s
  26   2.87651863e+13 -1.41264178e+14  1.27e+09 5.00e+00  4.67e+08  4688s
  27   2.29982855e+13 -1.06092847e+14  1.02e+09 3.84e+00  3.61e+08  4850s
  28   2.05481584e+13 -9.96326474e+13  9.03e+08 3.61e+00  3.20e+08  5035s
  29   1.71440453e+13 -9.30805322e+13  7.55e+08 3.37e+00  2.68e+08  5216s
  30   1.46445720e+13 -7.80063298e+13  6.30e+08 2.83e+00  2.23e+08  5425s
  31   1.22760656e+13 -6.71349568e+13  5.05e+08 2.45e+00  1.82e+08  5656s
  32   1.00282552e+13 -5.26501738e+13  3.99e+08 1.93e+00  1.44e+08  5879s
  33   8.40247023e+12 -4.30741404e+13  3.24e+08 1.58e+00  1.19e+08  6156s
  34   6.56544418e+12 -3.46692033e+13  2.47e+08 1.28e+00  9.14e+07  6430s
  35   5.21609877e+12 -2.80434635e+13  1.94e+08 1.04e+00  7.14e+07  6686s
  36   3.91947811e+12 -2.18074138e+13  1.46e+08 8.04e-01  5.26e+07  6914s
  37   2.95328138e+12 -1.69163225e+13  1.10e+08 6.21e-01  3.88e+07  7131s
  38   2.23646166e+12 -9.53835596e+12  8.69e+07 3.42e-01  2.71e+07  7334s
  39   1.39925199e+12 -8.45260559e+12  5.71e+07 3.01e-01  1.77e+07  7547s
  40   7.20262274e+11 -4.14119881e+12  3.18e+07 1.43e-01  8.29e+06  7680s
  41   5.95274714e+11 -2.46954473e+12  2.68e+07 8.33e-02  5.78e+06  7817s
  42   4.11876841e+11 -2.05103523e+12  1.90e+07 6.81e-02  3.93e+06  7926s
  43   3.07996850e+11 -9.62143573e+11  1.43e+07 2.93e-02  2.29e+06  8041s
  44   1.88209026e+11 -6.31392549e+11  8.64e+06 1.83e-02  1.19e+06  8136s
  45   1.39979839e+11 -4.13784200e+11  6.28e+06 1.11e-02  7.26e+05  8221s
  46   1.00488950e+11 -3.23907710e+11  4.81e+06 7.81e-03  5.05e+05  8298s
  47   6.70254178e+10 -2.50799512e+11  3.50e+06 6.12e-03  3.35e+05  8371s
  48   4.73423572e+10 -1.89782444e+11  2.67e+06 4.67e-03  2.30e+05  8442s
  49   3.46438544e+10 -1.47236402e+11  2.07e+06 3.66e-03  1.62e+05  8507s
  50   2.67126925e+10 -1.06896525e+11  1.67e+06 2.69e-03  1.14e+05  8577s
  51   2.11743425e+10 -8.70801804e+10  1.36e+06 2.20e-03  8.71e+04  8632s
  52   1.70791726e+10 -6.23313857e+10  1.12e+06 1.59e-03  6.24e+04  8694s
  53   1.28212150e+10 -5.12944453e+10  8.54e+05 1.32e-03  4.53e+04  8762s
  54   1.01114819e+10 -3.63965725e+10  6.90e+05 9.44e-04  3.20e+04  8816s
  55   7.80199748e+09 -2.64701702e+10  5.37e+05 6.94e-04  2.21e+04  8875s
  56   6.09571170e+09 -2.00111532e+10  4.19e+05 5.30e-04  1.58e+04  8929s
  57   5.29311351e+09 -1.59408229e+10  3.63e+05 4.27e-04  1.25e+04  9002s
  58   4.26553243e+09 -1.20135348e+10  2.90e+05 3.27e-04  9.07e+03  9067s
  59   3.67186752e+09 -9.00707396e+09  2.43e+05 2.50e-04  6.82e+03  9123s
  60   2.99878609e+09 -6.46856941e+09  1.91e+05 1.85e-04  4.80e+03  9181s
  61   2.73498211e+09 -5.65309607e+09  1.70e+05 1.65e-04  4.13e+03  9243s
  62   2.27913416e+09 -4.88485320e+09  1.33e+05 1.45e-04  3.23e+03  9306s
  63   2.10545552e+09 -3.77983206e+09  1.18e+05 1.17e-04  2.62e+03  9360s
  64   1.96248964e+09 -3.22962208e+09  1.04e+05 1.04e-04  2.24e+03  9430s
  65   1.77838990e+09 -2.93907204e+09  8.79e+04 9.61e-05  1.92e+03  9496s
  66   1.74079857e+09 -2.36913382e+09  8.45e+04 8.17e-05  1.69e+03  9580s
  67   1.67250772e+09 -1.82094245e+09  7.85e+04 6.77e-05  1.44e+03  9653s
  68   1.58230334e+09 -1.44038788e+09  7.07e+04 5.79e-05  1.23e+03  9733s
  69   1.47068145e+09 -1.18400239e+09  6.15e+04 5.11e-05  1.04e+03  9827s
  70   1.37843181e+09 -8.90091721e+08  5.38e+04 4.33e-05  8.67e+02  9903s
  71   1.30540715e+09 -5.03456196e+08  4.76e+04 3.32e-05  6.87e+02  9989s
  72   1.21238094e+09 -2.88728038e+08  4.04e+04 2.74e-05  5.53e+02  10111s
  73   1.15297328e+09 -1.39816033e+08  3.62e+04 2.31e-05  4.70e+02  10211s
  74   1.08846580e+09 -3.08232406e+07  3.16e+04 2.00e-05  3.98e+02  10303s
  75   1.02152252e+09  7.14613254e+07  2.71e+04 1.69e-05  3.29e+02  10421s
  76   9.69345882e+08  1.52279876e+08  2.35e+04 1.45e-05  2.78e+02  10531s
  77   9.38704481e+08  2.39226088e+08  2.14e+04 1.19e-05  2.37e+02  10660s
  78   9.13894294e+08  2.96901488e+08  1.96e+04 1.02e-05  2.07e+02  10784s
  79   8.75990101e+08  3.44656786e+08  1.71e+04 8.76e-06  1.75e+02  10923s
  80   8.35723307e+08  3.84397376e+08  1.41e+04 7.60e-06  1.45e+02  11051s
  81   8.08248661e+08  4.38887401e+08  1.21e+04 6.03e-06  1.17e+02  11186s
  82   7.90432443e+08  4.71032253e+08  1.06e+04 5.11e-06  9.96e+01  11267s
  83   7.80700139e+08  4.76437513e+08  9.87e+03 4.96e-06  9.36e+01  11360s
  84   7.77399057e+08  5.12058513e+08  9.61e+03 1.80e-05  8.26e+01  11481s
  85   7.60365606e+08  5.27714300e+08  8.23e+03 1.43e-04  7.08e+01  11517s
  86   7.44014920e+08  5.49415527e+08  6.88e+03 2.74e-04  5.81e+01  11571s
  87   7.33908132e+08  5.61859442e+08  6.01e+03 2.44e-04  5.05e+01  11683s
  88   7.29210630e+08  5.78609573e+08  5.61e+03 3.35e-04  4.43e+01  11748s
  89   7.23930627e+08  5.92230410e+08  5.14e+03 3.95e-04  3.86e+01  11875s
  90   7.11228299e+08  6.06889803e+08  3.99e+03 6.44e-04  2.97e+01  11954s
  91   7.03439651e+08  6.17719677e+08  3.27e+03 5.78e-04  2.40e+01  11997s
  92   6.99738020e+08  6.26872184e+08  2.91e+03 5.26e-04  2.03e+01  12056s
  93   6.95407760e+08  6.34999491e+08  2.48e+03 4.27e-04  1.67e+01  12130s
  94   6.91354653e+08  6.38081855e+08  2.08e+03 3.93e-04  1.44e+01  12225s
  95   6.89116095e+08  6.42026914e+08  1.84e+03 3.45e-04  1.26e+01  12274s
  96   6.88073968e+08  6.44750615e+08  1.74e+03 3.13e-04  1.16e+01  12359s
  97   6.85831986e+08  6.49174190e+08  1.52e+03 2.71e-04  9.76e+00  12413s
  98   6.83679985e+08  6.52437825e+08  1.29e+03 2.46e-04  8.22e+00  12485s
  99   6.82363091e+08  6.55341538e+08  1.14e+03 2.09e-04  7.08e+00  12551s
 100   6.80846744e+08  6.58590625e+08  9.75e+02 1.70e-04  5.81e+00  12638s
 101   6.80478590e+08  6.59864450e+08  9.33e+02 1.54e-04  5.39e+00  12722s
 102   6.79501931e+08  6.60467370e+08  8.26e+02 1.46e-04  4.92e+00  12811s
 103   6.79049196e+08  6.61157318e+08  7.75e+02 1.38e-04  4.61e+00  12898s
 104   6.78091341e+08  6.62384566e+08  6.67e+02 1.23e-04  4.00e+00  12987s
 105   6.76806627e+08  6.64720504e+08  5.21e+02 9.40e-05  3.05e+00  13071s
 106   6.76132375e+08  6.65578370e+08  4.44e+02 8.32e-05  2.64e+00  13157s
 107   6.75246369e+08  6.67447957e+08  3.42e+02 7.48e-05  1.94e+00  13248s
 108   6.74768833e+08  6.68813544e+08  2.86e+02 5.33e-05  1.50e+00  13322s
 109   6.74408315e+08  6.69390361e+08  2.43e+02 4.67e-05  1.26e+00  13397s
 110   6.74112915e+08  6.69829688e+08  2.09e+02 3.98e-05  1.07e+00  13503s
 111   6.73998822e+08  6.69971400e+08  1.95e+02 3.75e-05  1.01e+00  13561s
 112   6.73927810e+08  6.70057421e+08  1.87e+02 3.60e-05  9.65e-01  13627s
 113   6.73718729e+08  6.70376569e+08  1.62e+02 2.73e-05  8.31e-01  13687s
 114   6.73574132e+08  6.70438357e+08  1.45e+02 2.64e-05  7.72e-01  13787s
 115   6.73456054e+08  6.70691403e+08  1.31e+02 2.17e-05  6.83e-01  13836s
 116   6.73280055e+08  6.70997558e+08  1.10e+02 1.78e-05  5.64e-01  13956s
 117   6.73118013e+08  6.71129556e+08  9.15e+01 1.58e-05  4.86e-01  14053s
 118   6.72999491e+08  6.71340026e+08  7.78e+01 1.32e-05  4.06e-01  14198s
 119   6.72923507e+08  6.71500923e+08  6.89e+01 1.11e-05  3.50e-01  14294s
 120   6.72855062e+08  6.71642301e+08  6.10e+01 9.52e-06  3.00e-01  14410s
 121   6.72765001e+08  6.71737782e+08  5.03e+01 8.83e-06  2.52e-01  14535s
 122   6.72732658e+08  6.71869113e+08  4.67e+01 8.42e-06  2.16e-01  14652s
 123   6.72681985e+08  6.71897506e+08  4.08e+01 8.23e-06  1.94e-01  14783s
 124   6.72648391e+08  6.71958342e+08  3.70e+01 7.34e-06  1.72e-01  14859s
 125   6.72580493e+08  6.72003717e+08  2.93e+01 6.81e-06  1.42e-01  14942s
 126   6.72535807e+08  6.72059007e+08  2.42e+01 6.04e-06  1.17e-01  15134s
 127   6.72503455e+08  6.72143544e+08  2.06e+01 7.36e-06  9.05e-02  15250s
 128   6.72456937e+08  6.72171476e+08  1.54e+01 7.23e-06  7.10e-02  15356s
 129   6.72440904e+08  6.72190466e+08  1.36e+01 7.56e-06  6.24e-02  15449s
 130   6.72427647e+08  6.72226533e+08  1.22e+01 9.65e-06  5.11e-02  15528s
 131   6.72397691e+08  6.72246680e+08  8.83e+00 9.40e-06  3.81e-02  15592s
 132   6.72378172e+08  6.72263851e+08  6.66e+00 1.01e-05  2.88e-02  15667s
 133   6.72359567e+08  6.72283181e+08  4.55e+00 9.69e-06  1.95e-02  15758s
 134   6.72349884e+08  6.72291454e+08  3.51e+00 2.96e-05  1.49e-02  15810s
 135   6.72343334e+08  6.72297412e+08  2.80e+00 2.48e-05  1.18e-02  15866s
 136   6.72339254e+08  6.72301381e+08  2.33e+00 3.66e-05  9.75e-03  15900s
 137   6.72334755e+08  6.72303081e+08  1.85e+00 4.36e-05  8.14e-03  15935s
 138   6.72329987e+08  6.72306829e+08  1.34e+00 3.52e-05  5.98e-03  15987s
 139   6.72326536e+08  6.72309111e+08  9.77e-01 3.70e-05  4.49e-03  16054s
 140   6.72324008e+08  6.72311530e+08  7.20e-01 4.67e-05  3.25e-03  16116s
 141   6.72323287e+08  6.72312617e+08  6.42e-01 4.82e-05  2.83e-03  16166s
 142   6.72321092e+08  6.72314075e+08  4.10e-01 3.91e-05  1.88e-03  16219s
 143   6.72320132e+08  6.72314874e+08  3.08e-01 3.65e-05  1.42e-03  16261s
 144   6.72319346e+08  6.72315426e+08  2.29e-01 4.76e-05  1.07e-03  16294s
 145   6.72318796e+08  6.72315677e+08  1.74e-01 6.64e-05  8.52e-04  16331s
 146   6.72318796e+08  6.72315677e+08  1.74e-01 6.64e-05  8.52e-04  16364s
 147   6.72318796e+08  6.72315677e+08  1.74e-01 6.64e-05  8.52e-04  16394s
 148   6.72318796e+08  6.72315646e+08  1.74e-01 6.64e-05  8.54e-04  16432s
 149   6.72318796e+08  6.72315646e+08  1.74e-01 6.64e-05  8.54e-04  16454s
 150   6.72318796e+08  6.72315646e+08  1.74e-01 6.64e-05  8.54e-04  16487s
 151   6.72318795e+08  6.72315646e+08  1.74e-01 6.64e-05  8.54e-04  16529s
 152   6.72318795e+08  6.72315647e+08  1.74e-01 6.64e-05  8.54e-04  16562s
 153   6.72318788e+08  6.72315647e+08  1.73e-01 6.64e-05  8.52e-04  16595s
 154   6.72318787e+08  6.72315651e+08  1.73e-01 6.67e-05  8.50e-04  16618s
 155   6.72318734e+08  6.72315674e+08  1.68e-01 6.84e-05  8.29e-04  16644s

Barrier solved model in 155 iterations and 16644.21 seconds
Optimal objective 6.72321092e+08


User-callback calls 317225, time in user-callback 0.31 sec
Saving to: 20231007-145526
Success!
