Estimated Revenue Requirement = 211200000 per year
Estimated Ratebase = 1.462153846153846e9
BAU Gas Costs = 2.0465077577888313e8
ShutDown Gas Costs = [3.1972430769230765e8, 0.0, 0.0, 0.0, 0.0]
BAU Gas Costs = 2.001081602378462e8
ShutDown Gas Costs = [2.520221538461538e8, 8.719753846153846e7, 0.0, 0.0, 0.0]
BAU Gas Costs = 1.9567798009553784e8
ShutDown Gas Costs = [2.0323938461538458e8, 1.1551015384615383e8, 3.996553846153846e7, 0.0, 0.0]
BAU Gas Costs = 1.9135745243564636e8
ShutDown Gas Costs = [1.7323041758241755e8, 1.1613679120879118e8, 6.60058021978022e7, 2.283745054945055e7, 0.0]
PARAMETERS
T_inv: 5
N_Periods: 8
Clustering case: ward
Linked storage: 1
Linked generation: 0
Steady state elec: 1
Steady state gas: 0
Max offset electric: [0.0, 0.0, 0.0, 0.0, 0.0]
Max offset gas: [0.0, 0.0, 0.0, 0.0, 0.0]
Offset cost: [650, 500, 550, 500, 450]
Gas quality: Nodal
Max H2 injection frac: 0.0
Max appliance retirement multiplier: 2
Max biomethane share: 0.1
EI trajectory electric: [400, 200, 100, 50, 0]
EI trajectory gas: [200, 150, 100, 50, 0]
Electric transmission expansion: 0
Electric transmission expansion cost: 0.93 $/MW-m
Multi-day Storage: 0
Pumped Hydro Storage: 0
Check weights :
[0.29315068493150687, 0.12054794520547946, 0.10136986301369863, 0.030136986301369864, 0.024657534246575342, 0.2273972602739726, 0.12876712328767123, 0.07397260273972603]
Check medoids :
[249.0, 341.0, 18.0, 13.0, 54.0, 231.0, 207.0, 137.0]
┌ Warning: Axis contains one element: 1. If intended, you can safely ignore this warning. To explicitly pass the axis with one element, pass `[1]` instead of `1`.
└ @ JuMP.Containers ~/.julia/packages/JuMP/yYfHy/src/Containers/DenseAxisArray.jl:173
┌ Warning: Axis contains one element: 1. If intended, you can safely ignore this warning. To explicitly pass the axis with one element, pass `[1]` instead of `1`.
└ @ JuMP.Containers ~/.julia/packages/JuMP/yYfHy/src/Containers/DenseAxisArray.jl:173
┌ Warning: Axis contains one element: 1. If intended, you can safely ignore this warning. To explicitly pass the axis with one element, pass `[1]` instead of `1`.
└ @ JuMP.Containers ~/.julia/packages/JuMP/yYfHy/src/Containers/DenseAxisArray.jl:173
┌ Warning: Axis contains one element: 1. If intended, you can safely ignore this warning. To explicitly pass the axis with one element, pass `[1]` instead of `1`.
└ @ JuMP.Containers ~/.julia/packages/JuMP/yYfHy/src/Containers/DenseAxisArray.jl:173
┌ Warning: Axis contains one element: 1. If intended, you can safely ignore this warning. To explicitly pass the axis with one element, pass `[1]` instead of `1`.
└ @ JuMP.Containers ~/.julia/packages/JuMP/yYfHy/src/Containers/DenseAxisArray.jl:173
┌ Warning: Axis contains one element: 1. If intended, you can safely ignore this warning. To explicitly pass the axis with one element, pass `[1]` instead of `1`.
└ @ JuMP.Containers ~/.julia/packages/JuMP/yYfHy/src/Containers/DenseAxisArray.jl:173
┌ Warning: Axis contains one element: 1. If intended, you can safely ignore this warning. To explicitly pass the axis with one element, pass `[1]` instead of `1`.
└ @ JuMP.Containers ~/.julia/packages/JuMP/yYfHy/src/Containers/DenseAxisArray.jl:173
┌ Warning: Axis contains one element: 1. If intended, you can safely ignore this warning. To explicitly pass the axis with one element, pass `[1]` instead of `1`.
└ @ JuMP.Containers ~/.julia/packages/JuMP/yYfHy/src/Containers/DenseAxisArray.jl:173
┌ Warning: Axis contains one element: 1. If intended, you can safely ignore this warning. To explicitly pass the axis with one element, pass `[1]` instead of `1`.
└ @ JuMP.Containers ~/.julia/packages/JuMP/yYfHy/src/Containers/DenseAxisArray.jl:173
┌ Warning: Axis contains one element: 1. If intended, you can safely ignore this warning. To explicitly pass the axis with one element, pass `[1]` instead of `1`.
└ @ JuMP.Containers ~/.julia/packages/JuMP/yYfHy/src/Containers/DenseAxisArray.jl:173
┌ Warning: Axis contains one element: 1. If intended, you can safely ignore this warning. To explicitly pass the axis with one element, pass `[1]` instead of `1`.
└ @ JuMP.Containers ~/.julia/packages/JuMP/yYfHy/src/Containers/DenseAxisArray.jl:173
┌ Warning: Axis contains one element: 1. If intended, you can safely ignore this warning. To explicitly pass the axis with one element, pass `[1]` instead of `1`.
└ @ JuMP.Containers ~/.julia/packages/JuMP/yYfHy/src/Containers/DenseAxisArray.jl:173
┌ Warning: Axis contains one element: 1. If intended, you can safely ignore this warning. To explicitly pass the axis with one element, pass `[1]` instead of `1`.
└ @ JuMP.Containers ~/.julia/packages/JuMP/yYfHy/src/Containers/DenseAxisArray.jl:173
┌ Warning: Axis contains one element: 1. If intended, you can safely ignore this warning. To explicitly pass the axis with one element, pass `[1]` instead of `1`.
└ @ JuMP.Containers ~/.julia/packages/JuMP/yYfHy/src/Containers/DenseAxisArray.jl:173
Gurobi Optimizer version 9.0.3 build v9.0.3rc0 (linux64)
Optimize a model with 7145584 rows, 2375255 columns and 42173853 nonzeros
Model fingerprint: 0x20221fbe
Coefficient statistics:
  Matrix range     [3e-05, 3e+07]
  Objective range  [2e-04, 9e+06]
  Bounds range     [1e+00, 5e+03]
  RHS range        [2e-06, 1e+11]
Warning: Model contains large rhs
Presolve removed 1990073 rows and 450000 columns (presolve time = 5s) ...
Presolve removed 2300359 rows and 760286 columns (presolve time = 10s) ...
Presolve removed 2300359 rows and 760286 columns (presolve time = 15s) ...
Presolve removed 2300359 rows and 760286 columns (presolve time = 20s) ...
Presolve removed 2300359 rows and 760286 columns (presolve time = 25s) ...
Presolve removed 2300359 rows and 760286 columns (presolve time = 30s) ...
Presolve removed 2300359 rows and 760286 columns (presolve time = 35s) ...
Presolve removed 2300359 rows and 760286 columns (presolve time = 40s) ...
Presolve removed 2300359 rows and 760286 columns (presolve time = 45s) ...
Presolve removed 2300359 rows and 760286 columns (presolve time = 50s) ...
Presolve removed 2300359 rows and 760286 columns (presolve time = 55s) ...
Presolve removed 2300359 rows and 760286 columns (presolve time = 60s) ...
Presolve removed 2300359 rows and 760286 columns (presolve time = 65s) ...
Presolve removed 2300359 rows and 760286 columns (presolve time = 70s) ...
Presolve removed 2300359 rows and 760286 columns (presolve time = 75s) ...
Presolve removed 2300359 rows and 760286 columns (presolve time = 80s) ...
Presolve removed 2300359 rows and 760286 columns (presolve time = 85s) ...
Presolve removed 2300359 rows and 760286 columns (presolve time = 90s) ...
Presolve removed 2300359 rows and 760286 columns (presolve time = 95s) ...
Presolve removed 2300359 rows and 760286 columns (presolve time = 100s) ...
Presolve removed 2300359 rows and 760286 columns (presolve time = 105s) ...
Presolve removed 2300359 rows and 760286 columns (presolve time = 110s) ...
Presolve removed 2300359 rows and 760286 columns (presolve time = 115s) ...
Presolve removed 2300359 rows and 760286 columns (presolve time = 120s) ...
Presolve removed 2300359 rows and 760286 columns (presolve time = 125s) ...
Presolve removed 2300359 rows and 760286 columns (presolve time = 130s) ...
Presolve removed 2300359 rows and 760286 columns (presolve time = 135s) ...
Presolve removed 2300359 rows and 760286 columns (presolve time = 140s) ...
Presolve removed 2300359 rows and 760286 columns (presolve time = 145s) ...
Presolve removed 2300359 rows and 760286 columns (presolve time = 150s) ...
Presolve removed 2300359 rows and 760286 columns (presolve time = 155s) ...
Presolve removed 2300359 rows and 760286 columns (presolve time = 160s) ...
Presolve removed 2300359 rows and 760286 columns (presolve time = 165s) ...
Presolve removed 2300359 rows and 760286 columns (presolve time = 170s) ...
Presolve removed 2300359 rows and 760286 columns (presolve time = 175s) ...
Presolve removed 2300359 rows and 760286 columns (presolve time = 180s) ...
Presolve removed 2300359 rows and 760286 columns (presolve time = 185s) ...
Presolve removed 2300359 rows and 760286 columns (presolve time = 190s) ...
Presolve removed 2300359 rows and 760286 columns (presolve time = 195s) ...
Presolve removed 2300359 rows and 760286 columns (presolve time = 200s) ...
Presolve removed 2300359 rows and 760286 columns (presolve time = 205s) ...
Presolve removed 2300359 rows and 760286 columns (presolve time = 210s) ...
Presolve removed 2300359 rows and 760286 columns (presolve time = 215s) ...
Presolve removed 2300359 rows and 760286 columns (presolve time = 220s) ...
Presolve removed 2300359 rows and 760286 columns (presolve time = 225s) ...
Presolve removed 2300359 rows and 760286 columns (presolve time = 230s) ...
Presolve removed 2300359 rows and 760286 columns (presolve time = 235s) ...
Presolve removed 2300359 rows and 760286 columns (presolve time = 240s) ...
Presolve removed 2300359 rows and 760286 columns (presolve time = 245s) ...
Presolve removed 2300359 rows and 760286 columns (presolve time = 250s) ...
Presolve removed 2300359 rows and 760286 columns (presolve time = 255s) ...
Presolve removed 2300359 rows and 760286 columns (presolve time = 260s) ...
Presolve removed 2300359 rows and 760286 columns (presolve time = 265s) ...
Presolve removed 2300359 rows and 760286 columns (presolve time = 270s) ...
Presolve removed 2300359 rows and 760286 columns (presolve time = 275s) ...
Presolve removed 3238879 rows and 760286 columns (presolve time = 281s) ...
Presolve removed 3261410 rows and 769980 columns (presolve time = 285s) ...
Presolve removed 3261410 rows and 769980 columns (presolve time = 290s) ...
Presolve removed 3261410 rows and 769980 columns (presolve time = 295s) ...
Presolve removed 3261410 rows and 769980 columns (presolve time = 300s) ...
Presolve removed 3261410 rows and 769980 columns (presolve time = 305s) ...
Presolve removed 3261410 rows and 769980 columns (presolve time = 310s) ...
Presolve removed 3261410 rows and 769980 columns (presolve time = 315s) ...
Presolve removed 3261410 rows and 769980 columns (presolve time = 320s) ...
Presolve removed 3261410 rows and 769980 columns (presolve time = 325s) ...
Presolve removed 3261410 rows and 769980 columns (presolve time = 330s) ...
Presolve removed 3261410 rows and 769980 columns (presolve time = 335s) ...
Presolve removed 3261410 rows and 769980 columns (presolve time = 340s) ...
Presolve removed 3261410 rows and 769980 columns (presolve time = 345s) ...
Presolve removed 3261410 rows and 769980 columns (presolve time = 350s) ...
Presolve removed 3261410 rows and 769980 columns (presolve time = 355s) ...
Presolve removed 3261410 rows and 769980 columns (presolve time = 360s) ...
Presolve removed 3261410 rows and 769980 columns (presolve time = 365s) ...
Presolve removed 3261410 rows and 769980 columns (presolve time = 370s) ...
Presolve removed 3261410 rows and 769980 columns (presolve time = 375s) ...
Presolve removed 3261410 rows and 769980 columns (presolve time = 380s) ...
Presolve removed 3261410 rows and 769980 columns (presolve time = 385s) ...
Presolve removed 3261410 rows and 769980 columns (presolve time = 390s) ...
Presolve removed 3261410 rows and 769980 columns (presolve time = 395s) ...
Presolve removed 3261410 rows and 769980 columns (presolve time = 400s) ...
Presolve removed 3261410 rows and 769980 columns (presolve time = 405s) ...
Presolve removed 3261410 rows and 769980 columns (presolve time = 410s) ...
Presolve removed 3261410 rows and 769980 columns (presolve time = 415s) ...
Presolve removed 3261410 rows and 769980 columns (presolve time = 420s) ...
Presolve removed 3261410 rows and 769980 columns (presolve time = 425s) ...
Presolve removed 3261410 rows and 769980 columns (presolve time = 430s) ...
Presolve removed 3261410 rows and 769980 columns (presolve time = 435s) ...
Presolve removed 3261410 rows and 769980 columns (presolve time = 440s) ...
Presolve removed 3261410 rows and 769980 columns (presolve time = 445s) ...
Presolve removed 3261410 rows and 769980 columns (presolve time = 450s) ...
Presolve removed 3261410 rows and 769980 columns (presolve time = 455s) ...
Presolve removed 3261410 rows and 769980 columns (presolve time = 460s) ...
Presolve removed 3261410 rows and 769980 columns (presolve time = 465s) ...
Presolve removed 3261410 rows and 769980 columns (presolve time = 470s) ...
Presolve removed 3261410 rows and 769980 columns (presolve time = 475s) ...
Presolve removed 3261410 rows and 769980 columns (presolve time = 480s) ...
Presolve removed 3261410 rows and 769980 columns (presolve time = 485s) ...
Presolve removed 3261410 rows and 769980 columns (presolve time = 490s) ...
Presolve removed 3261410 rows and 769980 columns (presolve time = 495s) ...
Presolve removed 3261410 rows and 769980 columns (presolve time = 500s) ...
Presolve removed 3261410 rows and 769980 columns (presolve time = 505s) ...
Presolve removed 3261410 rows and 769980 columns (presolve time = 510s) ...
Presolve removed 3261410 rows and 769980 columns (presolve time = 515s) ...
Presolve removed 3261410 rows and 769980 columns (presolve time = 520s) ...
Presolve removed 3261410 rows and 769980 columns (presolve time = 525s) ...
Presolve removed 3313537 rows and 770094 columns (presolve time = 530s) ...
Presolve removed 3313537 rows and 770094 columns (presolve time = 535s) ...
Presolve removed 3313537 rows and 770094 columns (presolve time = 540s) ...
Presolve removed 3313537 rows and 770094 columns (presolve time = 545s) ...
Presolve removed 3313537 rows and 770094 columns (presolve time = 550s) ...
Presolve removed 3313537 rows and 770094 columns (presolve time = 555s) ...
Presolve removed 3313537 rows and 770094 columns (presolve time = 560s) ...
Presolve removed 3313537 rows and 770094 columns (presolve time = 565s) ...
Presolve removed 3313537 rows and 770094 columns (presolve time = 570s) ...
Presolve removed 3313537 rows and 770094 columns (presolve time = 575s) ...
Presolve removed 3313537 rows and 770094 columns (presolve time = 580s) ...
Presolve removed 3313537 rows and 770094 columns (presolve time = 585s) ...
Presolve removed 3313537 rows and 770094 columns (presolve time = 590s) ...
Presolve removed 3313537 rows and 770094 columns (presolve time = 595s) ...
Presolve removed 3313537 rows and 770094 columns (presolve time = 600s) ...
Presolve removed 3313537 rows and 770094 columns (presolve time = 605s) ...
Presolve removed 3313537 rows and 770094 columns (presolve time = 610s) ...
Presolve removed 3313537 rows and 770094 columns (presolve time = 615s) ...
Presolve removed 3313537 rows and 770094 columns (presolve time = 620s) ...
Presolve removed 3313537 rows and 770094 columns (presolve time = 625s) ...
Presolve removed 3313537 rows and 770094 columns (presolve time = 630s) ...
Presolve removed 3313537 rows and 770094 columns (presolve time = 635s) ...
Presolve removed 3313537 rows and 770094 columns (presolve time = 640s) ...
Presolve removed 3313537 rows and 770094 columns (presolve time = 645s) ...
Presolve removed 3313537 rows and 770094 columns (presolve time = 650s) ...
Presolve removed 3313537 rows and 770094 columns (presolve time = 655s) ...
Presolve removed 3313537 rows and 770094 columns (presolve time = 660s) ...
Presolve removed 3313537 rows and 770094 columns (presolve time = 665s) ...
Presolve removed 3313537 rows and 770094 columns (presolve time = 670s) ...
Presolve removed 3313537 rows and 770094 columns (presolve time = 675s) ...
Presolve removed 3313537 rows and 770094 columns (presolve time = 680s) ...
Presolve removed 3313537 rows and 770094 columns (presolve time = 685s) ...
Presolve removed 3313537 rows and 770094 columns (presolve time = 690s) ...
Presolve removed 3313537 rows and 770094 columns (presolve time = 695s) ...
Presolve removed 3313537 rows and 770094 columns (presolve time = 700s) ...
Presolve removed 3313537 rows and 770094 columns (presolve time = 705s) ...
Presolve removed 3313537 rows and 770094 columns (presolve time = 710s) ...
Presolve removed 3313537 rows and 770094 columns (presolve time = 715s) ...
Presolve removed 3313537 rows and 770094 columns (presolve time = 720s) ...
Presolve removed 3313537 rows and 770094 columns (presolve time = 725s) ...
Presolve removed 3313537 rows and 770094 columns (presolve time = 730s) ...
Presolve removed 3313537 rows and 770094 columns (presolve time = 735s) ...
Presolve removed 3313537 rows and 770094 columns (presolve time = 740s) ...
Presolve removed 3313537 rows and 770094 columns (presolve time = 745s) ...
Presolve removed 3313537 rows and 770094 columns (presolve time = 750s) ...
Presolve removed 3313537 rows and 770094 columns (presolve time = 755s) ...
Presolve removed 3313537 rows and 770094 columns (presolve time = 760s) ...
Presolve removed 3313537 rows and 770094 columns (presolve time = 765s) ...
Presolve removed 3313537 rows and 770094 columns (presolve time = 770s) ...
Presolve removed 3313537 rows and 770094 columns (presolve time = 775s) ...
Presolve removed 3334796 rows and 770094 columns
Presolve time: 779.17s
Presolved: 3810788 rows, 1626309 columns, 24301876 nonzeros
Elapsed ordering time = 5s
Elapsed ordering time = 10s
Elapsed ordering time = 15s
Elapsed ordering time = 20s
Elapsed ordering time = 25s
Elapsed ordering time = 30s
Ordering time: 34.10s

Barrier statistics:
 Dense cols : 3102
 AA' NZ     : 4.557e+08
 Factor NZ  : 6.844e+08 (roughly 8.0 GBytes of memory)
 Factor Ops : 5.825e+11 (roughly 2 seconds per iteration)
 Threads    : 46

                  Objective                Residual
Iter       Primal          Dual         Primal    Dual     Compl     Time
   0   1.04870042e+17 -1.79598513e+18  9.57e+13 1.88e+04  1.17e+15   855s
   1   1.09341707e+17 -6.45887791e+17  8.93e+13 3.86e+04  1.12e+15   864s
   2   1.11235989e+17 -2.93546257e+18  8.68e+13 5.80e+04  1.04e+15   874s
   3   1.14406645e+17 -5.32089761e+18  8.29e+13 6.08e+04  9.89e+14   886s
   4   1.32659270e+17 -5.17800518e+18  8.13e+13 8.80e+04  1.07e+15   899s
   5   1.45374823e+17 -5.09592250e+18  8.00e+13 9.03e+04  1.10e+15   915s
   6   1.58753219e+17 -4.82880403e+18  7.80e+13 8.51e+04  1.16e+15   934s
   7   1.74229055e+17 -4.56551255e+18  7.50e+13 8.13e+04  1.21e+15   954s
   8   1.87573418e+17 -3.99053558e+18  7.04e+13 7.22e+04  1.24e+15   973s
   9   1.83362777e+17 -3.27591638e+18  6.07e+13 6.02e+04  1.11e+15   992s
  10   1.73689712e+17 -2.47744310e+18  5.24e+13 4.50e+04  9.02e+14  1010s
  11   1.52295352e+17 -1.82326925e+18  4.16e+13 3.34e+04  7.11e+14  1029s
  12   1.32607892e+17 -1.24770827e+18  3.45e+13 2.28e+04  6.09e+14  1048s
  13   1.12231119e+17 -7.82176455e+17  2.83e+13 1.41e+04  6.13e+14  1067s
  14   9.41037149e+16 -4.62414311e+17  2.31e+13 8.36e+03  5.12e+14  1086s
  15   3.58275122e+16 -2.89068772e+17  8.26e+12 5.15e+03  1.63e+14  1120s
  16   6.43629443e+15 -6.86729125e+16  1.41e+12 1.21e+03  1.01e+13  1148s
  17   8.81006136e+14 -1.67858349e+16  1.86e+11 2.96e+02  4.17e+11  1171s
  18   2.96926780e+14 -8.04274472e+15  6.06e+10 1.42e+02  9.47e+10  1188s
  19   1.44515987e+14 -4.66752626e+15  2.83e+10 8.18e+01  3.69e+10  1203s
  20   6.04582224e+13 -2.50768129e+15  1.12e+10 4.37e+01  1.23e+10  1219s
  21   3.47958618e+13 -1.57523307e+15  6.09e+09 2.72e+01  6.11e+09  1233s
  22   1.95302153e+13 -9.58508769e+14  3.25e+09 1.64e+01  3.01e+09  1243s
  23   1.23686176e+13 -5.00890513e+14  1.99e+09 8.49e+00  1.68e+09  1254s
  24   8.48446364e+12 -3.25379835e+14  1.34e+09 5.48e+00  1.07e+09  1264s
  25   6.79716161e+12 -2.28612514e+14  1.06e+09 3.81e+00  8.08e+08  1274s
  26   5.53056410e+12 -1.75281310e+14  8.59e+08 2.89e+00  6.31e+08  1285s
  27   4.21056290e+12 -1.61660700e+14  6.45e+08 2.65e+00  4.77e+08  1295s
  28   3.52955964e+12 -1.31221291e+14  5.34e+08 2.11e+00  3.90e+08  1308s
  29   2.93242886e+12 -1.09541987e+14  4.35e+08 1.69e+00  3.22e+08  1324s
  30   2.08514628e+12 -9.14652874e+13  2.97e+08 1.35e+00  2.24e+08  1343s
  31   1.67954706e+12 -8.18717432e+13  2.34e+08 1.20e+00  1.80e+08  1362s
  32   1.39315278e+12 -6.77255654e+13  1.89e+08 9.73e-01  1.45e+08  1381s
  33   1.09064053e+12 -5.43909082e+13  1.44e+08 7.57e-01  1.09e+08  1400s
  34   8.36539341e+11 -3.51698309e+13  1.07e+08 4.51e-01  7.66e+07  1419s
  35   6.08958229e+11 -2.31219180e+13  7.65e+07 2.70e-01  5.05e+07  1439s
  36   3.18092619e+11 -9.21394684e+12  3.77e+07 8.86e-02  1.91e+07  1458s
  37   2.39051359e+11 -4.50416131e+12  2.65e+07 3.13e-02  1.07e+07  1474s
  38   1.95168745e+11 -2.93647432e+12  1.99e+07 1.47e-02  6.84e+06  1491s
  39   1.64077292e+11 -2.00419396e+12  1.53e+07 9.68e-03  4.50e+06  1505s
  40   1.37696462e+11 -1.48650853e+12  1.14e+07 8.29e-03  2.90e+06  1517s
  41   1.23227854e+11 -1.04728838e+12  9.29e+06 6.74e-03  1.99e+06  1529s
  42   1.09737286e+11 -9.64701781e+11  7.30e+06 6.38e-03  1.54e+06  1541s
  43   1.02488299e+11 -8.19937064e+11  6.23e+06 5.96e-03  1.24e+06  1553s
  44   9.83988195e+10 -7.36668912e+11  5.65e+06 5.52e-03  1.08e+06  1568s
  45   8.69263108e+10 -6.06562788e+11  4.19e+06 4.85e-03  7.57e+05  1585s
  46   7.20793304e+10 -4.73050416e+11  3.14e+06 4.26e-03  5.25e+05  1607s
  47   5.38864287e+10 -3.69716758e+11  2.26e+06 3.73e-03  3.55e+05  1629s
  48   4.03959360e+10 -2.75029132e+11  1.77e+06 3.05e-03  2.50e+05  1650s
  49   3.15625134e+10 -1.97734338e+11  1.42e+06 2.46e-03  1.78e+05  1671s
  50   2.57760161e+10 -1.38890132e+11  1.18e+06 1.87e-03  1.29e+05  1693s
  51   1.94020745e+10 -1.01309982e+11  8.97e+05 1.43e-03  8.89e+04  1715s
  52   1.62006961e+10 -7.67297293e+10  7.49e+05 1.12e-03  6.69e+04  1736s
  53   1.23630322e+10 -6.15127695e+10  5.69e+05 9.15e-04  4.80e+04  1757s
  54   9.39214325e+09 -4.78125523e+10  4.33e+05 7.24e-04  3.40e+04  1781s
  55   8.17552074e+09 -3.54475837e+10  3.79e+05 5.52e-04  2.62e+04  1803s
  56   6.62980947e+09 -3.34798062e+10  3.05e+05 5.24e-04  2.17e+04  1821s
  57   5.40206877e+09 -2.20994860e+10  2.48e+05 3.60e-04  1.49e+04  1850s
  58   4.37010453e+09 -1.73739273e+10  1.97e+05 2.88e-04  1.11e+04  1890s
  59   3.98247880e+09 -1.28423755e+10  1.77e+05 2.19e-04  8.73e+03  1932s
  60   3.51479452e+09 -1.23627752e+10  1.51e+05 2.12e-04  7.70e+03  1961s
  61   3.11672556e+09 -1.15191245e+10  1.30e+05 1.99e-04  6.69e+03  1991s
  62   2.89951558e+09 -9.18182120e+09  1.17e+05 1.62e-04  5.53e+03  2035s
  63   2.65914851e+09 -8.45538744e+09  1.04e+05 1.51e-04  4.88e+03  2065s
  64   2.40512195e+09 -7.19924767e+09  8.97e+04 1.31e-04  4.07e+03  2102s
  65   2.25377229e+09 -5.43629111e+09  8.10e+04 1.03e-04  3.30e+03  2148s
  66   2.14462642e+09 -4.35469099e+09  7.46e+04 8.58e-05  2.81e+03  2195s
  67   1.95408078e+09 -3.80609496e+09  6.38e+04 7.69e-05  2.39e+03  2247s
  68   1.84974072e+09 -2.94687357e+09  5.75e+04 6.30e-05  2.00e+03  2300s
  69   1.77730517e+09 -2.76081507e+09  5.32e+04 6.00e-05  1.85e+03  2354s
  70   1.70225360e+09 -2.27820280e+09  4.87e+04 5.22e-05  1.63e+03  2415s
  71   1.64024224e+09 -1.98566168e+09  4.50e+04 4.74e-05  1.47e+03  2471s
  72   1.56850230e+09 -1.71452200e+09  4.03e+04 4.30e-05  1.32e+03  2530s
  73   1.52061279e+09 -1.15712510e+09  3.66e+04 3.42e-05  1.17e+03  2594s
  74   1.49888634e+09 -9.50471773e+08  3.22e+04 3.11e-05  1.13e+03  2661s
  75   1.51250523e+09 -7.19759911e+08  2.98e+04 2.80e-05  1.21e+03  2729s
  76   1.61797038e+09 -4.89203456e+08  2.87e+04 2.49e-05  1.39e+03  2801s
  77   1.82551034e+09  7.35037418e+06  2.81e+04 1.96e-05  2.31e+03  2856s
  78   2.06279491e+09  4.97968005e+08  2.78e+04 1.32e-05  3.76e+03  2932s
  79   2.55237537e+09  8.08190626e+08  2.76e+04 8.42e-06  5.35e+03  2997s
  80   2.84177218e+09  1.47049888e+09  2.75e+04 7.17e-06  7.88e+03  3047s
  81   3.51169808e+09  2.75908602e+09  2.74e+04 1.12e-05  1.40e+04  3084s
  82   5.74664015e+09  4.87239041e+09  2.74e+04 3.59e-05  2.76e+04  3114s
  83   8.20514256e+09  1.05328738e+10  2.73e+04 8.98e-05  6.48e+04  3138s
  84   1.08646331e+10  2.60401292e+10  2.73e+04 3.69e-04  2.45e+05  3152s
  85   2.64452600e+10  3.97792047e+10  2.73e+04 4.95e-04  6.79e+05  3165s
  86   4.06632229e+10  7.10816213e+10  2.73e+04 2.37e-03  1.63e+06  3178s
  87   5.45934698e+10  1.02300958e+11  2.73e+04 7.12e-03  3.86e+06  3191s
  88   5.83838360e+10  1.22672965e+11  2.72e+04 1.43e-02  1.16e+07  3204s
  89   7.98015211e+10  1.48402652e+11  2.72e+04 7.77e-02  5.99e+07  3216s
  90   1.90240117e+11  2.62582241e+11  2.72e+04 4.76e-01  3.27e+08  3229s
  91   7.94569217e+11  8.85860438e+11  2.72e+04 8.92e+00  1.79e+09  3240s
  92*  4.09830928e+12  4.29294030e+12  1.25e+02 1.16e-01  4.65e+04  3253s
  93*  2.21587755e+13  2.29182847e+13  2.29e+01 1.57e-01  8.50e+03  3266s
  94*  1.20889371e+14  1.24736876e+14  4.19e+00 1.21e-01  1.56e+03  3279s
  95*  6.60616865e+14  6.81345416e+14  7.66e-01 1.50e-01  2.85e+02  3291s
  96*  3.61112748e+15  3.72406828e+15  1.40e-01 1.36e-01  5.21e+01  3310s
  97*  1.97403433e+16  2.02862651e+16  2.56e-02 1.57e-01  9.49e+00  3336s
  98*  1.07913640e+17  1.11217383e+17  4.69e-03 1.69e-01  1.74e+00  3360s
  99*  5.89927698e+17  6.08307522e+17  8.57e-04 3.32e-01  3.18e-01  3378s
 100*  3.22493762e+18  3.32573390e+18  1.57e-04 1.51e+00  5.81e-02  3396s
 101*  1.76296594e+19  1.81809974e+19  2.87e-05 5.33e-01  1.06e-02  3414s
 102*  9.63754629e+19  9.93897728e+19  5.25e-06 3.35e+00  1.94e-03  3431s
 103*  5.26852304e+20  5.43331045e+20  9.60e-07 2.84e+00  3.56e-04  3444s
 104*  2.88012520e+21  2.97020893e+21  1.76e-07 2.71e+00  6.50e-05  3456s

Barrier performed 104 iterations in 3456.42 seconds
Infeasible model


User-callback calls 265420, time in user-callback 0.21 sec
ERROR: LoadError: Result index of attribute MathOptInterface.VariablePrimal(1) out of bounds. There are currently 0 solution(s) in the model.
Stacktrace:
  [1] check_result_index_bounds
    @ ~/.julia/packages/MathOptInterface/8f6oN/src/attributes.jl:207 [inlined]
  [2] get(model::Gurobi.Optimizer, attr::MathOptInterface.VariablePrimal, x::MathOptInterface.VariableIndex)
    @ Gurobi ~/.julia/packages/Gurobi/EKa6j/src/MOI_wrapper/MOI_wrapper.jl:2872
  [3] get(b::MathOptInterface.Bridges.LazyBridgeOptimizer{Gurobi.Optimizer}, attr::MathOptInterface.VariablePrimal, index::MathOptInterface.VariableIndex)
    @ MathOptInterface.Bridges ~/.julia/packages/MathOptInterface/8f6oN/src/Bridges/bridge_optimizer.jl:1195
  [4] get(model::MathOptInterface.Utilities.CachingOptimizer{MathOptInterface.Bridges.LazyBridgeOptimizer{Gurobi.Optimizer}, MathOptInterface.Utilities.UniversalFallback{MathOptInterface.Utilities.Model{Float64}}}, attr::MathOptInterface.VariablePrimal, index::MathOptInterface.VariableIndex)
    @ MathOptInterface.Utilities ~/.julia/packages/MathOptInterface/8f6oN/src/Utilities/cachingoptimizer.jl:911
  [5] _moi_get_result(::MathOptInterface.Utilities.CachingOptimizer{MathOptInterface.Bridges.LazyBridgeOptimizer{Gurobi.Optimizer}, MathOptInterface.Utilities.UniversalFallback{MathOptInterface.Utilities.Model{Float64}}}, ::MathOptInterface.VariablePrimal, ::Vararg{Any})
    @ JuMP ~/.julia/packages/JuMP/yYfHy/src/optimizer_interface.jl:680
  [6] get(model::Model, attr::MathOptInterface.VariablePrimal, v::VariableRef)
    @ JuMP ~/.julia/packages/JuMP/yYfHy/src/optimizer_interface.jl:720
  [7] value(v::VariableRef; result::Int64)
    @ JuMP ~/.julia/packages/JuMP/yYfHy/src/variables.jl:1066
  [8] value
    @ ~/.julia/packages/JuMP/yYfHy/src/variables.jl:1065 [inlined]
  [9] _broadcast_getindex_evalf
    @ ./broadcast.jl:683 [inlined]
 [10] _broadcast_getindex
    @ ./broadcast.jl:656 [inlined]
 [11] getindex
    @ ./broadcast.jl:610 [inlined]
 [12] macro expansion
    @ ./broadcast.jl:974 [inlined]
 [13] macro expansion
    @ ./simdloop.jl:77 [inlined]
 [14] copyto!
    @ ./broadcast.jl:973 [inlined]
 [15] copyto!
    @ ./broadcast.jl:926 [inlined]
 [16] copy
    @ ./broadcast.jl:898 [inlined]
 [17] materialize(bc::Base.Broadcast.Broadcasted{Base.Broadcast.DefaultArrayStyle{2}, Nothing, typeof(value), Tuple{Matrix{VariableRef}}})
    @ Base.Broadcast ./broadcast.jl:873
 [18] top-level scope
    @ ~/BRIDGES/BRIDGES_for_CA/core/data_exports.jl:6
 [19] include(fname::String)
    @ Base.MainInclude ./client.jl:478
 [20] top-level scope
    @ ~/BRIDGES/BRIDGES_for_CA/run_file.jl:43
in expression starting at /home/users/jarupas/BRIDGES/BRIDGES_for_CA/core/data_exports.jl:6
in expression starting at /home/users/jarupas/BRIDGES/BRIDGES_for_CA/run_file.jl:43
srun: error: sh03-14n18: task 0: Exited with exit code 1
srun: Terminating StepId=33092748.0
