Estimated Revenue Requirement = 211200000 per year
Estimated Ratebase = 1.462153846153846e9
BAU Gas Costs = 2.0465077577888313e8
ShutDown Gas Costs = [3.1972430769230765e8, 0.0, 0.0, 0.0, 0.0]
BAU Gas Costs = 2.001081602378462e8
ShutDown Gas Costs = [2.520221538461538e8, 8.719753846153846e7, 0.0, 0.0, 0.0]
BAU Gas Costs = 1.9567798009553784e8
ShutDown Gas Costs = [2.0323938461538458e8, 1.1551015384615383e8, 3.996553846153846e7, 0.0, 0.0]
BAU Gas Costs = 1.9135745243564636e8
ShutDown Gas Costs = [1.7323041758241755e8, 1.1613679120879118e8, 6.60058021978022e7, 2.283745054945055e7, 0.0]
PARAMETERS
T_inv: 5
N_Periods: 1
Clustering case: ward
Linked storage: 0
Linked generation: 0
Steady state elec: 1
Steady state gas: 0
Max offset electric: [0.0, 0.0, 0.0, 0.0, 0.0]
Max offset gas: [0.0, 0.0, 0.0, 0.0, 0.0]
Offset cost: [1600, 1400, 1200, 1000, 800]
Gas quality: Nodal
Max H2 injection frac: 0.0
Max appliance retirement multiplier: 1.5
Max biomethane share: 0.1
EI trajectory electric: [400, 200, 100, 50, 0]
EI trajectory gas: [200, 150, 100, 50, 0]
Electric transmission expansion: 2
Electric transmission expansion cost: 0.93 $/MW-m
Multi-day Storage: 0
Pumped Hydro Storage: 0
Check weights :
[1.0]
Check medoids :
[237.0]
┌ Warning: Axis contains one element: 1. If intended, you can safely ignore this warning. To explicitly pass the axis with one element, pass `[1]` instead of `1`.
└ @ JuMP.Containers ~/.julia/packages/JuMP/yYfHy/src/Containers/DenseAxisArray.jl:173
┌ Warning: Axis contains one element: 1. If intended, you can safely ignore this warning. To explicitly pass the axis with one element, pass `[1]` instead of `1`.
└ @ JuMP.Containers ~/.julia/packages/JuMP/yYfHy/src/Containers/DenseAxisArray.jl:173
┌ Warning: Axis contains one element: 1. If intended, you can safely ignore this warning. To explicitly pass the axis with one element, pass `[1]` instead of `1`.
└ @ JuMP.Containers ~/.julia/packages/JuMP/yYfHy/src/Containers/DenseAxisArray.jl:173
┌ Warning: Axis contains one element: 1. If intended, you can safely ignore this warning. To explicitly pass the axis with one element, pass `[1]` instead of `1`.
└ @ JuMP.Containers ~/.julia/packages/JuMP/yYfHy/src/Containers/DenseAxisArray.jl:173
┌ Warning: Axis contains one element: 1. If intended, you can safely ignore this warning. To explicitly pass the axis with one element, pass `[1]` instead of `1`.
└ @ JuMP.Containers ~/.julia/packages/JuMP/yYfHy/src/Containers/DenseAxisArray.jl:173
┌ Warning: Axis contains one element: 1. If intended, you can safely ignore this warning. To explicitly pass the axis with one element, pass `[1]` instead of `1`.
└ @ JuMP.Containers ~/.julia/packages/JuMP/yYfHy/src/Containers/DenseAxisArray.jl:173
┌ Warning: Axis contains one element: 1. If intended, you can safely ignore this warning. To explicitly pass the axis with one element, pass `[1]` instead of `1`.
└ @ JuMP.Containers ~/.julia/packages/JuMP/yYfHy/src/Containers/DenseAxisArray.jl:173
┌ Warning: Axis contains one element: 1. If intended, you can safely ignore this warning. To explicitly pass the axis with one element, pass `[1]` instead of `1`.
└ @ JuMP.Containers ~/.julia/packages/JuMP/yYfHy/src/Containers/DenseAxisArray.jl:173
┌ Warning: Axis contains one element: 1. If intended, you can safely ignore this warning. To explicitly pass the axis with one element, pass `[1]` instead of `1`.
└ @ JuMP.Containers ~/.julia/packages/JuMP/yYfHy/src/Containers/DenseAxisArray.jl:173
┌ Warning: Axis contains one element: 1. If intended, you can safely ignore this warning. To explicitly pass the axis with one element, pass `[1]` instead of `1`.
└ @ JuMP.Containers ~/.julia/packages/JuMP/yYfHy/src/Containers/DenseAxisArray.jl:173
Gurobi Optimizer version 9.0.3 build v9.0.3rc0 (linux64)
Optimize a model with 1529677 rows, 260820 columns and 7538398 nonzeros
Model fingerprint: 0x179e5510
Coefficient statistics:
  Matrix range     [3e-05, 3e+07]
  Objective range  [2e-04, 9e+06]
  Bounds range     [1e+00, 5e+03]
  RHS range        [2e-06, 1e+11]
Warning: Model contains large rhs
Presolve removed 97807 rows and 1118320 columns
Presolve time: 2.17s
Presolved: 163013 rows, 416357 columns, 2339182 nonzeros

Warning: Thread count (46) is larger than core count (32)
         Reduce the value of the Threads parameter to improve performance

Ordering time: 2.53s
Ordering time: 5.52s

Barrier statistics:
 Dense cols : 284
 Free vars  : 23916
 AA' NZ     : 4.587e+06
 Factor NZ  : 3.179e+07 (roughly 500 MBytes of memory)
 Factor Ops : 1.631e+10 (less than 1 second per iteration)
 Threads    : 46

                  Objective                Residual
Iter       Primal          Dual         Primal    Dual     Compl     Time
   0  -2.36726367e+15  9.66222218e+07  1.41e+08 5.12e+03  1.48e+11     9s
   1  -1.80215247e+15  2.91344614e+12  1.05e+08 2.85e+05  1.14e+11    11s
   2  -1.38680594e+15  5.27306612e+12  7.96e+07 2.66e+05  9.32e+10    13s
   3  -9.45635311e+14  7.14469733e+12  5.26e+07 2.00e+05  6.64e+10    16s
   4  -5.98780244e+14  7.20511330e+12  3.34e+07 1.44e+05  4.23e+10    19s
   5  -2.66009003e+14  6.45449805e+12  1.50e+07 9.34e+04  2.24e+10    23s
   6  -8.99704422e+13  4.77159573e+12  5.13e+06 5.09e+04  8.60e+09    27s
   7  -3.48489237e+13  2.06582453e+12  2.01e+06 1.32e+04  1.39e+09    31s
   8  -1.07389981e+13  8.70136301e+11  6.37e+05 3.47e+03  2.18e+08    33s
   9  -3.93276942e+12  4.21510674e+11  2.36e+05 1.59e+03  5.81e+07    36s
  10  -2.30928068e+12  2.06956389e+11  1.40e+05 6.88e+02  2.07e+07    39s
  11  -1.60593916e+12  1.44895124e+11  9.84e+04 4.29e+02  1.14e+07    41s
  12  -9.66746448e+11  7.99655667e+10  5.98e+04 2.09e+02  4.71e+06    44s
  13  -4.17253845e+11  5.58104646e+10  2.57e+04 1.49e+02  2.24e+06    48s
  14  -1.92283613e+11  3.83258725e+10  1.15e+04 1.09e+02  1.17e+06    53s
  15  -9.52524911e+10  2.26076689e+10  5.42e+03 7.23e+01  5.80e+05    57s
  16  -4.89679232e+10  1.33650509e+10  2.67e+03 4.74e+01  2.90e+05    62s
  17  -2.56189375e+10  7.32863960e+09  1.37e+03 2.82e+01  1.34e+05    66s
  18  -2.10131881e+10  3.66860099e+09  1.13e+03 1.56e+01  7.28e+04    70s
  19  -1.93036600e+10  3.15441466e+09  1.04e+03 1.33e+01  6.12e+04    74s
  20  -1.66001867e+10  2.48415211e+09  8.96e+02 1.00e+01  4.61e+04    79s
  21  -1.45175484e+10  2.33376410e+09  7.88e+02 9.21e+00  4.02e+04    85s
  22  -1.18239211e+10  1.97197603e+09  6.47e+02 7.23e+00  3.04e+04    91s
  23  -1.02857207e+10  1.82109942e+09  5.67e+02 6.43e+00  2.59e+04    97s
  24  -9.01547414e+09  1.65568638e+09  5.01e+02 5.52e+00  2.17e+04   103s
  25  -8.50394409e+09  1.55157809e+09  4.75e+02 4.92e+00  1.95e+04   110s
  26  -6.50668079e+09  1.44011574e+09  3.72e+02 4.24e+00  1.53e+04   117s
  27  -5.67641488e+09  1.27889144e+09  3.29e+02 3.30e+00  1.21e+04   123s
  28  -4.61289896e+09  1.16562322e+09  2.75e+02 2.61e+00  9.40e+03   131s
  29  -4.04242951e+09  1.11956751e+09  2.45e+02 2.32e+00  8.19e+03   139s
  30  -3.54671844e+09  1.07384792e+09  2.20e+02 2.04e+00  7.12e+03   145s
  31  -3.20818118e+09  1.05177597e+09  2.03e+02 1.91e+00  6.51e+03   153s
  32  -2.98240962e+09  1.01229781e+09  1.91e+02 1.68e+00  5.88e+03   161s
  33  -2.71013910e+09  9.91834990e+08  1.76e+02 1.57e+00  5.38e+03   169s
  34  -2.46165328e+09  9.70880873e+08  1.63e+02 1.46e+00  4.94e+03   177s
  35  -2.27002074e+09  9.44606084e+08  1.53e+02 1.32e+00  4.52e+03   185s
  36  -2.03124170e+09  9.29837778e+08  1.41e+02 1.25e+00  4.16e+03   193s
  37  -1.86842408e+09  9.06791635e+08  1.32e+02 1.15e+00  3.83e+03   201s
  38  -1.75895291e+09  8.88184602e+08  1.27e+02 1.07e+00  3.60e+03   209s
  39  -1.54092938e+09  8.82599536e+08  1.15e+02 1.05e+00  3.34e+03   217s
  40  -1.43255814e+09  8.64415909e+08  1.09e+02 9.75e-01  3.13e+03   225s
  41  -1.28439633e+09  8.54419507e+08  1.01e+02 9.36e-01  2.92e+03   233s
  42  -1.18427164e+09  8.42888110e+08  9.59e+01 8.94e-01  2.76e+03   242s
  43  -1.07803781e+09  8.31697555e+08  9.01e+01 8.52e-01  2.59e+03   250s
  44  -1.04778736e+09  8.26494417e+08  8.86e+01 8.33e-01  2.54e+03   257s
  45  -9.50225886e+08  8.07264269e+08  8.33e+01 7.61e-01  2.34e+03   265s
  46  -8.81471107e+08  7.94429288e+08  7.96e+01 7.14e-01  2.21e+03   274s
  47  -8.09115292e+08  7.86975177e+08  7.57e+01 6.86e-01  2.10e+03   284s
  48  -7.71125229e+08  7.73251132e+08  7.36e+01 6.37e-01  2.00e+03   292s
  49  -6.89325918e+08  7.65276757e+08  6.92e+01 6.09e-01  1.88e+03   300s
  50  -6.01553262e+08  7.45381069e+08  6.45e+01 5.35e-01  1.70e+03   310s
  51  -5.24806598e+08  7.32742813e+08  6.04e+01 4.89e-01  1.57e+03   319s
  52  -4.52508733e+08  7.21818435e+08  5.65e+01 4.49e-01  1.45e+03   328s
  53  -3.96695989e+08  7.15985018e+08  5.35e+01 4.28e-01  1.37e+03   337s
  54  -3.59203063e+08  7.07949332e+08  5.15e+01 3.99e-01  1.30e+03   347s
  55  -3.35441653e+08  7.03834555e+08  5.02e+01 3.84e-01  1.26e+03   357s
  56  -3.00587179e+08  6.96454007e+08  4.83e+01 3.57e-01  1.19e+03   366s
  57  -2.34317744e+08  6.89335418e+08  4.47e+01 3.30e-01  1.10e+03   376s
  58  -1.77787405e+08  6.81629235e+08  4.17e+01 3.01e-01  1.02e+03   386s
  59  -1.40132505e+08  6.77790736e+08  3.97e+01 2.87e-01  9.66e+02   397s
  60  -1.00632705e+08  6.73738825e+08  3.76e+01 2.72e-01  9.13e+02   407s
  61  -8.24152497e+07  6.69375813e+08  3.66e+01 2.55e-01  8.77e+02   418s
  62  -3.79841083e+07  6.66103588e+08  3.42e+01 2.43e-01  8.23e+02   429s
  63  -1.12383273e+07  6.61285462e+08  3.28e+01 2.25e-01  7.78e+02   440s
  64   3.56892228e+07  6.58960569e+08  3.03e+01 2.16e-01  7.26e+02   451s
  65   5.54820493e+07  6.53769163e+08  2.92e+01 1.97e-01  6.86e+02   462s
  66   1.39147625e+08  6.47114314e+08  2.47e+01 1.74e-01  5.84e+02   474s
  67   1.87221286e+08  6.42981198e+08  2.21e+01 1.60e-01  5.26e+02   484s
  68   2.13183110e+08  6.37811952e+08  2.07e+01 1.42e-01  4.82e+02   496s
  69   2.29588567e+08  6.34419546e+08  1.98e+01 1.30e-01  4.54e+02   508s
  70   2.49705703e+08  6.32001654e+08  1.87e+01 1.22e-01  4.28e+02   520s
  71   2.61140595e+08  6.30878481e+08  1.81e+01 1.18e-01  4.13e+02   532s
  72   2.85550417e+08  6.29119571e+08  1.68e+01 1.12e-01  3.85e+02   544s
  73   2.94973342e+08  6.26746887e+08  1.63e+01 1.04e-01  3.68e+02   556s
  74   3.27863763e+08  6.25141841e+08  1.45e+01 9.78e-02  3.34e+02   568s
  75   3.37496083e+08  6.23044256e+08  1.40e+01 9.03e-02  3.18e+02   581s
  76   3.44628352e+08  6.21138318e+08  1.36e+01 8.33e-02  3.04e+02   593s
  77   3.95810746e+08  6.18458333e+08  1.08e+01 7.46e-02  2.51e+02   607s
  78   4.05710787e+08  6.15663319e+08  1.03e+01 9.25e-02  2.32e+02   612s
  79   4.26883220e+08  6.14692790e+08  9.13e+00 8.81e-02  2.11e+02   626s
  80   4.32337793e+08  6.13991698e+08  8.84e+00 8.49e-02  2.04e+02   637s
  81   4.37909266e+08  6.13975873e+08  8.54e+00 8.39e-02  1.99e+02   649s
  82   4.51877936e+08  6.12617287e+08  7.78e+00 7.72e-02  1.83e+02   663s
  83   4.55428024e+08  6.10558819e+08  7.60e+00 6.67e-02  1.71e+02   677s
  84   4.65127278e+08  6.09684136e+08  7.07e+00 6.25e-02  1.60e+02   689s
  85   4.70626899e+08  6.09365155e+08  6.78e+00 6.10e-02  1.54e+02   702s
  86   4.77341286e+08  6.08365634e+08  6.42e+00 5.63e-02  1.45e+02   712s
  87   4.88624016e+08  6.07343015e+08  5.82e+00 5.00e-02  1.32e+02   722s
  88   4.91286816e+08  6.06265062e+08  5.68e+00 4.51e-02  1.25e+02   729s
  89   4.98088942e+08  6.05371407e+08  5.31e+00 4.09e-02  1.16e+02   745s
  90   5.03340817e+08  6.04758423e+08  5.03e+00 3.82e-02  1.09e+02   755s
  91   5.10977879e+08  6.04633487e+08  4.61e+00 3.76e-02  1.02e+02   766s
  92   5.16392352e+08  6.03729693e+08  4.32e+00 3.34e-02  9.43e+01   782s
  93   5.21805144e+08  6.03312574e+08  4.03e+00 3.15e-02  8.82e+01   787s
  94   5.30989828e+08  6.02232680e+08  3.53e+00 2.53e-02  7.64e+01   796s
  95   5.35693030e+08  6.01310341e+08  3.28e+00 2.14e-02  6.89e+01   814s
  96   5.42098811e+08  6.00204500e+08  2.93e+00 2.41e-02  5.94e+01   821s
  97   5.57505482e+08  5.99646580e+08  2.09e+00 2.38e-02  4.49e+01   828s
  98   5.60532739e+08  5.99363161e+08  1.93e+00 2.39e-02  4.14e+01   834s
  99   5.70959267e+08  5.98617429e+08  1.36e+00 2.37e-02  3.04e+01   839s
 100   5.75326667e+08  5.98425903e+08  1.12e+00 2.38e-02  2.62e+01   844s
 101   5.76119636e+08  5.97845372e+08  1.08e+00 2.37e-02  2.35e+01   847s
 102   5.81410475e+08  5.97508312e+08  7.88e-01 2.39e-02  1.80e+01   851s
 103   5.83321947e+08  5.97451189e+08  6.83e-01 2.39e-02  1.63e+01   856s
 104   5.84788603e+08  5.97324389e+08  6.03e-01 2.40e-02  1.46e+01   859s
 105   5.86195129e+08  5.96983844e+08  5.26e-01 2.42e-02  1.22e+01   863s
 106   5.87387180e+08  5.96925704e+08  4.61e-01 2.42e-02  1.11e+01   866s
 107   5.87698917e+08  5.96740538e+08  4.44e-01 2.44e-02  1.02e+01   872s
 108   5.90710990e+08  5.96594641e+08  2.79e-01 2.45e-02  7.24e+00   878s
 109   5.90930927e+08  5.96456719e+08  2.67e-01 2.47e-02  6.52e+00   886s
 110   5.92588405e+08  5.96335452e+08  1.75e-01 2.48e-02  4.76e+00   892s
 111   5.93344123e+08  5.96282919e+08  1.33e-01 2.57e-02  3.98e+00   901s
 112   5.93401332e+08  5.96218161e+08  1.30e-01 2.65e-02  3.73e+00   913s
 113   5.93534668e+08  5.96155135e+08  1.23e-01 2.78e-02  3.30e+00   923s
 114   5.93894163e+08  5.96143708e+08  1.04e-01 2.80e-02  2.97e+00   926s
 115   5.93963533e+08  5.96040240e+08  1.00e-01 2.94e-02  2.55e+00   936s
 116   5.94831939e+08  5.95996587e+08  5.29e-02 3.01e-02  1.68e+00   939s
 117   5.95021868e+08  5.95956111e+08  4.25e-02 3.08e-02  1.34e+00   941s
 118   5.95219431e+08  5.95921983e+08  3.20e-02 3.11e-02  1.01e+00   944s
 119   5.95346076e+08  5.95886371e+08  2.45e-02 2.93e-02  7.97e-01   947s
 120   5.95487672e+08  5.95854268e+08  1.63e-02 3.21e-02  5.77e-01   954s
 121   5.95528839e+08  5.95849499e+08  1.41e-02 3.22e-02  5.28e-01   966s
 122   5.95653961e+08  5.95828664e+08  7.39e-03 3.28e-02  3.20e-01   972s
 123   5.95661993e+08  5.95825540e+08  6.91e-03 3.31e-02  3.02e-01   975s
 124   5.95656746e+08  5.95817601e+08  7.04e-03 3.47e-02  3.29e-01   977s
 125   5.95656746e+08  5.95817601e+08  7.04e-03 3.47e-02  3.29e-01   980s
 126   5.95663812e+08  5.95817705e+08  6.75e-03 3.44e-02  3.11e-01   985s
 127   5.95667818e+08  5.95818178e+08  6.60e-03 3.43e-02  3.06e-01   989s
 128   5.95667373e+08  5.95814023e+08  6.59e-03 3.40e-02  3.05e-01   995s
 129   5.95674634e+08  5.95814611e+08  6.42e-03 3.28e-02  2.97e-01  1007s
 130   5.95713479e+08  5.95811420e+08  4.51e-03 3.30e-02  2.22e-01  1016s
 131   5.95733102e+08  5.95811655e+08  3.69e-03 3.30e-02  2.02e-01  1019s
 132   5.95733503e+08  5.95814770e+08  3.69e-03 3.29e-02  2.01e-01  1022s
 133   5.95756028e+08  5.95815028e+08  2.72e-03 3.29e-02  1.68e-01  1025s
 134   5.95760209e+08  5.95815161e+08  2.56e-03 3.29e-02  1.63e-01  1028s
 135   5.95769418e+08  5.95816168e+08  2.16e-03 3.29e-02  1.37e-01  1032s
 136   5.95770161e+08  5.95816934e+08  2.15e-03 3.28e-02  1.36e-01  1035s
 137   5.95776767e+08  5.95831996e+08  2.08e-03 3.11e-02  1.32e-01  1038s
 138   5.95784064e+08  5.95832024e+08  1.82e-03 3.10e-02  1.25e-01  1041s
 139   5.95798665e+08  5.95831937e+08  1.19e-03 3.07e-02  1.08e-01  1044s
 140   5.95804600e+08  5.95833340e+08  9.88e-04 3.02e-02  9.90e-02  1047s
 141   5.95807067e+08  5.95833365e+08  9.10e-04 3.00e-02  9.66e-02  1050s
 142   5.95809723e+08  5.95831675e+08  8.22e-04 2.53e-02  6.06e-02  1053s
 143   5.95822903e+08  5.95831742e+08  3.57e-04 2.53e-02  4.76e-02  1056s
 144   5.95822903e+08  5.95831741e+08  3.57e-04 2.53e-02  4.76e-02  1058s
 145   5.95822903e+08  5.95831742e+08  3.57e-04 2.53e-02  4.76e-02  1060s
 146   5.95822995e+08  5.95831773e+08  3.55e-04 2.53e-02  4.68e-02  1063s
 147   5.95822999e+08  5.95831774e+08  3.55e-04 2.53e-02  4.67e-02  1066s
 148   5.95823008e+08  5.95831782e+08  3.54e-04 2.53e-02  4.67e-02  1069s
 149   5.95823207e+08  5.95831876e+08  3.52e-04 2.53e-02  4.67e-02  1072s
 150   5.95823636e+08  5.95832316e+08  3.48e-04 2.53e-02  4.59e-02  1075s
 151   5.95823726e+08  5.95832352e+08  3.46e-04 2.53e-02  4.57e-02  1077s
 152   5.95825229e+08  5.95832543e+08  3.13e-04 2.53e-02  4.38e-02  1080s
 153   5.95826088e+08  5.95833540e+08  2.93e-04 2.53e-02  3.78e-02  1081s
 154   5.95826632e+08  5.95833951e+08  5.40e-04 2.53e-02  3.58e-02  1083s
 155   5.95826663e+08  5.95833598e+08  1.78e-03 2.53e-02  3.38e-02  1087s
 156   5.95826700e+08  5.95833627e+08  1.77e-03 2.53e-02  3.37e-02  1089s
 157   5.95826739e+08  5.95834032e+08  1.77e-03 2.53e-02  3.37e-02  1091s
 158   5.95826418e+08  5.95833942e+08  1.74e-03 2.53e-02  3.36e-02  1094s
 159   5.95826418e+08  5.95833942e+08  1.74e-03 2.53e-02  3.36e-02  1095s
 160   5.95826416e+08  5.95833940e+08  1.74e-03 2.53e-02  3.36e-02  1097s
 161   5.95826416e+08  5.95833940e+08  1.74e-03 2.53e-02  3.36e-02  1100s
 162   5.95826416e+08  5.95833940e+08  1.73e-03 2.53e-02  3.36e-02  1102s
 163   5.95827875e+08  5.95834429e+08  5.44e-02 2.53e-02  3.35e-02  1105s
 164   5.95828087e+08  5.95834645e+08  5.43e-02 2.53e-02  3.34e-02  1107s

Barrier solved model in 164 iterations and 1107.34 seconds
Optimal objective 5.95826088e+08


User-callback calls 10219, time in user-callback 0.02 sec
Saving to: 20231011-190709
Success!
