Estimated Revenue Requirement = 211200000 per year
Estimated Ratebase = 1.462153846153846e9
BAU Gas Costs = 2.0465077577888313e8
ShutDown Gas Costs = [3.1972430769230765e8, 0.0, 0.0, 0.0, 0.0]
BAU Gas Costs = 2.001081602378462e8
ShutDown Gas Costs = [2.520221538461538e8, 8.719753846153846e7, 0.0, 0.0, 0.0]
BAU Gas Costs = 1.9567798009553784e8
ShutDown Gas Costs = [2.0323938461538458e8, 1.1551015384615383e8, 3.996553846153846e7, 0.0, 0.0]
BAU Gas Costs = 1.9135745243564636e8
ShutDown Gas Costs = [1.7323041758241755e8, 1.1613679120879118e8, 6.60058021978022e7, 2.283745054945055e7, 0.0]
PARAMETERS
T_inv: 5
N_Periods: 8
Clustering case: ward
Linked storage: 1
Linked generation: 0
Steady state elec: 1
Steady state gas: 0
Max offset electric: [0.0, 0.0, 0.0, 0.0, 0.0]
Max offset gas: [0.0, 0.0, 0.0, 0.0, 0.0]
Offset cost: [1600, 1400, 1200, 1000, 800]
Gas quality: Nodal
Max H2 injection frac: 0.0
Max appliance retirement multiplier: 1.5
Max biomethane share: 0.1
EI trajectory electric: [400, 200, 100, 50, 0]
EI trajectory gas: [200, 150, 100, 50, 0]
Electric transmission expansion: 2
Electric transmission expansion cost: 0.93 $/MW-m
Multi-day Storage: 0
Pumped Hydro Storage: 0
Check weights :
[0.29315068493150687, 0.12054794520547946, 0.10136986301369863, 0.030136986301369864, 0.024657534246575342, 0.2273972602739726, 0.12876712328767123, 0.07397260273972603]
Check medoids :
[249.0, 341.0, 18.0, 13.0, 54.0, 231.0, 207.0, 137.0]
┌ Warning: Axis contains one element: 1. If intended, you can safely ignore this warning. To explicitly pass the axis with one element, pass `[1]` instead of `1`.
└ @ JuMP.Containers ~/.julia/packages/JuMP/yYfHy/src/Containers/DenseAxisArray.jl:173
┌ Warning: Axis contains one element: 1. If intended, you can safely ignore this warning. To explicitly pass the axis with one element, pass `[1]` instead of `1`.
└ @ JuMP.Containers ~/.julia/packages/JuMP/yYfHy/src/Containers/DenseAxisArray.jl:173
┌ Warning: Axis contains one element: 1. If intended, you can safely ignore this warning. To explicitly pass the axis with one element, pass `[1]` instead of `1`.
└ @ JuMP.Containers ~/.julia/packages/JuMP/yYfHy/src/Containers/DenseAxisArray.jl:173
┌ Warning: Axis contains one element: 1. If intended, you can safely ignore this warning. To explicitly pass the axis with one element, pass `[1]` instead of `1`.
└ @ JuMP.Containers ~/.julia/packages/JuMP/yYfHy/src/Containers/DenseAxisArray.jl:173
┌ Warning: Axis contains one element: 1. If intended, you can safely ignore this warning. To explicitly pass the axis with one element, pass `[1]` instead of `1`.
└ @ JuMP.Containers ~/.julia/packages/JuMP/yYfHy/src/Containers/DenseAxisArray.jl:173
┌ Warning: Axis contains one element: 1. If intended, you can safely ignore this warning. To explicitly pass the axis with one element, pass `[1]` instead of `1`.
└ @ JuMP.Containers ~/.julia/packages/JuMP/yYfHy/src/Containers/DenseAxisArray.jl:173
┌ Warning: Axis contains one element: 1. If intended, you can safely ignore this warning. To explicitly pass the axis with one element, pass `[1]` instead of `1`.
└ @ JuMP.Containers ~/.julia/packages/JuMP/yYfHy/src/Containers/DenseAxisArray.jl:173
┌ Warning: Axis contains one element: 1. If intended, you can safely ignore this warning. To explicitly pass the axis with one element, pass `[1]` instead of `1`.
└ @ JuMP.Containers ~/.julia/packages/JuMP/yYfHy/src/Containers/DenseAxisArray.jl:173
┌ Warning: Axis contains one element: 1. If intended, you can safely ignore this warning. To explicitly pass the axis with one element, pass `[1]` instead of `1`.
└ @ JuMP.Containers ~/.julia/packages/JuMP/yYfHy/src/Containers/DenseAxisArray.jl:173
┌ Warning: Axis contains one element: 1. If intended, you can safely ignore this warning. To explicitly pass the axis with one element, pass `[1]` instead of `1`.
└ @ JuMP.Containers ~/.julia/packages/JuMP/yYfHy/src/Containers/DenseAxisArray.jl:173
┌ Warning: Axis contains one element: 1. If intended, you can safely ignore this warning. To explicitly pass the axis with one element, pass `[1]` instead of `1`.
└ @ JuMP.Containers ~/.julia/packages/JuMP/yYfHy/src/Containers/DenseAxisArray.jl:173
┌ Warning: Axis contains one element: 1. If intended, you can safely ignore this warning. To explicitly pass the axis with one element, pass `[1]` instead of `1`.
└ @ JuMP.Containers ~/.julia/packages/JuMP/yYfHy/src/Containers/DenseAxisArray.jl:173
┌ Warning: Axis contains one element: 1. If intended, you can safely ignore this warning. To explicitly pass the axis with one element, pass `[1]` instead of `1`.
└ @ JuMP.Containers ~/.julia/packages/JuMP/yYfHy/src/Containers/DenseAxisArray.jl:173
┌ Warning: Axis contains one element: 1. If intended, you can safely ignore this warning. To explicitly pass the axis with one element, pass `[1]` instead of `1`.
└ @ JuMP.Containers ~/.julia/packages/JuMP/yYfHy/src/Containers/DenseAxisArray.jl:173
Gurobi Optimizer version 9.0.3 build v9.0.3rc0 (linux64)
Optimize a model with 7145584 rows, 2375420 columns and 42656343 nonzeros
Model fingerprint: 0x9a3f9137
Coefficient statistics:
  Matrix range     [3e-05, 3e+07]
  Objective range  [2e-04, 9e+06]
  Bounds range     [1e+00, 5e+03]
  RHS range        [2e-06, 1e+11]
Warning: Model contains large rhs
Presolve removed 1850575 rows and 420000 columns (presolve time = 5s) ...
Presolve removed 2185326 rows and 741710 columns (presolve time = 10s) ...
Presolve removed 2185326 rows and 741710 columns (presolve time = 15s) ...
Presolve removed 2185326 rows and 741710 columns (presolve time = 20s) ...
Presolve removed 2185326 rows and 741710 columns (presolve time = 25s) ...
Presolve removed 2185326 rows and 741710 columns (presolve time = 30s) ...
Presolve removed 2185326 rows and 741710 columns (presolve time = 35s) ...
Presolve removed 2185326 rows and 741710 columns (presolve time = 40s) ...
Presolve removed 2185326 rows and 741710 columns (presolve time = 45s) ...
Presolve removed 2185326 rows and 741710 columns (presolve time = 50s) ...
Presolve removed 2185326 rows and 741710 columns (presolve time = 55s) ...
Presolve removed 2185326 rows and 741710 columns (presolve time = 60s) ...
Presolve removed 2185326 rows and 741710 columns (presolve time = 65s) ...
Presolve removed 2185326 rows and 741710 columns (presolve time = 70s) ...
Presolve removed 2185326 rows and 741710 columns (presolve time = 75s) ...
Presolve removed 2185326 rows and 741710 columns (presolve time = 80s) ...
Presolve removed 2185326 rows and 741710 columns (presolve time = 85s) ...
Presolve removed 2185326 rows and 741710 columns (presolve time = 90s) ...
Presolve removed 2185326 rows and 741710 columns (presolve time = 95s) ...
Presolve removed 2185326 rows and 741710 columns (presolve time = 100s) ...
Presolve removed 2185326 rows and 741710 columns (presolve time = 105s) ...
Presolve removed 2185326 rows and 741710 columns (presolve time = 110s) ...
Presolve removed 2185326 rows and 741710 columns (presolve time = 115s) ...
Presolve removed 2185326 rows and 741710 columns (presolve time = 120s) ...
Presolve removed 2185326 rows and 741710 columns (presolve time = 125s) ...
Presolve removed 2185326 rows and 741710 columns (presolve time = 130s) ...
Presolve removed 2185326 rows and 741710 columns (presolve time = 135s) ...
Presolve removed 2185326 rows and 741710 columns (presolve time = 140s) ...
Presolve removed 2185326 rows and 741710 columns (presolve time = 145s) ...
Presolve removed 2185326 rows and 741710 columns (presolve time = 150s) ...
Presolve removed 2185326 rows and 741710 columns (presolve time = 155s) ...
Presolve removed 2185326 rows and 741710 columns (presolve time = 160s) ...
Presolve removed 2185326 rows and 741710 columns (presolve time = 165s) ...
Presolve removed 2185326 rows and 741710 columns (presolve time = 170s) ...
Presolve removed 2185326 rows and 741710 columns (presolve time = 175s) ...
Presolve removed 2185326 rows and 741710 columns (presolve time = 180s) ...
Presolve removed 2185326 rows and 741710 columns (presolve time = 185s) ...
Presolve removed 2185326 rows and 741710 columns (presolve time = 190s) ...
Presolve removed 2185326 rows and 741710 columns (presolve time = 195s) ...
Presolve removed 2185326 rows and 741710 columns (presolve time = 200s) ...
Presolve removed 2185326 rows and 741710 columns (presolve time = 205s) ...
Presolve removed 2185326 rows and 741710 columns (presolve time = 210s) ...
Presolve removed 2185326 rows and 741710 columns (presolve time = 215s) ...
Presolve removed 2185326 rows and 741710 columns (presolve time = 220s) ...
Presolve removed 2185326 rows and 741710 columns (presolve time = 225s) ...
Presolve removed 2185326 rows and 741710 columns (presolve time = 230s) ...
Presolve removed 2185326 rows and 741710 columns (presolve time = 235s) ...
Presolve removed 2185326 rows and 741710 columns (presolve time = 240s) ...
Presolve removed 2185326 rows and 741710 columns (presolve time = 245s) ...
Presolve removed 2185326 rows and 741710 columns (presolve time = 250s) ...
Presolve removed 2185326 rows and 741710 columns (presolve time = 255s) ...
Presolve removed 2185326 rows and 741710 columns (presolve time = 260s) ...
Presolve removed 2185326 rows and 741710 columns (presolve time = 265s) ...
Presolve removed 2185326 rows and 741710 columns (presolve time = 270s) ...
Presolve removed 2185326 rows and 741710 columns (presolve time = 275s) ...
Presolve removed 2185326 rows and 741710 columns (presolve time = 280s) ...
Presolve removed 3158300 rows and 753537 columns (presolve time = 286s) ...
Presolve removed 3164370 rows and 753537 columns (presolve time = 290s) ...
Presolve removed 3164370 rows and 753537 columns (presolve time = 295s) ...
Presolve removed 3164370 rows and 753537 columns (presolve time = 300s) ...
Presolve removed 3164370 rows and 753537 columns (presolve time = 305s) ...
Presolve removed 3164370 rows and 753537 columns (presolve time = 310s) ...
Presolve removed 3164370 rows and 753537 columns (presolve time = 315s) ...
Presolve removed 3164370 rows and 753537 columns (presolve time = 320s) ...
Presolve removed 3164370 rows and 753537 columns (presolve time = 325s) ...
Presolve removed 3164370 rows and 753537 columns (presolve time = 330s) ...
Presolve removed 3164370 rows and 753537 columns (presolve time = 335s) ...
Presolve removed 3164370 rows and 753537 columns (presolve time = 340s) ...
Presolve removed 3164370 rows and 753537 columns (presolve time = 345s) ...
Presolve removed 3164370 rows and 753537 columns (presolve time = 350s) ...
Presolve removed 3164370 rows and 753537 columns (presolve time = 355s) ...
Presolve removed 3164370 rows and 753537 columns (presolve time = 360s) ...
Presolve removed 3164370 rows and 753537 columns (presolve time = 365s) ...
Presolve removed 3164370 rows and 753537 columns (presolve time = 370s) ...
Presolve removed 3164370 rows and 753537 columns (presolve time = 375s) ...
Presolve removed 3164370 rows and 753537 columns (presolve time = 380s) ...
Presolve removed 3164370 rows and 753537 columns (presolve time = 385s) ...
Presolve removed 3164370 rows and 753537 columns (presolve time = 390s) ...
Presolve removed 3164370 rows and 753537 columns (presolve time = 395s) ...
Presolve removed 3164370 rows and 753537 columns (presolve time = 400s) ...
Presolve removed 3164370 rows and 753537 columns (presolve time = 405s) ...
Presolve removed 3164370 rows and 753537 columns (presolve time = 410s) ...
Presolve removed 3164370 rows and 753537 columns (presolve time = 415s) ...
Presolve removed 3164370 rows and 753537 columns (presolve time = 420s) ...
Presolve removed 3164370 rows and 753537 columns (presolve time = 425s) ...
Presolve removed 3164370 rows and 753537 columns (presolve time = 430s) ...
Presolve removed 3164370 rows and 753537 columns (presolve time = 435s) ...
Presolve removed 3164370 rows and 753537 columns (presolve time = 440s) ...
Presolve removed 3164370 rows and 753537 columns (presolve time = 445s) ...
Presolve removed 3164370 rows and 753537 columns (presolve time = 450s) ...
Presolve removed 3164370 rows and 753537 columns (presolve time = 455s) ...
Presolve removed 3164370 rows and 753537 columns (presolve time = 460s) ...
Presolve removed 3164370 rows and 753537 columns (presolve time = 465s) ...
Presolve removed 3164370 rows and 753537 columns (presolve time = 470s) ...
Presolve removed 3164370 rows and 753537 columns (presolve time = 475s) ...
Presolve removed 3164370 rows and 753537 columns (presolve time = 480s) ...
Presolve removed 3164370 rows and 753537 columns (presolve time = 485s) ...
Presolve removed 3164370 rows and 753537 columns (presolve time = 490s) ...
Presolve removed 3164370 rows and 753537 columns (presolve time = 495s) ...
Presolve removed 3164370 rows and 753537 columns (presolve time = 500s) ...
Presolve removed 3164370 rows and 753537 columns (presolve time = 505s) ...
Presolve removed 3164370 rows and 753537 columns (presolve time = 510s) ...
Presolve removed 3164370 rows and 753537 columns (presolve time = 515s) ...
Presolve removed 3164370 rows and 753537 columns (presolve time = 520s) ...
Presolve removed 3164370 rows and 753537 columns (presolve time = 525s) ...
Presolve removed 3216950 rows and 753537 columns (presolve time = 530s) ...
Presolve removed 3216950 rows and 753537 columns (presolve time = 535s) ...
Presolve removed 3216950 rows and 753537 columns (presolve time = 540s) ...
Presolve removed 3216950 rows and 753537 columns (presolve time = 545s) ...
Presolve removed 3216950 rows and 753537 columns (presolve time = 550s) ...
Presolve removed 3216950 rows and 753537 columns (presolve time = 555s) ...
Presolve removed 3216950 rows and 753537 columns (presolve time = 560s) ...
Presolve removed 3216950 rows and 753537 columns (presolve time = 565s) ...
Presolve removed 3216950 rows and 753537 columns (presolve time = 570s) ...
Presolve removed 3216950 rows and 753537 columns (presolve time = 575s) ...
Presolve removed 3216950 rows and 753537 columns (presolve time = 580s) ...
Presolve removed 3216950 rows and 753537 columns (presolve time = 585s) ...
Presolve removed 3216950 rows and 753537 columns (presolve time = 590s) ...
Presolve removed 3216950 rows and 753537 columns (presolve time = 595s) ...
Presolve removed 3216950 rows and 753537 columns (presolve time = 600s) ...
Presolve removed 3216950 rows and 753537 columns (presolve time = 605s) ...
Presolve removed 3216950 rows and 753537 columns (presolve time = 610s) ...
Presolve removed 3216950 rows and 753537 columns (presolve time = 615s) ...
Presolve removed 3216950 rows and 753537 columns (presolve time = 620s) ...
Presolve removed 3216950 rows and 753537 columns (presolve time = 625s) ...
Presolve removed 3216950 rows and 753537 columns (presolve time = 630s) ...
Presolve removed 3216950 rows and 753537 columns (presolve time = 635s) ...
Presolve removed 3216950 rows and 753537 columns (presolve time = 640s) ...
Presolve removed 3216950 rows and 753537 columns (presolve time = 645s) ...
Presolve removed 3216950 rows and 753537 columns (presolve time = 650s) ...
Presolve removed 3216950 rows and 753537 columns (presolve time = 655s) ...
Presolve removed 3216950 rows and 753537 columns (presolve time = 660s) ...
Presolve removed 3216950 rows and 753537 columns (presolve time = 665s) ...
Presolve removed 3216950 rows and 753537 columns (presolve time = 670s) ...
Presolve removed 3216950 rows and 753537 columns (presolve time = 675s) ...
Presolve removed 3216950 rows and 753537 columns (presolve time = 680s) ...
Presolve removed 3216950 rows and 753537 columns (presolve time = 685s) ...
Presolve removed 3216950 rows and 753537 columns (presolve time = 690s) ...
Presolve removed 3216950 rows and 753537 columns (presolve time = 695s) ...
Presolve removed 3216950 rows and 753537 columns (presolve time = 700s) ...
Presolve removed 3216950 rows and 753537 columns (presolve time = 705s) ...
Presolve removed 3216950 rows and 753537 columns (presolve time = 710s) ...
Presolve removed 3216950 rows and 753537 columns (presolve time = 715s) ...
Presolve removed 3216950 rows and 753537 columns (presolve time = 720s) ...
Presolve removed 3216950 rows and 753537 columns (presolve time = 725s) ...
Presolve removed 3216950 rows and 753537 columns (presolve time = 730s) ...
Presolve removed 3216950 rows and 753537 columns (presolve time = 735s) ...
Presolve removed 3216950 rows and 753537 columns (presolve time = 740s) ...
Presolve removed 3216950 rows and 753537 columns (presolve time = 745s) ...
Presolve removed 3216950 rows and 753537 columns (presolve time = 750s) ...
Presolve removed 3216950 rows and 753537 columns (presolve time = 755s) ...
Presolve removed 3216950 rows and 753537 columns (presolve time = 760s) ...
Presolve removed 3216950 rows and 753537 columns (presolve time = 765s) ...
Presolve removed 3216950 rows and 753537 columns (presolve time = 770s) ...
Presolve removed 3216978 rows and 753537 columns
Presolve time: 772.33s
Presolved: 3928606 rows, 1621911 columns, 25014686 nonzeros
Elapsed ordering time = 5s
Elapsed ordering time = 10s
Elapsed ordering time = 15s
Elapsed ordering time = 20s
Elapsed ordering time = 25s
Elapsed ordering time = 30s
Elapsed ordering time = 47s
Elapsed ordering time = 55s
Elapsed ordering time = 65s
Elapsed ordering time = 67s
Elapsed ordering time = 71s
Elapsed ordering time = 75s
Elapsed ordering time = 82s
Elapsed ordering time = 85s
Elapsed ordering time = 90s
Elapsed ordering time = 96s
Elapsed ordering time = 100s
Elapsed ordering time = 107s
Elapsed ordering time = 110s
Elapsed ordering time = 115s
Elapsed ordering time = 120s
Elapsed ordering time = 125s
Elapsed ordering time = 130s
Elapsed ordering time = 135s
Ordering time: 140.24s

Barrier statistics:
 Dense cols : 3275
 Free vars  : 16704
 AA' NZ     : 4.635e+08
 Factor NZ  : 7.221e+08 (roughly 8.0 GBytes of memory)
 Factor Ops : 8.153e+11 (roughly 3 seconds per iteration)
 Threads    : 46

                  Objective                Residual
Iter       Primal          Dual         Primal    Dual     Compl     Time
   0   1.31579807e+17 -1.81959082e+18  9.57e+13 1.88e+04  1.17e+15   954s
   1   1.38510517e+17 -6.59286623e+17  8.93e+13 3.51e+04  1.12e+15   993s
   2   1.41355465e+17 -2.41451921e+18  8.69e+13 4.43e+04  1.06e+15  1043s
   3   1.48434413e+17 -6.23503594e+18  8.10e+13 6.52e+04  9.57e+14  1115s
   4   1.71228737e+17 -6.10161894e+18  7.95e+13 8.73e+04  1.01e+15  1209s
   5   1.88575425e+17 -5.97244462e+18  7.80e+13 8.67e+04  1.05e+15  1341s
   6   2.03611871e+17 -5.63264087e+18  7.64e+13 8.01e+04  1.12e+15  1503s
   7   2.33038058e+17 -5.19007905e+18  7.30e+13 7.32e+04  1.19e+15  1658s
   8   2.47437404e+17 -4.84853189e+18  6.77e+13 7.26e+04  1.16e+15  1806s
   9   2.54621330e+17 -3.69464096e+18  6.07e+13 5.64e+04  1.06e+15  1986s
  10   2.49060877e+17 -2.52683988e+18  5.00e+13 3.91e+04  8.21e+14  2161s
  11   2.35324081e+17 -1.64376092e+18  3.97e+13 2.63e+04  6.32e+14  2337s
  12   2.24099839e+17 -1.21642205e+18  3.29e+13 2.01e+04  5.30e+14  2450s
  13   2.20031447e+17 -9.07374726e+17  2.87e+13 1.60e+04  5.41e+14  2564s
  14   2.08542185e+17 -4.41250400e+17  2.32e+13 8.87e+03  4.29e+14  2676s
  15   1.31325593e+17 -2.47955396e+17  1.26e+13 5.38e+03  1.74e+14  2912s
  16   4.27870737e+16 -1.34894275e+17  3.11e+12 3.20e+03  3.28e+13  3139s
  17   8.80292946e+15 -2.10441487e+16  5.30e+11 5.40e+02  1.42e+12  3425s
  18   2.86101565e+15 -1.01771585e+16  1.66e+11 2.69e+02  2.80e+11  3633s
  19   1.26372983e+15 -4.95443351e+15  6.84e+10 1.32e+02  7.49e+10  3848s
  20   6.86996742e+14 -2.31395845e+15  3.51e+10 6.27e+01  2.71e+10  4099s
  21   4.16899497e+14 -1.19096664e+15  2.07e+10 3.23e+01  1.21e+10  4317s
  22   1.72762816e+14 -6.54314887e+14  8.45e+09 1.77e+01  4.05e+09  4573s
  23   6.53641098e+13 -4.12056990e+14  3.15e+09 1.10e+01  1.38e+09  4800s
  24   3.57628760e+13 -2.23153513e+14  1.67e+09 5.92e+00  6.70e+08  5015s
  25   2.83583143e+13 -1.36279444e+14  1.32e+09 3.58e+00  4.93e+08  5204s
  26   2.14593844e+13 -1.17871323e+14  9.97e+08 3.07e+00  3.69e+08  5393s
  27   1.87062878e+13 -9.40595849e+13  8.55e+08 2.43e+00  3.09e+08  5569s
  28   1.50507575e+13 -8.45178592e+13  6.81e+08 2.18e+00  2.46e+08  5754s
  29   1.16767729e+13 -7.39839871e+13  5.11e+08 1.90e+00  1.86e+08  5987s
  30   1.00826534e+13 -5.90419320e+13  4.33e+08 1.51e+00  1.56e+08  6254s
  31   8.31049824e+12 -4.82677266e+13  3.45e+08 1.24e+00  1.26e+08  6583s
  32   6.59937619e+12 -4.10743762e+13  2.63e+08 1.05e+00  9.85e+07  6845s
  33   5.44371845e+12 -3.36507098e+13  2.11e+08 8.56e-01  7.97e+07  7069s
  34   4.62024051e+12 -2.79624913e+13  1.76e+08 7.06e-01  6.59e+07  7317s
  35   3.68589815e+12 -1.54273113e+13  1.39e+08 3.76e-01  4.84e+07  7582s
  36   2.41070246e+12 -1.07683316e+13  9.48e+07 2.56e-01  3.09e+07  7799s
  37   7.13119722e+11 -3.91914942e+12  3.58e+07 8.59e-02  8.93e+06  8017s
  38   4.42608238e+11 -2.13371358e+12  2.28e+07 4.32e-02  4.61e+06  8132s
  39   2.74317342e+11 -1.61004453e+12  1.42e+07 3.12e-02  2.68e+06  8236s
  40   2.14293935e+11 -8.71376704e+11  1.08e+07 1.44e-02  1.67e+06  8302s
  41   1.87483289e+11 -7.35638052e+11  9.22e+06 1.16e-02  1.35e+06  8354s
  42   1.65922770e+11 -5.87420180e+11  7.96e+06 8.50e-03  1.07e+06  8419s
  43   1.23613166e+11 -4.19619268e+11  5.86e+06 5.06e-03  7.05e+05  8495s
  44   8.56050423e+10 -3.15763658e+11  4.36e+06 4.14e-03  4.72e+05  8578s
  45   6.26398230e+10 -2.32418385e+11  3.42e+06 3.37e-03  3.27e+05  8643s
  46   4.83649579e+10 -1.85892235e+11  2.82e+06 2.89e-03  2.48e+05  8721s
  47   3.30441034e+10 -1.29836652e+11  2.12e+06 2.15e-03  1.63e+05  8795s
  48   2.60958545e+10 -1.10154040e+11  1.75e+06 1.85e-03  1.26e+05  8871s
  49   2.02726081e+10 -7.80956724e+10  1.41e+06 1.36e-03  8.88e+04  8940s
  50   1.51559300e+10 -6.53462261e+10  1.09e+06 1.15e-03  6.49e+04  9006s
  51   1.14152739e+10 -4.48783618e+10  8.57e+05 8.04e-04  4.42e+04  9074s
  52   9.28731223e+09 -3.65812731e+10  7.08e+05 6.59e-04  3.41e+04  9137s
  53   7.20424519e+09 -2.39268417e+10  5.59e+05 4.36e-04  2.27e+04  9199s
  54   5.79484537e+09 -1.84788849e+10  4.54e+05 3.40e-04  1.68e+04  9262s
  55   4.73906459e+09 -1.28871271e+10  3.70e+05 2.42e-04  1.19e+04  9322s
  56   3.92334811e+09 -1.03480055e+10  3.01e+05 1.97e-04  9.03e+03  9392s
  57   3.61020401e+09 -8.33326644e+09  2.75e+05 1.61e-04  7.52e+03  9458s
  58   3.19393878e+09 -6.87264067e+09  2.39e+05 1.35e-04  6.09e+03  9541s
  59   2.99485297e+09 -5.09656178e+09  2.21e+05 1.03e-04  4.96e+03  9616s
  60   2.61634293e+09 -4.41126366e+09  1.89e+05 9.09e-05  4.10e+03  9696s
  61   2.49000410e+09 -3.67734279e+09  1.77e+05 7.78e-05  3.59e+03  9770s
  62   2.28467866e+09 -3.34004740e+09  1.58e+05 7.17e-05  3.15e+03  9851s
  63   2.15521124e+09 -2.96029691e+09  1.46e+05 6.50e-05  2.82e+03  9937s
  64   2.04709950e+09 -2.75473343e+09  1.36e+05 6.13e-05  2.58e+03  10016s
  65   1.96995243e+09 -2.46056171e+09  1.28e+05 5.61e-05  2.36e+03  10085s
  66   1.84219344e+09 -2.03499186e+09  1.16e+05 4.86e-05  2.02e+03  10174s
  67   1.65943586e+09 -1.85654950e+09  9.70e+04 4.55e-05  1.72e+03  10257s
  68   1.56734955e+09 -1.50231076e+09  8.72e+04 3.94e-05  1.47e+03  10342s
  69   1.51730069e+09 -1.11317619e+09  8.18e+04 3.27e-05  1.27e+03  10439s
  70   1.45011174e+09 -8.92683370e+08  7.46e+04 2.89e-05  1.12e+03  10541s
  71   1.38796812e+09 -6.54178849e+08  6.85e+04 2.46e-05  9.72e+02  10647s
  72   1.31897096e+09 -5.30877395e+08  6.10e+04 2.25e-05  8.57e+02  10762s
  73   1.27973162e+09 -3.53874363e+08  5.71e+04 1.94e-05  7.63e+02  10872s
  74   1.22076026e+09 -2.62304938e+08  5.02e+04 1.79e-05  6.73e+02  10983s
  75   1.19010891e+09 -1.70029455e+08  4.66e+04 1.64e-05  6.13e+02  11101s
  76   1.15346593e+09 -7.94582898e+07  4.21e+04 1.49e-05  5.49e+02  11237s
  77   1.13854798e+09 -3.55923484e+07  3.99e+04 1.42e-05  5.20e+02  11322s
  78   1.13179020e+09  5.86221999e+07  3.90e+04 1.27e-05  4.88e+02  11444s
  79   1.11333584e+09  8.47357976e+07  3.67e+04 1.23e-05  4.61e+02  11565s
  80   1.09980193e+09  1.19383139e+08  3.46e+04 1.18e-05  4.36e+02  11700s
  81   1.09245101e+09  1.49174283e+08  3.33e+04 1.13e-05  4.19e+02  11827s
  82   1.08516381e+09  1.91014428e+08  3.23e+04 1.06e-05  4.00e+02  11964s
  83   1.07952870e+09  2.01776311e+08  3.14e+04 1.05e-05  3.91e+02  12077s
  84   1.07608713e+09  2.14902206e+08  3.08e+04 1.03e-05  3.83e+02  12177s
  85   1.07037364e+09  2.34259709e+08  2.98e+04 9.98e-06  3.71e+02  12296s
  86   1.06407135e+09  2.69972755e+08  2.87e+04 9.45e-06  3.55e+02  12444s
  87   1.05806677e+09  2.99147357e+08  2.76e+04 9.02e-06  3.39e+02  12580s
  88   1.05544411e+09  3.17155641e+08  2.71e+04 8.75e-06  3.32e+02  12720s
  89   1.05314217e+09  3.29024260e+08  2.66e+04 8.58e-06  3.26e+02  12838s
  90   1.04997156e+09  3.50944161e+08  2.59e+04 8.27e-06  3.16e+02  12973s
  91   1.04727090e+09  3.69501214e+08  2.52e+04 8.01e-06  3.07e+02  13120s
  92   1.04443355e+09  3.85969632e+08  2.44e+04 7.78e-06  2.99e+02  13224s
  93   1.04285482e+09  4.03079536e+08  2.38e+04 7.56e-06  2.92e+02  13399s
  94   1.04145885e+09  4.23576389e+08  2.32e+04 7.29e-06  2.84e+02  13571s
  95   1.04004442e+09  4.39830685e+08  2.25e+04 7.07e-06  2.77e+02  13760s
  96   1.03641319e+09  4.52773303e+08  2.12e+04 6.90e-06  2.63e+02  13928s
  97   1.03521911e+09  4.76300731e+08  2.08e+04 6.59e-06  2.55e+02  14075s
  98   1.03433047e+09  4.88767519e+08  2.04e+04 6.43e-06  2.50e+02  14184s
  99   1.03280265e+09  4.95451169e+08  1.99e+04 6.34e-06  2.45e+02  14289s
 100   1.03177647e+09  5.19010193e+08  1.95e+04 7.25e-06  2.36e+02  14427s
 101   1.03050475e+09  5.31612607e+08  1.89e+04 1.02e-05  2.29e+02  14510s
 102   1.02938826e+09  5.75065264e+08  1.83e+04 4.12e-05  2.14e+02  14599s
 103   1.02653394e+09  6.00258134e+08  1.73e+04 3.78e-05  2.01e+02  14699s
 104   1.02483394e+09  6.22522099e+08  1.67e+04 3.56e-05  1.90e+02  14899s
 105   1.02391682e+09  6.33192164e+08  1.63e+04 3.45e-05  1.85e+02  15096s
 106   1.02276592e+09  6.44875296e+08  1.55e+04 3.34e-05  1.77e+02  15306s
 107   1.02237680e+09  6.61295489e+08  1.52e+04 3.18e-05  1.71e+02  15427s
 108   1.02229447e+09  6.68412606e+08  1.48e+04 3.11e-05  1.67e+02  15565s
 109   1.02179123e+09  6.79347754e+08  1.43e+04 1.13e-04  1.62e+02  15744s
 110   1.02093578e+09  6.98687437e+08  1.34e+04 2.76e-04  1.51e+02  15909s
 111   1.02004464e+09  7.13152943e+08  1.25e+04 3.83e-04  1.42e+02  16042s
 112   1.01984278e+09  7.27330523e+08  1.23e+04 4.71e-04  1.37e+02  16129s
 113   1.01950391e+09  7.39395525e+08  1.18e+04 5.38e-04  1.31e+02  16270s
 114   1.01919344e+09  7.57026687e+08  1.13e+04 6.24e-04  1.24e+02  16351s
 115   1.01909883e+09  7.66343424e+08  1.10e+04 6.71e-04  1.19e+02  16415s
 116   1.01884058e+09  7.74903981e+08  1.03e+04 7.06e-04  1.13e+02  16493s
 117   1.01869079e+09  7.89340530e+08  9.92e+03 7.43e-04  1.07e+02  16547s
 118   1.01873055e+09  8.00306119e+08  9.67e+03 7.61e-04  1.03e+02  16608s
 119   1.01930244e+09  8.04185777e+08  9.28e+03 7.69e-04  1.00e+02  16721s
 120   1.01976669e+09  8.12090590e+08  9.03e+03 7.41e-04  9.69e+01  16822s
 121   1.02034016e+09  8.21575287e+08  8.63e+03 7.06e-04  9.26e+01  16891s
 122   1.02085385e+09  8.30681228e+08  8.30e+03 6.73e-04  8.87e+01  16973s
 123   1.02143694e+09  8.34324183e+08  8.00e+03 6.60e-04  8.62e+01  17076s
 124   1.02195371e+09  8.42494173e+08  7.72e+03 6.55e-04  8.29e+01  17123s
 125   1.02219918e+09  8.45889582e+08  7.60e+03 6.43e-04  8.16e+01  17194s
 126   1.02255876e+09  8.52564817e+08  7.39e+03 6.35e-04  7.89e+01  17251s
 127   1.02289860e+09  8.55633413e+08  7.24e+03 6.25e-04  7.75e+01  17293s
 128   1.02316314e+09  8.62072248e+08  7.14e+03 6.20e-04  7.57e+01  17349s
 129   1.02394359e+09  8.65849204e+08  6.91e+03 6.15e-04  7.37e+01  17455s
 130   1.02431733e+09  8.71246712e+08  6.77e+03 6.06e-04  7.19e+01  17515s
 131   1.02491865e+09  8.72397200e+08  6.56e+03 6.04e-04  7.04e+01  17572s
 132   1.02540844e+09  8.77477429e+08  6.33e+03 5.94e-04  6.80e+01  17655s
 133   1.02625933e+09  8.90710851e+08  5.92e+03 5.82e-04  6.27e+01  17706s
 134   1.02734268e+09  9.07493385e+08  5.40e+03 7.46e-04  5.57e+01  17770s
 135   1.02770184e+09  9.13195930e+08  5.25e+03 7.84e-04  5.35e+01  17808s
 136   1.02852259e+09  9.24683407e+08  4.87e+03 8.21e-04  4.87e+01  17859s
 137   1.02885665e+09  9.30473390e+08  4.74e+03 8.21e-04  4.67e+01  17901s
 138   1.02964189e+09  9.30816872e+08  4.53e+03 8.22e-04  4.56e+01  17931s
 139   1.03022082e+09  9.42655404e+08  4.28e+03 8.72e-04  4.14e+01  17966s
 140   1.03096176e+09  9.47091543e+08  4.01e+03 8.71e-04  3.90e+01  18022s
 141   1.03134447e+09  9.56738927e+08  3.89e+03 7.93e-04  3.61e+01  18092s
 142   1.03184887e+09  9.62492146e+08  3.73e+03 7.45e-04  3.40e+01  18164s
 143   1.03236231e+09  9.63581638e+08  3.61e+03 7.36e-04  3.32e+01  18248s
 144   1.03269344e+09  9.66668065e+08  3.52e+03 7.10e-04  3.21e+01  18309s
 145   1.03307495e+09  9.67990833e+08  3.41e+03 7.01e-04  3.14e+01  18368s
 146   1.03342570e+09  9.69558422e+08  3.33e+03 6.87e-04  3.07e+01  18436s
 147   1.03374877e+09  9.70458716e+08  3.27e+03 6.79e-04  3.02e+01  18534s
 148   1.03393625e+09  9.72170325e+08  3.22e+03 6.78e-04  2.97e+01  18576s
 149   1.03440522e+09  9.72603046e+08  3.13e+03 6.75e-04  2.92e+01  18650s
 150   1.03464407e+09  9.75407139e+08  3.08e+03 6.49e-04  2.84e+01  18754s
 151   1.03492199e+09  9.78087594e+08  3.02e+03 6.27e-04  2.76e+01  18843s
 152   1.03529915e+09  9.78369847e+08  2.94e+03 6.24e-04  2.72e+01  18915s
 153   1.03603963e+09  9.81046329e+08  2.78e+03 6.01e-04  2.59e+01  19026s
 154   1.03649704e+09  9.85274546e+08  2.67e+03 5.64e-04  2.44e+01  19097s
 155   1.03684323e+09  9.90117984e+08  2.58e+03 5.22e-04  2.30e+01  19166s
 156   1.03736309e+09  9.93631532e+08  2.46e+03 4.97e-04  2.17e+01  19256s
 157   1.03754600e+09  9.94868459e+08  2.42e+03 5.02e-04  2.13e+01  19307s
 158   1.03803710e+09  9.95985933e+08  2.32e+03 4.89e-04  2.06e+01  19368s
 159   1.03836654e+09  9.98279410e+08  2.24e+03 4.68e-04  1.98e+01  19459s
 160   1.03857336e+09  9.99950328e+08  2.20e+03 4.52e-04  1.92e+01  19545s
 161   1.03880400e+09  1.00188296e+09  2.15e+03 4.30e-04  1.86e+01  19633s
 162   1.03936285e+09  1.00545573e+09  2.01e+03 3.96e-04  1.72e+01  19704s
 163   1.03985456e+09  1.00765501e+09  1.90e+03 3.74e-04  1.62e+01  19783s
 164   1.04012365e+09  1.00971595e+09  1.84e+03 3.55e-04  1.55e+01  19854s
 165   1.04031722e+09  1.01030154e+09  1.81e+03 3.50e-04  1.53e+01  19931s
 166   1.04062769e+09  1.01310748e+09  1.74e+03 3.23e-04  1.43e+01  19995s
 167   1.04110480e+09  1.01495437e+09  1.64e+03 3.04e-04  1.35e+01  20064s
 168   1.04145016e+09  1.01687154e+09  1.56e+03 2.85e-04  1.27e+01  20128s
 169   1.04155887e+09  1.01745485e+09  1.54e+03 2.80e-04  1.25e+01  20182s
 170   1.04170825e+09  1.01793574e+09  1.52e+03 2.76e-04  1.24e+01  20258s
 171   1.04222218e+09  1.01952104e+09  1.41e+03 2.61e-04  1.16e+01  20331s
 172   1.04230555e+09  1.02001321e+09  1.40e+03 2.79e-04  1.14e+01  20377s
 173   1.04270373e+09  1.02107216e+09  1.32e+03 2.65e-04  1.09e+01  20440s
 174   1.04302435e+09  1.02258020e+09  1.26e+03 2.46e-04  1.03e+01  20512s
 175   1.04323660e+09  1.02378598e+09  1.21e+03 2.44e-04  9.84e+00  20576s
 176   1.04357645e+09  1.02828717e+09  1.13e+03 2.32e-04  8.52e+00  20645s
 177   1.04406253e+09  1.03031309e+09  1.03e+03 2.33e-04  7.68e+00  20708s
 178   1.04452849e+09  1.03141934e+09  9.39e+02 2.01e-04  7.07e+00  20770s
 179   1.04501546e+09  1.03400489e+09  8.41e+02 1.92e-04  6.14e+00  20856s
 180   1.04545007e+09  1.03624487e+09  7.58e+02 1.72e-04  5.34e+00  20931s
 181   1.04584560e+09  1.03656518e+09  6.84e+02 1.68e-04  5.01e+00  20988s
 182   1.04622730e+09  1.03871465e+09  6.16e+02 1.54e-04  4.31e+00  21072s
 183   1.04661238e+09  1.04001716e+09  5.45e+02 1.38e-04  3.78e+00  21139s
 184   1.04685842e+09  1.04034483e+09  5.05e+02 1.33e-04  3.58e+00  21202s
 185   1.04695003e+09  1.04161470e+09  4.89e+02 1.15e-04  3.25e+00  21266s
 186   1.04727295e+09  1.04254639e+09  4.32e+02 2.25e-04  2.86e+00  21314s
 187   1.04756368e+09  1.04306078e+09  3.82e+02 2.24e-04  2.59e+00  21375s
 188   1.04785985e+09  1.04387030e+09  3.29e+02 3.80e-04  2.24e+00  21427s
 189   1.04803376e+09  1.04415928e+09  2.98e+02 3.59e-04  2.08e+00  21497s
 190   1.04817154e+09  1.04457440e+09  2.75e+02 4.56e-04  1.93e+00  21557s
 191   1.04833141e+09  1.04529231e+09  2.49e+02 8.36e-04  1.70e+00  21602s
 192   1.04850021e+09  1.04586253e+09  2.21e+02 9.84e-04  1.50e+00  21657s
 193   1.04865059e+09  1.04595735e+09  1.97e+02 1.03e-03  1.40e+00  21692s
 194   1.04872499e+09  1.04645941e+09  1.84e+02 1.05e-03  1.26e+00  21744s
 195   1.04872937e+09  1.04649012e+09  1.84e+02 1.06e-03  1.25e+00  21771s
 196   1.04873962e+09  1.04655640e+09  1.82e+02 1.08e-03  1.23e+00  21814s
 197   1.04876837e+09  1.04663140e+09  1.81e+02 1.07e-03  1.22e+00  21870s
 198   1.04881021e+09  1.04675049e+09  1.76e+02 1.08e-03  1.18e+00  21913s
 199   1.04886823e+09  1.04675393e+09  1.69e+02 1.08e-03  1.16e+00  21951s
 200   1.04895932e+09  1.04712409e+09  1.54e+02 1.27e-03  1.04e+00  21985s
 201   1.04900840e+09  1.04724633e+09  1.46e+02 1.28e-03  9.94e-01  22057s
 202   1.04909585e+09  1.04761309e+09  1.31e+02 1.34e-03  8.70e-01  22099s
 203   1.04914348e+09  1.04769864e+09  1.23e+02 1.38e-03  8.29e-01  22137s
 204   1.04920002e+09  1.04787997e+09  1.14e+02 1.38e-03  7.66e-01  22165s
 205   1.04924254e+09  1.04813986e+09  1.06e+02 1.41e-03  6.87e-01  22209s
 206   1.04927392e+09  1.04819365e+09  1.01e+02 1.40e-03  6.61e-01  22250s
 207   1.04933101e+09  1.04834199e+09  9.21e+01 1.37e-03  6.02e-01  22299s
 208   1.04937410e+09  1.04854528e+09  8.47e+01 1.30e-03  5.35e-01  22348s
 209   1.04946154e+09  1.04868043e+09  6.93e+01 1.54e-03  4.61e-01  22398s
 210   1.04950145e+09  1.04884627e+09  6.22e+01 1.84e-03  4.06e-01  22446s
 211   1.04952228e+09  1.04898191e+09  5.80e+01 2.10e-03  3.62e-01  22490s
 212   1.04952265e+09  1.04898382e+09  5.80e+01 2.11e-03  3.62e-01  22522s
 213   1.04954194e+09  1.04904245e+09  5.47e+01 2.22e-03  3.40e-01  22575s
 214   1.04956924e+09  1.04907733e+09  5.00e+01 2.29e-03  3.18e-01  22632s
 215   1.04956926e+09  1.04907734e+09  5.00e+01 2.29e-03  3.18e-01  22668s
 216   1.04958495e+09  1.04911043e+09  4.80e+01 2.34e-03  3.08e-01  22715s
 217   1.04959659e+09  1.04915141e+09  4.59e+01 2.42e-03  2.92e-01  22747s
 218   1.04960013e+09  1.04916205e+09  4.52e+01 2.44e-03  2.88e-01  22777s
 219   1.04960210e+09  1.04918516e+09  4.49e+01 2.48e-03  2.82e-01  22817s
 220   1.04960210e+09  1.04918516e+09  4.49e+01 2.48e-03  2.82e-01  22847s
 221   1.04961414e+09  1.04919690e+09  4.28e+01 2.51e-03  2.73e-01  22884s
 222   1.04961962e+09  1.04922064e+09  4.19e+01 2.55e-03  2.65e-01  22939s
 223   1.04964152e+09  1.04926053e+09  3.80e+01 2.58e-03  2.45e-01  22997s
 224   1.04964774e+09  1.04928207e+09  3.69e+01 2.60e-03  2.37e-01  23030s
 225   1.04965218e+09  1.04933422e+09  3.61e+01 2.63e-03  2.23e-01  23084s
 226   1.04966052e+09  1.04935026e+09  3.47e+01 2.63e-03  2.16e-01  23114s
 227   1.04967652e+09  1.04937840e+09  3.17e+01 2.58e-03  2.00e-01  23163s
 228   1.04968018e+09  1.04938117e+09  3.10e+01 2.58e-03  1.98e-01  23197s
 229   1.04969017e+09  1.04942122e+09  2.93e+01 2.54e-03  1.84e-01  23250s
 230   1.04969676e+09  1.04946907e+09  2.81e+01 2.46e-03  1.70e-01  23283s
 231   1.04970579e+09  1.04950164e+09  2.64e+01 2.39e-03  1.58e-01  23320s
 232   1.04971183e+09  1.04951302e+09  2.53e+01 2.36e-03  1.51e-01  23366s
 233   1.04971770e+09  1.04952777e+09  2.42e+01 2.32e-03  1.45e-01  23395s
 234   1.04972435e+09  1.04954501e+09  2.28e+01 2.27e-03  1.36e-01  23456s
 235   1.04972440e+09  1.04954528e+09  2.28e+01 2.27e-03  1.36e-01  23489s
 236   1.04972452e+09  1.04954568e+09  2.28e+01 2.27e-03  1.36e-01  23518s
 237   1.04972501e+09  1.04954582e+09  2.27e+01 2.27e-03  1.36e-01  23542s
 238   1.04973096e+09  1.04956692e+09  2.16e+01 2.20e-03  1.28e-01  23636s
 239   1.04973685e+09  1.04958936e+09  2.04e+01 2.12e-03  1.19e-01  23684s
 240   1.04974784e+09  1.04960004e+09  1.83e+01 2.07e-03  1.10e-01  23718s
 241   1.04975606e+09  1.04961821e+09  1.67e+01 2.00e-03  1.01e-01  23759s
 242   1.04975607e+09  1.04961823e+09  7.51e+01 2.00e-03  1.01e-01  23850s
 243   1.04975913e+09  1.04963590e+09  7.25e+01 1.92e-03  9.59e-02  23940s
 244   1.04976266e+09  1.04964670e+09  6.95e+01 1.88e-03  9.15e-02  23974s
 245   1.04977016e+09  1.04966336e+09  6.30e+01 1.81e-03  8.34e-02  24041s
 246   1.04977845e+09  1.04967542e+09  5.60e+01 1.75e-03  7.58e-02  24096s
 247   1.04978122e+09  1.04968076e+09  5.36e+01 1.73e-03  7.30e-02  24128s
 248   1.04978164e+09  1.04968150e+09  5.33e+01 1.72e-03  7.26e-02  24174s
 249   1.04978714e+09  1.04969368e+09  4.86e+01 1.68e-03  6.68e-02  24223s
 250   1.04979235e+09  1.04971461e+09  4.36e+01 1.60e-03  5.86e-02  24281s
 251   1.04979492e+09  1.04971839e+09  4.14e+01 1.59e-03  5.61e-02  24316s
 252   1.04979682e+09  1.04972498e+09  3.98e+01 1.55e-03  5.36e-02  24345s
 253   1.04979682e+09  1.04972498e+09  3.98e+01 1.55e-03  5.36e-02  24381s
 254   1.04979704e+09  1.04972559e+09  1.08e+02 1.55e-03  5.33e-02  24416s
 255   1.04979966e+09  1.04973473e+09  1.02e+02 1.50e-03  4.98e-02  24457s
 256   1.04980020e+09  1.04973503e+09  1.01e+02 1.50e-03  4.94e-02  24498s
 257   1.04980241e+09  1.04973928e+09  9.55e+01 1.48e-03  4.74e-02  24542s
 258   1.04980471e+09  1.04974298e+09  8.97e+01 1.46e-03  4.50e-02  24599s
 259   1.04980513e+09  1.04974501e+09  8.87e+01 1.45e-03  4.43e-02  24632s
 260   1.04980513e+09  1.04974501e+09  8.87e+01 1.45e-03  4.43e-02  24657s
 261   1.04980513e+09  1.04974501e+09  8.87e+01 1.45e-03  4.43e-02  24682s
 262   1.04980599e+09  1.04974990e+09  8.67e+01 1.42e-03  4.28e-02  24721s
 263   1.04980780e+09  1.04975238e+09  8.22e+01 1.40e-03  4.10e-02  24788s
 264   1.04980779e+09  1.04975238e+09  8.21e+01 1.40e-03  4.10e-02  24819s
 265   1.04980956e+09  1.04975640e+09  7.79e+01 1.38e-03  3.91e-02  24857s
 266   1.04981039e+09  1.04975910e+09  7.59e+01 1.36e-03  3.80e-02  24882s
 267   1.04981195e+09  1.04976295e+09  7.22e+01 1.34e-03  3.61e-02  24922s
 268   1.04981278e+09  1.04976774e+09  7.02e+01 1.31e-03  3.46e-02  24954s
 269   1.04981519e+09  1.04976993e+09  6.40e+01 1.30e-03  3.24e-02  25035s
 270   1.04981520e+09  1.04976995e+09  6.40e+01 1.30e-03  3.24e-02  25062s
 271   1.04981520e+09  1.04976995e+09  6.40e+01 1.30e-03  3.24e-02  25089s
 272   1.04981662e+09  1.04977257e+09  6.05e+01 1.30e-03  3.10e-02  25126s
 273   1.04981662e+09  1.04977255e+09  6.05e+01 1.30e-03  3.10e-02  25152s
 274   1.04981754e+09  1.04977307e+09  5.82e+01 1.29e-03  3.03e-02  25187s
 275   1.04981779e+09  1.04977347e+09  5.75e+01 1.29e-03  3.00e-02  25221s
 276   1.04981823e+09  1.04977618e+09  5.63e+01 1.28e-03  2.91e-02  25287s
 277   1.04981849e+09  1.04977701e+09  5.57e+01 1.28e-03  2.87e-02  25321s
 278   1.04981852e+09  1.04977702e+09  5.43e+01 1.28e-03  2.87e-02  25357s
 279   1.04981963e+09  1.04978017e+09  5.16e+01 1.21e-03  2.73e-02  25431s
 280   1.04981988e+09  1.04978129e+09  5.10e+01 1.21e-03  2.69e-02  25468s
 281   1.04981990e+09  1.04978129e+09  5.14e+01 1.21e-03  2.69e-02  25512s
 282   1.04982055e+09  1.04978330e+09  4.98e+01 1.17e-03  2.60e-02  25556s
 283   1.04982057e+09  1.04978336e+09  4.97e+01 1.17e-03  2.60e-02  25615s
 284   1.04982058e+09  1.04978347e+09  4.97e+01 1.17e-03  2.60e-02  25656s
 285   1.04982119e+09  1.04978848e+09  4.85e+01 1.13e-03  2.46e-02  25811s
 286   1.04982136e+09  1.04978907e+09  4.80e+01 1.13e-03  2.44e-02  25871s
 287   1.04982137e+09  1.04978908e+09  4.80e+01 1.13e-03  2.44e-02  25928s
 288   1.04982189e+09  1.04979055e+09  4.67e+01 1.12e-03  2.37e-02  25979s
 289   1.04982193e+09  1.04979061e+09  4.66e+01 1.12e-03  2.36e-02  26029s
 290   1.04982195e+09  1.04979062e+09  4.65e+01 1.12e-03  2.36e-02  26087s
 291   1.04982256e+09  1.04979302e+09  4.50e+01 1.10e-03  2.27e-02  26149s
 292   1.04982358e+09  1.04979440e+09  4.23e+01 1.09e-03  2.17e-02  26220s
 293   1.04982435e+09  1.04979578e+09  4.03e+01 1.08e-03  2.08e-02  26279s
 294   1.04982441e+09  1.04979611e+09  4.01e+01 1.07e-03  2.07e-02  26320s
 295   1.04982442e+09  1.04979615e+09  4.01e+01 1.07e-03  2.06e-02  26374s
 296   1.04982482e+09  1.04979702e+09  3.90e+01 1.06e-03  2.02e-02  26426s
 297   1.04982484e+09  1.04979705e+09  3.90e+01 1.06e-03  2.01e-02  26484s
 298   1.04982484e+09  1.04979706e+09  3.90e+01 1.06e-03  2.01e-02  26526s
 299   1.04982484e+09  1.04979705e+09  3.90e+01 1.06e-03  2.01e-02  26567s
 300   1.04982515e+09  1.04979762e+09  3.81e+01 1.06e-03  1.98e-02  26602s
 301   1.04982551e+09  1.04979913e+09  3.71e+01 1.04e-03  1.92e-02  26650s
 302   1.04982592e+09  1.04979992e+09  3.60e+01 1.04e-03  1.87e-02  26692s
 303   1.04982672e+09  1.04980287e+09  3.38e+01 1.01e-03  1.75e-02  26783s
 304   1.04982673e+09  1.04980291e+09  3.38e+01 1.01e-03  1.74e-02  26817s
 305   1.04982736e+09  1.04980479e+09  3.21e+01 9.85e-04  1.66e-02  26875s
 306   1.04982753e+09  1.04980586e+09  3.17e+01 9.74e-04  1.62e-02  26904s
 307   1.04982753e+09  1.04980586e+09  3.17e+01 9.74e-04  1.62e-02  26956s
 308   1.04982763e+09  1.04980603e+09  3.14e+01 9.72e-04  1.61e-02  26993s
 309   1.04982784e+09  1.04980682e+09  3.08e+01 9.63e-04  1.58e-02  27032s
 310   1.04982821e+09  1.04980750e+09  2.98e+01 9.56e-04  1.53e-02  27077s
 311   1.04982839e+09  1.04980794e+09  2.93e+01 9.51e-04  1.51e-02  27129s
 312   1.04982840e+09  1.04980798e+09  2.92e+01 9.50e-04  1.51e-02  27169s
 313   1.04982837e+09  1.04980798e+09  2.92e+01 9.50e-04  1.50e-02  27212s
 314   1.04982838e+09  1.04980800e+09  2.92e+01 9.50e-04  1.50e-02  27248s
 315   1.04982866e+09  1.04980870e+09  2.84e+01 9.42e-04  1.47e-02  27309s
 316   1.04982867e+09  1.04980874e+09  2.84e+01 9.42e-04  1.47e-02  27371s

Barrier solved model in 316 iterations and 27371.32 seconds
Optimal objective 1.04975606e+09


User-callback calls 384238, time in user-callback 0.50 sec
Saving to: 20231007-174907
Success!
