Estimated Revenue Requirement = 211200000 per year
Estimated Ratebase = 1.462153846153846e9
BAU Gas Costs = 2.0465077577888313e8
ShutDown Gas Costs = [3.1972430769230765e8, 0.0, 0.0, 0.0, 0.0]
BAU Gas Costs = 2.001081602378462e8
ShutDown Gas Costs = [2.520221538461538e8, 8.719753846153846e7, 0.0, 0.0, 0.0]
BAU Gas Costs = 1.9567798009553784e8
ShutDown Gas Costs = [2.0323938461538458e8, 1.1551015384615383e8, 3.996553846153846e7, 0.0, 0.0]
BAU Gas Costs = 1.9135745243564636e8
ShutDown Gas Costs = [1.7323041758241755e8, 1.1613679120879118e8, 6.60058021978022e7, 2.283745054945055e7, 0.0]
PARAMETERS
T_inv: 5
N_Periods: 8
Clustering case: ward
Linked storage: 1
Linked generation: 0
Steady state elec: 1
Steady state gas: 0
Max offset electric: [0.0, 0.0, 0.0, 0.0, 0.0]
Max offset gas: [0.0, 0.0, 0.0, 0.0, 0.0]
Offset cost: [1600, 1400, 1200, 1000, 800]
Gas quality: Nodal
Max H2 injection frac: 0.0
Max appliance retirement multiplier: 1.5
Max biomethane share: 0.1
EI trajectory electric: [400, 200, 100, 50, 0]
EI trajectory gas: [200, 150, 100, 50, 0]
Electric transmission expansion: 2
Electric transmission expansion cost: 0 $/MW-m
Multi-day Storage: 0
Pumped Hydro Storage: 0
Check weights :
[0.29315068493150687, 0.12054794520547946, 0.10136986301369863, 0.030136986301369864, 0.024657534246575342, 0.2273972602739726, 0.12876712328767123, 0.07397260273972603]
Check medoids :
[249.0, 341.0, 18.0, 13.0, 54.0, 231.0, 207.0, 137.0]
┌ Warning: Axis contains one element: 1. If intended, you can safely ignore this warning. To explicitly pass the axis with one element, pass `[1]` instead of `1`.
└ @ JuMP.Containers ~/.julia/packages/JuMP/yYfHy/src/Containers/DenseAxisArray.jl:173
┌ Warning: Axis contains one element: 1. If intended, you can safely ignore this warning. To explicitly pass the axis with one element, pass `[1]` instead of `1`.
└ @ JuMP.Containers ~/.julia/packages/JuMP/yYfHy/src/Containers/DenseAxisArray.jl:173
┌ Warning: Axis contains one element: 1. If intended, you can safely ignore this warning. To explicitly pass the axis with one element, pass `[1]` instead of `1`.
└ @ JuMP.Containers ~/.julia/packages/JuMP/yYfHy/src/Containers/DenseAxisArray.jl:173
┌ Warning: Axis contains one element: 1. If intended, you can safely ignore this warning. To explicitly pass the axis with one element, pass `[1]` instead of `1`.
└ @ JuMP.Containers ~/.julia/packages/JuMP/yYfHy/src/Containers/DenseAxisArray.jl:173
┌ Warning: Axis contains one element: 1. If intended, you can safely ignore this warning. To explicitly pass the axis with one element, pass `[1]` instead of `1`.
└ @ JuMP.Containers ~/.julia/packages/JuMP/yYfHy/src/Containers/DenseAxisArray.jl:173
┌ Warning: Axis contains one element: 1. If intended, you can safely ignore this warning. To explicitly pass the axis with one element, pass `[1]` instead of `1`.
└ @ JuMP.Containers ~/.julia/packages/JuMP/yYfHy/src/Containers/DenseAxisArray.jl:173
┌ Warning: Axis contains one element: 1. If intended, you can safely ignore this warning. To explicitly pass the axis with one element, pass `[1]` instead of `1`.
└ @ JuMP.Containers ~/.julia/packages/JuMP/yYfHy/src/Containers/DenseAxisArray.jl:173
┌ Warning: Axis contains one element: 1. If intended, you can safely ignore this warning. To explicitly pass the axis with one element, pass `[1]` instead of `1`.
└ @ JuMP.Containers ~/.julia/packages/JuMP/yYfHy/src/Containers/DenseAxisArray.jl:173
┌ Warning: Axis contains one element: 1. If intended, you can safely ignore this warning. To explicitly pass the axis with one element, pass `[1]` instead of `1`.
└ @ JuMP.Containers ~/.julia/packages/JuMP/yYfHy/src/Containers/DenseAxisArray.jl:173
┌ Warning: Axis contains one element: 1. If intended, you can safely ignore this warning. To explicitly pass the axis with one element, pass `[1]` instead of `1`.
└ @ JuMP.Containers ~/.julia/packages/JuMP/yYfHy/src/Containers/DenseAxisArray.jl:173
┌ Warning: Axis contains one element: 1. If intended, you can safely ignore this warning. To explicitly pass the axis with one element, pass `[1]` instead of `1`.
└ @ JuMP.Containers ~/.julia/packages/JuMP/yYfHy/src/Containers/DenseAxisArray.jl:173
┌ Warning: Axis contains one element: 1. If intended, you can safely ignore this warning. To explicitly pass the axis with one element, pass `[1]` instead of `1`.
└ @ JuMP.Containers ~/.julia/packages/JuMP/yYfHy/src/Containers/DenseAxisArray.jl:173
┌ Warning: Axis contains one element: 1. If intended, you can safely ignore this warning. To explicitly pass the axis with one element, pass `[1]` instead of `1`.
└ @ JuMP.Containers ~/.julia/packages/JuMP/yYfHy/src/Containers/DenseAxisArray.jl:173
┌ Warning: Axis contains one element: 1. If intended, you can safely ignore this warning. To explicitly pass the axis with one element, pass `[1]` instead of `1`.
└ @ JuMP.Containers ~/.julia/packages/JuMP/yYfHy/src/Containers/DenseAxisArray.jl:173
Gurobi Optimizer version 9.0.3 build v9.0.3rc0 (linux64)
Optimize a model with 7145584 rows, 2375420 columns and 42656343 nonzeros
Model fingerprint: 0xb5eab28f
Coefficient statistics:
  Matrix range     [3e-05, 3e+07]
  Objective range  [2e-04, 9e+06]
  Bounds range     [1e+00, 5e+03]
  RHS range        [2e-06, 1e+11]
Warning: Model contains large rhs
Presolve removed 1973112 rows and 440000 columns (presolve time = 5s) ...
Presolve removed 2312739 rows and 772922 columns (presolve time = 10s) ...
Presolve removed 2312739 rows and 772922 columns (presolve time = 15s) ...
Presolve removed 2312739 rows and 772922 columns (presolve time = 20s) ...
Presolve removed 2312739 rows and 772922 columns (presolve time = 25s) ...
Presolve removed 2312739 rows and 772922 columns (presolve time = 30s) ...
Presolve removed 2312739 rows and 772922 columns (presolve time = 35s) ...
Presolve removed 2312739 rows and 772922 columns (presolve time = 40s) ...
Presolve removed 2312739 rows and 772922 columns (presolve time = 45s) ...
Presolve removed 2312739 rows and 772922 columns (presolve time = 50s) ...
Presolve removed 2312739 rows and 772922 columns (presolve time = 55s) ...
Presolve removed 2312739 rows and 772922 columns (presolve time = 60s) ...
Presolve removed 2312739 rows and 772922 columns (presolve time = 65s) ...
Presolve removed 2312739 rows and 772922 columns (presolve time = 70s) ...
Presolve removed 2312739 rows and 772922 columns (presolve time = 75s) ...
Presolve removed 2312739 rows and 772922 columns (presolve time = 80s) ...
Presolve removed 2312739 rows and 772922 columns (presolve time = 85s) ...
Presolve removed 2312739 rows and 772922 columns (presolve time = 90s) ...
Presolve removed 2312739 rows and 772922 columns (presolve time = 95s) ...
Presolve removed 2312739 rows and 772922 columns (presolve time = 100s) ...
Presolve removed 2312739 rows and 772922 columns (presolve time = 105s) ...
Presolve removed 2312739 rows and 772922 columns (presolve time = 110s) ...
Presolve removed 2312739 rows and 772922 columns (presolve time = 115s) ...
Presolve removed 2312739 rows and 772922 columns (presolve time = 120s) ...
Presolve removed 2312739 rows and 772922 columns (presolve time = 125s) ...
Presolve removed 2312739 rows and 772922 columns (presolve time = 130s) ...
Presolve removed 2312739 rows and 772922 columns (presolve time = 135s) ...
Presolve removed 2312739 rows and 772922 columns (presolve time = 140s) ...
Presolve removed 2312739 rows and 772922 columns (presolve time = 145s) ...
Presolve removed 2312739 rows and 772922 columns (presolve time = 150s) ...
Presolve removed 2312739 rows and 772922 columns (presolve time = 155s) ...
Presolve removed 2312739 rows and 772922 columns (presolve time = 160s) ...
Presolve removed 2312739 rows and 772922 columns (presolve time = 165s) ...
Presolve removed 2312739 rows and 772922 columns (presolve time = 170s) ...
Presolve removed 2312739 rows and 772922 columns (presolve time = 175s) ...
Presolve removed 2312739 rows and 772922 columns (presolve time = 180s) ...
Presolve removed 2312739 rows and 772922 columns (presolve time = 185s) ...
Presolve removed 2312739 rows and 772922 columns (presolve time = 190s) ...
Presolve removed 2312739 rows and 772922 columns (presolve time = 195s) ...
Presolve removed 2312739 rows and 772922 columns (presolve time = 200s) ...
Presolve removed 2312739 rows and 772922 columns (presolve time = 205s) ...
Presolve removed 2312739 rows and 772922 columns (presolve time = 210s) ...
Presolve removed 2312739 rows and 772922 columns (presolve time = 215s) ...
Presolve removed 2312739 rows and 772922 columns (presolve time = 220s) ...
Presolve removed 2312739 rows and 772922 columns (presolve time = 225s) ...
Presolve removed 2312739 rows and 772922 columns (presolve time = 230s) ...
Presolve removed 2312739 rows and 772922 columns (presolve time = 235s) ...
Presolve removed 2312739 rows and 772922 columns (presolve time = 240s) ...
Presolve removed 2312739 rows and 772922 columns (presolve time = 245s) ...
Presolve removed 2312739 rows and 772922 columns (presolve time = 250s) ...
Presolve removed 2312739 rows and 772922 columns (presolve time = 255s) ...
Presolve removed 2312739 rows and 772922 columns (presolve time = 260s) ...
Presolve removed 2312739 rows and 772922 columns (presolve time = 265s) ...
Presolve removed 2312739 rows and 772922 columns (presolve time = 270s) ...
Presolve removed 2312739 rows and 772922 columns (presolve time = 275s) ...
Presolve removed 3259259 rows and 772922 columns (presolve time = 283s) ...
Presolve removed 3281460 rows and 800530 columns (presolve time = 285s) ...
Presolve removed 3281460 rows and 800530 columns (presolve time = 290s) ...
Presolve removed 3281460 rows and 800530 columns (presolve time = 295s) ...
Presolve removed 3281460 rows and 800530 columns (presolve time = 300s) ...
Presolve removed 3281460 rows and 800530 columns (presolve time = 305s) ...
Presolve removed 3281460 rows and 800530 columns (presolve time = 310s) ...
Presolve removed 3281460 rows and 800530 columns (presolve time = 315s) ...
Presolve removed 3281460 rows and 800530 columns (presolve time = 320s) ...
Presolve removed 3281460 rows and 800530 columns (presolve time = 325s) ...
Presolve removed 3281460 rows and 800530 columns (presolve time = 330s) ...
Presolve removed 3281460 rows and 800530 columns (presolve time = 335s) ...
Presolve removed 3281460 rows and 800530 columns (presolve time = 340s) ...
Presolve removed 3281460 rows and 800530 columns (presolve time = 345s) ...
Presolve removed 3281460 rows and 800530 columns (presolve time = 350s) ...
Presolve removed 3281460 rows and 800530 columns (presolve time = 355s) ...
Presolve removed 3281460 rows and 800530 columns (presolve time = 360s) ...
Presolve removed 3281460 rows and 800530 columns (presolve time = 365s) ...
Presolve removed 3281460 rows and 800530 columns (presolve time = 370s) ...
Presolve removed 3281460 rows and 800530 columns (presolve time = 375s) ...
Presolve removed 3281460 rows and 800530 columns (presolve time = 380s) ...
Presolve removed 3281460 rows and 800530 columns (presolve time = 385s) ...
Presolve removed 3281460 rows and 800530 columns (presolve time = 390s) ...
Presolve removed 3281460 rows and 800530 columns (presolve time = 395s) ...
Presolve removed 3281460 rows and 800530 columns (presolve time = 400s) ...
Presolve removed 3281460 rows and 800530 columns (presolve time = 405s) ...
Presolve removed 3281460 rows and 800530 columns (presolve time = 410s) ...
Presolve removed 3281460 rows and 800530 columns (presolve time = 415s) ...
Presolve removed 3281460 rows and 800530 columns (presolve time = 420s) ...
Presolve removed 3281460 rows and 800530 columns (presolve time = 425s) ...
Presolve removed 3281460 rows and 800530 columns (presolve time = 430s) ...
Presolve removed 3281460 rows and 800530 columns (presolve time = 435s) ...
Presolve removed 3281460 rows and 800530 columns (presolve time = 440s) ...
Presolve removed 3281460 rows and 800530 columns (presolve time = 445s) ...
Presolve removed 3281460 rows and 800530 columns (presolve time = 450s) ...
Presolve removed 3281460 rows and 800530 columns (presolve time = 455s) ...
Presolve removed 3281460 rows and 800530 columns (presolve time = 460s) ...
Presolve removed 3281460 rows and 800530 columns (presolve time = 465s) ...
Presolve removed 3281460 rows and 800530 columns (presolve time = 470s) ...
Presolve removed 3281460 rows and 800530 columns (presolve time = 475s) ...
Presolve removed 3281460 rows and 800530 columns (presolve time = 480s) ...
Presolve removed 3281460 rows and 800530 columns (presolve time = 485s) ...
Presolve removed 3281460 rows and 800530 columns (presolve time = 490s) ...
Presolve removed 3281460 rows and 800530 columns (presolve time = 495s) ...
Presolve removed 3281460 rows and 800530 columns (presolve time = 500s) ...
Presolve removed 3281460 rows and 800530 columns (presolve time = 505s) ...
Presolve removed 3281460 rows and 800530 columns (presolve time = 510s) ...
Presolve removed 3281460 rows and 800530 columns (presolve time = 515s) ...
Presolve removed 3281460 rows and 800530 columns (presolve time = 520s) ...
Presolve removed 3334040 rows and 800530 columns (presolve time = 525s) ...
Presolve removed 3334040 rows and 800530 columns (presolve time = 530s) ...
Presolve removed 3334040 rows and 800530 columns (presolve time = 535s) ...
Presolve removed 3334040 rows and 800530 columns (presolve time = 540s) ...
Presolve removed 3334040 rows and 800530 columns (presolve time = 545s) ...
Presolve removed 3334040 rows and 800530 columns (presolve time = 550s) ...
Presolve removed 3334040 rows and 800530 columns (presolve time = 555s) ...
Presolve removed 3334040 rows and 800530 columns (presolve time = 560s) ...
Presolve removed 3334040 rows and 800530 columns (presolve time = 565s) ...
Presolve removed 3334040 rows and 800530 columns (presolve time = 570s) ...
Presolve removed 3334040 rows and 800530 columns (presolve time = 575s) ...
Presolve removed 3334040 rows and 800530 columns (presolve time = 580s) ...
Presolve removed 3334040 rows and 800530 columns (presolve time = 585s) ...
Presolve removed 3334040 rows and 800530 columns (presolve time = 590s) ...
Presolve removed 3334040 rows and 800530 columns (presolve time = 595s) ...
Presolve removed 3334040 rows and 800530 columns (presolve time = 600s) ...
Presolve removed 3334040 rows and 800530 columns (presolve time = 605s) ...
Presolve removed 3334040 rows and 800530 columns (presolve time = 610s) ...
Presolve removed 3334040 rows and 800530 columns (presolve time = 615s) ...
Presolve removed 3334040 rows and 800530 columns (presolve time = 620s) ...
Presolve removed 3334040 rows and 800530 columns (presolve time = 625s) ...
Presolve removed 3334040 rows and 800530 columns (presolve time = 630s) ...
Presolve removed 3334040 rows and 800530 columns (presolve time = 635s) ...
Presolve removed 3334040 rows and 800530 columns (presolve time = 640s) ...
Presolve removed 3334040 rows and 800530 columns (presolve time = 645s) ...
Presolve removed 3334040 rows and 800530 columns (presolve time = 650s) ...
Presolve removed 3334040 rows and 800530 columns (presolve time = 655s) ...
Presolve removed 3334040 rows and 800530 columns (presolve time = 660s) ...
Presolve removed 3334040 rows and 800530 columns (presolve time = 665s) ...
Presolve removed 3334040 rows and 800530 columns (presolve time = 670s) ...
Presolve removed 3334040 rows and 800530 columns (presolve time = 675s) ...
Presolve removed 3334040 rows and 800530 columns (presolve time = 680s) ...
Presolve removed 3334040 rows and 800530 columns (presolve time = 685s) ...
Presolve removed 3334040 rows and 800530 columns (presolve time = 690s) ...
Presolve removed 3334040 rows and 800530 columns (presolve time = 695s) ...
Presolve removed 3334040 rows and 800530 columns (presolve time = 700s) ...
Presolve removed 3334040 rows and 800530 columns (presolve time = 705s) ...
Presolve removed 3334040 rows and 800530 columns (presolve time = 710s) ...
Presolve removed 3334040 rows and 800530 columns (presolve time = 715s) ...
Presolve removed 3334040 rows and 800530 columns (presolve time = 720s) ...
Presolve removed 3334040 rows and 800530 columns (presolve time = 725s) ...
Presolve removed 3334040 rows and 800530 columns (presolve time = 730s) ...
Presolve removed 3334040 rows and 800530 columns (presolve time = 735s) ...
Presolve removed 3334040 rows and 800530 columns (presolve time = 740s) ...
Presolve removed 3334040 rows and 800530 columns (presolve time = 745s) ...
Presolve removed 3334040 rows and 800530 columns (presolve time = 750s) ...
Presolve removed 3334040 rows and 800530 columns (presolve time = 755s) ...
Presolve removed 3334068 rows and 800530 columns (presolve time = 761s) ...
Presolve removed 3334068 rows and 800530 columns
Presolve time: 761.66s
Presolved: 3811516 rows, 1574918 columns, 24400640 nonzeros
Elapsed ordering time = 5s
Elapsed ordering time = 10s
Elapsed ordering time = 15s
Elapsed ordering time = 20s
Elapsed ordering time = 25s
Elapsed ordering time = 30s
Elapsed ordering time = 35s
Elapsed ordering time = 40s
Ordering time: 44.70s

Barrier statistics:
 Dense cols : 3117
 AA' NZ     : 4.609e+08
 Factor NZ  : 6.315e+08 (roughly 7.0 GBytes of memory)
 Factor Ops : 2.729e+11 (roughly 2 seconds per iteration)
 Threads    : 46

                  Objective                Residual
Iter       Primal          Dual         Primal    Dual     Compl     Time
   0   8.81280614e+16 -3.90663444e+18  9.49e+13 1.88e+04  1.17e+15   847s
   1   9.16720419e+16 -2.11361631e+18  8.90e+13 6.22e+04  1.12e+15   857s
   2   9.38239766e+16 -1.53090296e+19  8.57e+13 9.28e+04  1.05e+15   869s
   3   9.80719830e+16 -4.04177208e+19  8.04e+13 8.27e+04  9.71e+14   884s
   4   1.12836319e+17 -3.95162336e+19  7.90e+13 8.83e+04  1.05e+15   898s
   5   1.25581821e+17 -3.90512824e+19  7.77e+13 8.96e+04  1.09e+15   915s
   6   1.36507720e+17 -3.69186802e+19  7.64e+13 8.15e+04  1.25e+15   935s
   7   1.57684745e+17 -3.44188970e+19  7.32e+13 7.62e+04  1.45e+15   955s
   8   1.75313875e+17 -3.14415182e+19  6.93e+13 7.04e+04  1.69e+15   974s
   9   1.88223676e+17 -2.91677049e+19  6.44e+13 6.73e+04  1.84e+15   996s
  10   1.87482469e+17 -2.36587976e+19  5.87e+13 5.30e+04  2.17e+15  1015s
  11   1.79048577e+17 -1.89774451e+19  5.40e+13 4.11e+04  2.40e+15  1028s
  12   1.60505666e+17 -1.41068959e+19  4.70e+13 3.06e+04  2.42e+15  1048s
  13   1.23184549e+17 -1.26439470e+19  3.46e+13 2.92e+04  1.94e+15  1082s
  14   9.12541914e+16 -7.58073624e+18  2.43e+13 1.68e+04  1.58e+15  1122s
  15   6.24927420e+16 -4.60109062e+18  1.59e+13 9.99e+03  1.14e+15  1161s
  16   4.42764638e+16 -2.38375338e+18  1.09e+13 5.12e+03  7.18e+14  1193s
  17   2.12739780e+16 -1.69531108e+18  4.89e+12 3.62e+03  3.00e+14  1220s
  18   1.13095514e+16 -6.80844229e+17  2.48e+12 1.48e+03  1.14e+14  1240s
  19   3.18855342e+15 -1.98230021e+17  6.43e+11 4.11e+02  1.47e+13  1260s
  20   8.05073983e+14 -9.10879202e+16  1.48e+11 1.86e+02  2.09e+12  1280s
  21   2.32118150e+14 -5.04612387e+16  3.59e+10 1.03e+02  3.84e+11  1294s
  22   1.37533218e+14 -2.69586596e+16  1.86e+10 5.48e+01  1.65e+11  1314s
  23   9.06633850e+13 -1.87615540e+16  1.06e+10 3.80e+01  8.49e+10  1333s
  24   6.38619764e+13 -1.32819363e+16  6.43e+09 2.68e+01  4.81e+10  1357s
  25   4.12235017e+13 -5.74034999e+15  3.33e+09 1.13e+01  2.17e+10  1373s
  26   2.92919236e+13 -3.87282309e+15  2.12e+09 7.50e+00  1.30e+10  1388s
  27   2.38041759e+13 -2.70074471e+15  1.63e+09 5.09e+00  9.54e+09  1404s
  28   1.92441167e+13 -2.30689354e+15  1.29e+09 4.28e+00  7.42e+09  1422s
  29   1.52035820e+13 -2.00097465e+15  9.69e+08 3.64e+00  5.57e+09  1441s
  30   1.33932912e+13 -1.63139334e+15  8.18e+08 2.86e+00  4.66e+09  1462s
  31   1.09227050e+13 -1.31393511e+15  6.12e+08 2.17e+00  3.49e+09  1488s
  32   9.43605530e+12 -9.96442882e+14  5.02e+08 1.47e+00  2.88e+09  1515s
  33   7.76430708e+12 -8.00901357e+14  3.99e+08 1.07e+00  2.29e+09  1544s
  34   6.32798820e+12 -6.28501246e+14  3.12e+08 7.22e-01  1.80e+09  1573s
  35   4.73289412e+12 -5.12018177e+14  2.27e+08 4.96e-01  1.30e+09  1601s
  36   3.77384880e+12 -3.61107599e+14  1.81e+08 2.15e-01  9.88e+08  1629s
  37   2.30784073e+12 -2.23563372e+14  1.13e+08 6.33e-07  5.69e+08  1657s
  38   7.78079100e+11 -7.54004714e+13  4.20e+07 4.22e-07  1.61e+08  1682s
  39   4.29722308e+11 -3.19326949e+13  2.48e+07 3.53e-07  7.24e+07  1712s
  40   2.78507436e+11 -1.94733828e+13  1.62e+07 3.66e-07  4.03e+07  1739s
  41   2.25446097e+11 -1.27653563e+13  1.26e+07 3.09e-07  2.66e+07  1759s
  42   1.79525596e+11 -9.91549377e+12  9.39e+06 2.28e-07  1.76e+07  1774s
  43   1.55893433e+11 -8.12151604e+12  7.64e+06 1.44e-07  1.30e+07  1790s
  44   1.39349505e+11 -7.12767813e+12  6.37e+06 2.08e-07  1.04e+07  1810s
  45   1.32228114e+11 -6.50745789e+12  5.81e+06 1.22e-07  9.18e+06  1825s
  46   1.20191704e+11 -4.76925907e+12  4.85e+06 7.82e-08  6.74e+06  1844s
  47   1.10021064e+11 -3.65761718e+12  4.05e+06 9.43e-08  5.04e+06  1867s
  48   1.02621761e+11 -2.79069090e+12  3.49e+06 1.13e-07  3.85e+06  1889s
  49   9.40175680e+10 -2.10246931e+12  2.79e+06 1.16e-07  2.74e+06  1921s
  50   8.64587642e+10 -1.61769998e+12  2.21e+06 8.76e-08  1.96e+06  1960s
  51   7.92969062e+10 -1.35453026e+12  1.78e+06 8.42e-08  1.47e+06  1994s
  52   6.63545366e+10 -9.46582072e+11  1.31e+06 6.35e-08  9.46e+05  2027s
  53   4.90478925e+10 -6.96543490e+11  1.05e+06 5.69e-08  6.62e+05  2060s
  54   3.89383973e+10 -5.07408840e+11  8.50e+05 5.57e-05  4.61e+05  2093s
  55   2.82185410e+10 -4.27577304e+11  6.29e+05 8.73e-05  3.29e+05  2129s
  56   2.19381885e+10 -2.99804027e+11  5.06e+05 1.44e-04  2.27e+05  2164s
  57   1.83734558e+10 -2.40179513e+11  4.26e+05 1.47e-04  1.74e+05  2195s
  58   1.46783504e+10 -1.77722244e+11  3.37e+05 1.39e-04  1.23e+05  2229s
  59   1.25273326e+10 -1.29331623e+11  2.88e+05 1.22e-04  8.99e+04  2265s
  60   1.06446788e+10 -8.85467427e+10  2.44e+05 9.85e-05  6.29e+04  2309s
  61   7.96276624e+09 -6.70776227e+10  1.86e+05 8.02e-05  4.33e+04  2376s
  62   6.32054818e+09 -4.62132095e+10  1.49e+05 6.21e-05  2.94e+04  2456s
  63   5.32601929e+09 -3.60362651e+10  1.26e+05 5.14e-05  2.25e+04  2553s
  64   4.49047446e+09 -2.83747148e+10  1.04e+05 4.25e-05  1.70e+04  2640s
  65   3.90261541e+09 -2.19369550e+10  8.91e+04 3.41e-05  1.30e+04  2734s
  66   3.33214231e+09 -1.79230502e+10  7.33e+04 2.89e-05  1.01e+04  2814s
  67   2.95202502e+09 -1.37648895e+10  6.24e+04 2.32e-05  7.72e+03  2925s
  68   2.67099804e+09 -1.05971488e+10  5.40e+04 1.86e-05  5.98e+03  3015s
  69   2.33981699e+09 -7.90022163e+09  4.40e+04 1.45e-05  4.37e+03  3124s
  70   2.24988614e+09 -6.91502089e+09  4.13e+04 1.30e-05  3.88e+03  3213s
  71   2.17163786e+09 -6.75135226e+09  3.89e+04 1.28e-05  3.70e+03  3299s
  72   2.12030055e+09 -5.42469739e+09  3.73e+04 1.07e-05  3.17e+03  3402s
  73   1.88811619e+09 -4.65645857e+09  3.04e+04 9.36e-06  2.55e+03  3502s
  74   1.74406733e+09 -3.51708368e+09  2.60e+04 7.62e-06  1.98e+03  3557s
  75   1.58352875e+09 -2.80687636e+09  2.09e+04 7.00e-06  1.56e+03  3621s
  76   1.49149215e+09 -2.11341063e+09  1.80e+04 7.23e-06  1.24e+03  3688s
  77   1.43270969e+09 -1.70267498e+09  1.63e+04 7.10e-06  1.06e+03  3750s
  78   1.33339162e+09 -1.23235307e+09  1.33e+04 5.97e-06  8.28e+02  3824s
  79   1.25849974e+09 -7.41338926e+08  1.11e+04 5.31e-06  6.29e+02  3923s
  80   1.19931509e+09 -4.42078281e+08  9.89e+03 3.74e-06  5.05e+02  4028s
  81   1.10705817e+09 -1.95820253e+08  8.02e+03 3.05e-06  3.87e+02  4123s
  82   1.04999452e+09  2.76787052e+07  6.71e+03 2.28e-06  2.96e+02  4223s
  83   1.01290138e+09  6.23060982e+07  5.95e+03 2.52e-06  2.70e+02  4269s
  84   9.79662131e+08  1.65770953e+08  5.25e+03 2.22e-06  2.27e+02  4330s
  85   9.44526916e+08  2.53677068e+08  4.56e+03 2.11e-06  1.89e+02  4380s
  86   9.14937800e+08  3.67892643e+08  3.96e+03 2.05e-06  1.47e+02  4450s
  87   8.74864988e+08  4.40058928e+08  3.13e+03 3.03e-06  1.14e+02  4522s
  88   8.59024503e+08  5.01758406e+08  2.82e+03 4.04e-06  9.26e+01  4569s
  89   8.38854145e+08  5.57785514e+08  2.42e+03 5.10e-06  7.18e+01  4631s
  90   8.09210250e+08  5.95743262e+08  1.81e+03 5.85e-06  5.29e+01  4683s
  91   7.95000195e+08  6.28379829e+08  1.52e+03 4.86e-06  4.07e+01  4735s
  92   7.75282953e+08  6.52000476e+08  1.10e+03 5.38e-06  2.94e+01  4790s
  93   7.62778943e+08  6.77785873e+08  8.46e+02 4.78e-06  2.01e+01  4885s
  94   7.56044359e+08  6.86970557e+08  7.00e+02 4.28e-06  1.61e+01  4940s
  95   7.46957236e+08  6.98724578e+08  4.98e+02 4.63e-06  1.11e+01  5016s
  96   7.43293360e+08  7.05199787e+08  4.16e+02 4.23e-06  8.76e+00  5080s
  97   7.38271548e+08  7.08633480e+08  3.03e+02 3.92e-06  6.74e+00  5146s
  98   7.36220700e+08  7.13106489e+08  2.56e+02 3.17e-06  5.25e+00  5206s
  99   7.33954935e+08  7.15598166e+08  2.05e+02 2.49e-06  4.16e+00  5288s
 100   7.33018452e+08  7.17080555e+08  1.84e+02 2.19e-06  3.61e+00  5348s
 101   7.31582263e+08  7.18587978e+08  1.50e+02 2.05e-06  2.93e+00  5420s
 102   7.30750081e+08  7.20493626e+08  1.31e+02 1.67e-06  2.32e+00  5481s
 103   7.29631955e+08  7.21865586e+08  1.04e+02 1.29e-06  1.76e+00  5560s
 104   7.28647276e+08  7.22657653e+08  7.96e+01 1.05e-06  1.35e+00  5619s
 105   7.27807482e+08  7.23803186e+08  5.97e+01 4.98e-07  9.10e-01  5705s
 106   7.27273770e+08  7.24155319e+08  4.65e+01 3.96e-07  7.09e-01  5783s
 107   7.27174854e+08  7.24252772e+08  4.41e+01 3.67e-07  6.65e-01  5843s
 108   7.27074076e+08  7.24345266e+08  4.17e+01 3.48e-07  6.21e-01  5909s
 109   7.26960668e+08  7.24514222e+08  3.89e+01 2.92e-07  5.58e-01  6018s
 110   7.26421471e+08  7.24724157e+08  2.53e+01 2.92e-07  3.85e-01  6063s
 111   7.26164405e+08  7.24867864e+08  1.88e+01 3.25e-07  2.93e-01  6101s
 112   7.26020171e+08  7.25020282e+08  1.53e+01 6.37e-07  2.26e-01  6151s
 113   7.25920005e+08  7.25101691e+08  1.27e+01 6.50e-07  1.85e-01  6194s
 114   7.25814524e+08  7.25163325e+08  1.01e+01 3.07e-07  1.47e-01  6250s
 115   7.25725053e+08  7.25240806e+08  7.81e+00 4.10e-07  1.10e-01  6304s
 116   7.25606459e+08  7.25277971e+08  4.78e+00 8.79e-07  7.42e-02  6375s
 117   7.25549520e+08  7.25309866e+08  3.34e+00 5.12e-06  5.39e-02  6427s
 118   7.25526671e+08  7.25354145e+08  2.77e+00 4.59e-06  3.94e-02  6477s
 119   7.25510813e+08  7.25366096e+08  2.38e+00 3.63e-06  3.31e-02  6535s
 120   7.25477058e+08  7.25376382e+08  1.56e+00 1.33e-05  2.26e-02  6591s
 121   7.25456877e+08  7.25390906e+08  1.09e+00 2.67e-05  1.47e-02  6639s
 122   7.25444693e+08  7.25397998e+08  7.73e-01 1.98e-05  1.04e-02  6687s
 123   7.25437891e+08  7.25402364e+08  6.03e-01 1.48e-05  7.97e-03  6728s
 124   7.25428055e+08  7.25405317e+08  3.44e-01 1.21e-05  5.12e-03  6763s
 125   7.25424102e+08  7.25406631e+08  2.45e-01 2.59e-05  3.91e-03  6815s
 126   7.25422667e+08  7.25407990e+08  2.10e-01 5.50e-05  3.28e-03  6849s
 127   7.25422426e+08  7.25408408e+08  1.98e-01 1.20e-04  3.18e-03  6879s
 128   7.25420635e+08  7.25409602e+08  1.52e-01 1.02e-04  2.53e-03  6901s
 129   7.25420212e+08  7.25409967e+08  1.41e-01 9.06e-05  2.34e-03  6923s
 130   7.25419064e+08  7.25410668e+08  1.12e-01 7.83e-05  1.93e-03  6942s
 131   7.25418451e+08  7.25411236e+08  9.71e-02 6.69e-05  1.67e-03  6964s
 132   7.25417818e+08  7.25411790e+08  8.19e-02 5.35e-05  1.41e-03  6992s
 133   7.25417302e+08  7.25412291e+08  6.96e-02 4.50e-05  1.18e-03  7010s
 134   7.25416704e+08  7.25412637e+08  5.53e-02 3.79e-05  9.67e-04  7028s
 135   7.25416336e+08  7.25412826e+08  4.66e-02 3.39e-05  8.39e-04  7051s
 136   7.25416037e+08  7.25412949e+08  3.95e-02 3.12e-05  7.38e-04  7068s
 137   7.25415952e+08  7.25413009e+08  3.75e-02 2.99e-05  7.04e-04  7085s
 138   7.25415805e+08  7.25413049e+08  3.41e-02 2.90e-05  6.59e-04  7106s
 139   7.25415702e+08  7.25413191e+08  3.17e-02 2.56e-05  6.04e-04  7126s
 140   7.25415606e+08  7.25413263e+08  2.95e-02 2.40e-05  5.63e-04  7140s
 141   7.25415489e+08  7.25413363e+08  2.67e-02 2.18e-05  5.11e-04  7167s
 142   7.25415292e+08  7.25413515e+08  2.21e-02 1.87e-05  4.31e-04  7188s
 143   7.25415160e+08  7.25413628e+08  1.91e-02 1.61e-05  3.71e-04  7207s
 144   7.25415160e+08  7.25413628e+08  1.91e-02 1.61e-05  3.71e-04  7221s
 145   7.25415160e+08  7.25413628e+08  1.91e-02 1.61e-05  3.71e-04  7240s
 146   7.25415126e+08  7.25413637e+08  1.83e-02 9.14e-07  3.60e-04  7267s
 147   7.25415093e+08  7.25413677e+08  1.75e-02 7.69e-07  3.42e-04  7288s
 148   7.25414841e+08  7.25413850e+08  1.18e-02 5.01e-06  2.40e-04  7332s
 149   7.25414841e+08  7.25413850e+08  1.18e-02 5.01e-06  2.40e-04  7360s
 150   7.25414841e+08  7.25413850e+08  1.18e-02 5.01e-06  2.40e-04  7387s
 151   7.25414841e+08  7.25413850e+08  1.18e-02 5.52e-05  2.40e-04  7412s
 152   7.25414841e+08  7.25413850e+08  1.18e-02 5.52e-05  2.40e-04  7436s
 153   7.25414841e+08  7.25413850e+08  1.18e-02 5.52e-05  2.40e-04  7457s
 154   7.25414841e+08  7.25413850e+08  1.18e-02 5.52e-05  2.40e-04  7486s
 155   7.25414814e+08  7.25413874e+08  1.12e-02 5.24e-05  2.28e-04  7508s
 156   7.25414813e+08  7.25413875e+08  1.12e-02 5.23e-05  2.28e-04  7535s
 157   7.25414813e+08  7.25413875e+08  1.12e-02 5.23e-05  2.28e-04  7554s
 158   7.25414813e+08  7.25413875e+08  1.12e-02 5.23e-05  2.28e-04  7573s

Barrier solved model in 158 iterations and 7573.38 seconds
Optimal objective 7.25415606e+08


User-callback calls 345522, time in user-callback 0.26 sec
Saving to: 20231007-122220
Success!
