   Resolving package versions...
  No Changes to `~/.julia/environments/v1.9/Project.toml`
  No Changes to `~/.julia/environments/v1.9/Manifest.toml`
core/parameters_hblend.jl
Estimated Revenue Requirement = 211200000 per year
Estimated Ratebase = 1.462153846153846e9
BAU Gas Costs = 2.0465077577888313e8
ShutDown Gas Costs = [3.1972430769230765e8, 0.0, 0.0, 0.0, 0.0]
BAU Gas Costs = 2.001081602378462e8
ShutDown Gas Costs = [2.520221538461538e8, 8.719753846153846e7, 0.0, 0.0, 0.0]
BAU Gas Costs = 1.9567798009553784e8
ShutDown Gas Costs = [2.0323938461538458e8, 1.1551015384615383e8, 3.996553846153846e7, 0.0, 0.0]
BAU Gas Costs = 1.9135745243564636e8
ShutDown Gas Costs = [1.7323041758241755e8, 1.1613679120879118e8, 6.60058021978022e7, 2.283745054945055e7, 0.0]
PARAMETERS
T_inv: 5
N_Periods: 10
Clustering case: ward
Linked storage: 1
Linked generation: 0
Steady state elec: 1
Steady state gas: 0
Max offset electric: [0.0, 0.0, 0.0, 0.0, 0.0]
Max offset gas: [0.0, 0.0, 0.0, 0.0, 0.0]
Offset cost: [650, 500, 550, 500, 450]
Gas quality: Nodal
Max H2 injection frac: 0.8
Max appliance retirement multiplier: 2
Max biomethane share: 0.1
EI trajectory electric: [200, 150, 100, 50, 0]
EI trajectory gas: [200, 150, 100, 50, 0]
Electric transmission expansion: 2
Electric transmission expansion cost: 0.93 $/MW-m
Multi-day Storage: 0
Pumped Hydro Storage: 0
Check weights :
[0.1178082191780822, 0.0958904109589041, 0.09863013698630137, 0.024657534246575342, 0.030136986301369864, 0.2136986301369863, 0.1095890410958904, 0.038356164383561646, 0.15616438356164383, 0.11506849315068493]
Check medoids :
[39.0, 356.0, 324.0, 334.0, 316.0, 231.0, 41.0, 118.0, 207.0, 234.0]
Set parameter TokenServer to value "srcc-license-srcf.stanford.edu,srcc-license-rcf.stanford.edu"
Set parameter Threads to value 64
Set parameter BarHomogeneous to value 1
Set parameter ScaleFlag to value 2
Set parameter FeasibilityTol to value 0.005
Set parameter ScaleFlag to value 1
Set parameter OptimalityTol to value 0.001
Set parameter BarConvTol to value 0.0001
Set parameter Method to value 2
Set parameter Crossover to value 0
┌ Warning: Axis contains one element: 1. If intended, you can safely ignore this warning. To explicitly pass the axis with one element, pass `[1]` instead of `1`.
└ @ JuMP.Containers ~/.julia/packages/JuMP/yYfHy/src/Containers/DenseAxisArray.jl:173
┌ Warning: Axis contains one element: 1. If intended, you can safely ignore this warning. To explicitly pass the axis with one element, pass `[1]` instead of `1`.
└ @ JuMP.Containers ~/.julia/packages/JuMP/yYfHy/src/Containers/DenseAxisArray.jl:173
┌ Warning: Axis contains one element: 1. If intended, you can safely ignore this warning. To explicitly pass the axis with one element, pass `[1]` instead of `1`.
└ @ JuMP.Containers ~/.julia/packages/JuMP/yYfHy/src/Containers/DenseAxisArray.jl:173
┌ Warning: Axis contains one element: 1. If intended, you can safely ignore this warning. To explicitly pass the axis with one element, pass `[1]` instead of `1`.
└ @ JuMP.Containers ~/.julia/packages/JuMP/yYfHy/src/Containers/DenseAxisArray.jl:173
┌ Warning: Axis contains one element: 1. If intended, you can safely ignore this warning. To explicitly pass the axis with one element, pass `[1]` instead of `1`.
└ @ JuMP.Containers ~/.julia/packages/JuMP/yYfHy/src/Containers/DenseAxisArray.jl:173
┌ Warning: Axis contains one element: 1. If intended, you can safely ignore this warning. To explicitly pass the axis with one element, pass `[1]` instead of `1`.
└ @ JuMP.Containers ~/.julia/packages/JuMP/yYfHy/src/Containers/DenseAxisArray.jl:173
┌ Warning: Axis contains one element: 1. If intended, you can safely ignore this warning. To explicitly pass the axis with one element, pass `[1]` instead of `1`.
└ @ JuMP.Containers ~/.julia/packages/JuMP/yYfHy/src/Containers/DenseAxisArray.jl:173
┌ Warning: Axis contains one element: 1. If intended, you can safely ignore this warning. To explicitly pass the axis with one element, pass `[1]` instead of `1`.
└ @ JuMP.Containers ~/.julia/packages/JuMP/yYfHy/src/Containers/DenseAxisArray.jl:173
┌ Warning: Axis contains one element: 1. If intended, you can safely ignore this warning. To explicitly pass the axis with one element, pass `[1]` instead of `1`.
└ @ JuMP.Containers ~/.julia/packages/JuMP/yYfHy/src/Containers/DenseAxisArray.jl:173
┌ Warning: Axis contains one element: 1. If intended, you can safely ignore this warning. To explicitly pass the axis with one element, pass `[1]` instead of `1`.
└ @ JuMP.Containers ~/.julia/packages/JuMP/yYfHy/src/Containers/DenseAxisArray.jl:173
┌ Warning: Axis contains one element: 1. If intended, you can safely ignore this warning. To explicitly pass the axis with one element, pass `[1]` instead of `1`.
└ @ JuMP.Containers ~/.julia/packages/JuMP/yYfHy/src/Containers/DenseAxisArray.jl:173
┌ Warning: Axis contains one element: 1. If intended, you can safely ignore this warning. To explicitly pass the axis with one element, pass `[1]` instead of `1`.
└ @ JuMP.Containers ~/.julia/packages/JuMP/yYfHy/src/Containers/DenseAxisArray.jl:173
Set parameter FeasibilityTol to value 0.005
Set parameter Method to value 2
Set parameter BarHomogeneous to value 1
Set parameter Crossover to value 0
Set parameter Threads to value 64
Set parameter ScaleFlag to value 1
Set parameter OptimalityTol to value 0.001
Set parameter BarConvTol to value 0.0001
Gurobi Optimizer version 10.0.1 build v10.0.1rc0 (linux64)

CPU model: AMD EPYC 7742 64-Core Processor, instruction set [SSE2|AVX|AVX2]
Thread count: 128 physical cores, 128 logical processors, using up to 64 threads

Optimize a model with 6257501 rows, 2241685 columns and 35177958 nonzeros
Model fingerprint: 0x742f1513
Coefficient statistics:
  Matrix range     [3e-05, 3e+07]
  Objective range  [2e-04, 9e+06]
  Bounds range     [1e+00, 5e+03]
  RHS range        [2e-06, 1e+11]
Warning: Model contains large rhs
         Consider reformulating model or setting NumericFocus parameter
         to avoid numerical issues.
Presolve removed 2379727 rows and 802886 columns (presolve time = 6s) ...
Presolve removed 2379783 rows and 802942 columns (presolve time = 11s) ...
Presolve removed 2444217 rows and 807043 columns (presolve time = 15s) ...
Presolve removed 2444245 rows and 807043 columns
Presolve time: 15.84s
Presolved: 3813256 rows, 1434670 columns, 24927042 nonzeros
Elapsed ordering time = 5s
Elapsed ordering time = 10s
Elapsed ordering time = 15s
Elapsed ordering time = 20s
Elapsed ordering time = 27s
Elapsed ordering time = 30s
Ordering time: 106.92s

Barrier statistics:
 Dense cols : 3109
 Free vars  : 21370
 AA' NZ     : 2.075e+08
 Factor NZ  : 3.816e+08 (roughly 5.0 GB of memory)
 Factor Ops : 4.065e+11 (roughly 1 second per iteration)
 Threads    : 64

                  Objective                Residual
Iter       Primal          Dual         Primal    Dual     Compl     Time
   0   1.34612090e+16 -5.73782471e+17  3.80e+11 3.00e+06  1.50e+14   146s
   1   1.27602227e+16 -6.23250190e+17  3.33e+11 2.53e+06  1.28e+14   150s
   2   1.17928580e+16 -6.60051972e+17  2.69e+11 2.17e+06  1.07e+14   154s
   3   1.11777635e+16 -6.83498591e+17  2.30e+11 1.95e+06  9.53e+13   160s
   4   5.24723837e+15 -4.18925321e+17  9.55e+10 1.21e+06  2.86e+13   165s
   5   3.71914982e+15 -1.73439408e+17  6.49e+10 5.01e+05  9.62e+12   169s
   6   2.56221030e+15 -7.07008179e+16  4.18e+10 2.05e+05  3.15e+12   175s
   7   1.73556821e+15 -2.76873894e+16  2.64e+10 8.04e+04  1.04e+12   180s
   8   1.08210654e+15 -9.36632717e+15  1.52e+10 2.74e+04  2.82e+11   186s
   9   7.89449244e+14 -3.57674162e+15  1.06e+10 1.06e+04  1.11e+11   191s
  10   5.78834638e+14 -1.65550072e+15  7.46e+09 5.01e+03  5.20e+10   196s
  11   3.82125002e+14 -6.58918401e+14  4.74e+09 2.04e+03  2.08e+10   201s
  12   2.49675313e+14 -2.86134009e+14  2.99e+09 9.15e+02  9.06e+09   206s
  13   1.64832786e+14 -1.24012051e+14  1.91e+09 4.18e+02  4.10e+09   211s
  14   1.08837175e+14 -5.23082613e+13  1.22e+09 1.91e+02  1.86e+09   216s
  15   7.57217910e+13 -2.53221243e+13  8.35e+08 9.98e+01  9.66e+08   221s
  16   5.13406982e+13 -1.35143352e+13  5.60e+08 5.54e+01  5.00e+08   226s
  17   3.38258510e+13 -7.82217521e+12  3.68e+08 3.21e+01  2.59e+08   231s
  18   2.23087794e+13 -4.00851290e+12  2.45e+08 1.44e+01  1.16e+08   237s
  19   1.29935827e+13 -2.44360573e+12  1.46e+08 7.56e+00  5.27e+07   242s
  20   7.23911933e+12 -1.33446383e+12  8.38e+07 3.09e+00  2.02e+07   247s
  21   4.58008683e+12 -8.08622898e+11  5.38e+07 1.66e+00  9.84e+06   252s
  22   2.35910066e+12 -4.87931703e+11  2.84e+07 8.70e-01  4.18e+06   257s
  23   1.27380675e+12 -3.04561324e+11  1.55e+07 5.25e-01  2.00e+06   262s
  24   9.25813323e+11 -1.78797356e+11  1.10e+07 3.40e-01  1.32e+06   267s
  25   7.50926275e+11 -1.52010696e+11  8.76e+06 3.01e-01  1.05e+06   272s
  26   5.89620934e+11 -1.42420612e+11  6.69e+06 3.04e-01  8.20e+05   275s
  27   5.54789369e+11 -1.01977868e+11  6.27e+06 2.46e-01  7.37e+05   279s
  28   4.99624546e+11 -7.80610659e+10  5.62e+06 2.09e-01  6.42e+05   283s
  29   4.78450976e+11 -6.03642164e+10  5.36e+06 1.79e-01  5.95e+05   287s
  30   4.50457832e+11 -5.23953441e+10  5.04e+06 1.64e-01  5.50e+05   290s
  31   4.36719268e+11 -5.05646698e+10  4.88e+06 1.66e-01  5.29e+05   294s
  32   4.29099020e+11 -3.88266319e+10  4.79e+06 1.40e-01  5.00e+05   298s
  33   3.71194714e+11 -3.77085467e+10  4.12e+06 1.37e-01  4.33e+05   301s
  34   3.56071931e+11 -3.61708929e+10  3.95e+06 1.31e-01  4.13e+05   305s
  35   3.08925114e+11 -2.73454706e+10  3.42e+06 1.10e-01  3.47e+05   309s
  36   2.91382689e+11 -2.32955585e+10  3.22e+06 9.25e-02  3.18e+05   313s
  37   2.45565149e+11 -2.24374559e+10  2.71e+06 8.98e-02  2.69e+05   317s
  38   2.00450248e+11 -2.06798785e+10  2.21e+06 8.08e-02  2.18e+05   320s
  39   1.89193773e+11 -1.81403111e+10  2.09e+06 7.10e-02  2.02e+05   324s
  40   1.80131344e+11 -1.70262802e+10  1.99e+06 6.52e-02  1.90e+05   327s
  41   1.65974720e+11 -1.65855391e+10  1.83e+06 6.29e-02  1.75e+05   331s
  42   1.49900632e+11 -1.47292942e+10  1.66e+06 5.26e-02  1.54e+05   335s
  43   1.14374886e+11 -1.32252850e+10  1.27e+06 4.23e-02  1.16e+05   339s
  44   9.60656499e+10 -1.12712567e+10  1.08e+06 2.89e-02  9.35e+04   342s
  45   7.44397101e+10 -9.62708430e+09  8.46e+05 2.11e-02  7.05e+04   346s
  46   6.36299064e+10 -8.25650124e+09  7.29e+05 1.63e-02  5.83e+04   350s
  47   4.12273844e+10 -7.09764610e+09  4.85e+05 1.25e-02  3.78e+04   353s
  48   2.41061517e+10 -4.98260837e+09  2.94e+05 6.48e-03  2.10e+04   357s
  49   1.56519356e+10 -3.43880932e+09  1.98e+05 4.86e-03  1.29e+04   361s
  50   9.52243662e+09 -2.33119517e+09  1.24e+05 4.68e-03  7.37e+03   365s
  51   7.70157619e+09 -1.70900368e+09  1.01e+05 4.08e-03  5.57e+03   368s
  52   5.52639419e+09 -1.44951426e+09  7.34e+04 3.77e-03  3.96e+03   371s
  53   5.06041902e+09 -1.19712632e+09  6.72e+04 3.39e-03  3.46e+03   374s
  54   3.53656285e+09 -8.11670141e+08  4.67e+04 2.81e-03  2.26e+03   377s
  55   3.33807787e+09 -7.85612141e+08  4.40e+04 2.76e-03  2.13e+03   380s
  56   2.92800610e+09 -5.29146864e+08  3.83e+04 2.29e-03  1.73e+03   383s
  57   2.63731735e+09 -2.87549386e+08  3.42e+04 1.81e-03  1.43e+03   387s
  58   2.10358121e+09 -1.68503623e+08  2.67e+04 1.57e-03  1.08e+03   391s
  59   1.74230636e+09 -4.96401751e+07  2.15e+04 1.28e-03  8.30e+02   396s
  60   1.49658280e+09 -1.81577756e+07  1.78e+04 1.20e-03  6.88e+02   401s
  61   1.35279428e+09  3.23796635e+07  1.56e+04 1.07e-03  5.91e+02   406s
  62   1.32156549e+09  5.59857654e+07  1.51e+04 1.02e-03  5.65e+02   410s
  63   1.17678100e+09  8.16355642e+07  1.28e+04 9.57e-04  4.79e+02   415s
  64   1.09453573e+09  1.02141053e+08  1.14e+04 9.05e-04  4.28e+02   420s
  65   1.04225471e+09  1.70969748e+08  1.06e+04 1.99e-03  3.75e+02   426s
  66   9.90656415e+08  1.91612564e+08  9.64e+03 1.84e-03  3.41e+02   431s
  67   9.51579296e+08  2.15610971e+08  8.93e+03 1.67e-03  3.12e+02   436s
  68   9.33137394e+08  2.26886716e+08  8.58e+03 1.60e-03  2.98e+02   440s
  69   9.10847591e+08  2.33098264e+08  8.15e+03 1.56e-03  2.84e+02   444s
  70   8.70207507e+08  2.49944106e+08  7.35e+03 1.47e-03  2.57e+02   449s
  71   8.45858796e+08  2.69766867e+08  6.84e+03 1.36e-03  2.38e+02   454s
  72   8.19814572e+08  2.89341017e+08  6.28e+03 1.25e-03  2.17e+02   459s
  73   8.10719120e+08  3.02002594e+08  6.09e+03 1.19e-03  2.09e+02   465s
  74   8.01280699e+08  3.27108901e+08  5.87e+03 1.06e-03  1.96e+02   469s
  75   7.89355373e+08  3.36409330e+08  5.60e+03 1.02e-03  1.87e+02   474s
  76   7.85900323e+08  3.49697344e+08  5.52e+03 9.52e-04  1.81e+02   479s
  77   7.79570297e+08  3.51821857e+08  5.37e+03 9.42e-04  1.77e+02   483s
  78   7.70541786e+08  3.65355298e+08  5.15e+03 8.82e-04  1.68e+02   488s
  79   7.56451459e+08  3.73636893e+08  4.82e+03 8.42e-04  1.57e+02   493s
  80   7.49354660e+08  3.87986779e+08  4.65e+03 7.74e-04  1.49e+02   498s
  81   7.37658321e+08  3.97597673e+08  4.36e+03 7.30e-04  1.40e+02   503s
  82   7.28013896e+08  4.02550212e+08  4.13e+03 7.07e-04  1.33e+02   508s
  83   7.12230780e+08  4.12617445e+08  3.74e+03 6.64e-04  1.21e+02   513s
  84   7.06472139e+08  4.26908459e+08  3.59e+03 6.01e-04  1.14e+02   518s
  85   7.03194217e+08  4.38249705e+08  3.50e+03 5.54e-04  1.09e+02   523s
  86   6.96802433e+08  4.45967140e+08  3.33e+03 5.20e-04  1.03e+02   529s
  87   6.82980613e+08  4.56449637e+08  2.93e+03 4.80e-04  9.20e+01   533s
  88   6.80204785e+08  4.59332518e+08  2.85e+03 4.68e-04  8.96e+01   539s
  89   6.77327960e+08  4.68158843e+08  2.77e+03 4.35e-04  8.58e+01   544s
  90   6.76920330e+08  4.71480704e+08  2.75e+03 4.24e-04  8.49e+01   548s
  91   6.76370112e+08  4.77740299e+08  2.74e+03 4.00e-04  8.32e+01   552s
  92   6.75887572e+08  4.79521086e+08  2.72e+03 3.94e-04  8.25e+01   556s
  93   6.74670283e+08  4.80113427e+08  2.68e+03 3.92e-04  8.15e+01   560s
  94   6.68094176e+08  4.86507434e+08  2.46e+03 3.70e-04  7.56e+01   565s
  95   6.65654839e+08  4.91220220e+08  2.38e+03 3.54e-04  7.28e+01   570s
  96   6.64104063e+08  4.93931090e+08  2.33e+03 3.44e-04  7.11e+01   575s
  97   6.63151892e+08  4.97005780e+08  2.29e+03 3.34e-04  6.98e+01   579s
  98   6.60315362e+08  5.02156458e+08  2.19e+03 3.18e-04  6.67e+01   584s
  99   6.58317036e+08  5.05067305e+08  2.11e+03 3.09e-04  6.46e+01   589s
 100   6.56708789e+08  5.08723106e+08  2.05e+03 2.97e-04  6.26e+01   593s
 101   6.54942553e+08  5.12543829e+08  1.97e+03 2.86e-04  6.05e+01   598s
 102   6.54582498e+08  5.12892790e+08  1.96e+03 2.85e-04  6.01e+01   603s
 103   6.54321959e+08  5.14002784e+08  1.94e+03 2.82e-04  5.97e+01   608s
 104   6.52171195e+08  5.17165832e+08  1.84e+03 2.73e-04  5.71e+01   613s
 105   6.51632742e+08  5.20320603e+08  1.81e+03 2.65e-04  5.61e+01   618s
 106   6.49835414e+08  5.26460467e+08  1.70e+03 2.49e-04  5.30e+01   624s
 107   6.49056345e+08  5.26741994e+08  1.67e+03 2.48e-04  5.23e+01   628s
 108   6.47912382e+08  5.31489963e+08  1.62e+03 2.31e-04  5.02e+01   633s
 109   6.47039401e+08  5.35133218e+08  1.55e+03 2.23e-04  4.84e+01   639s
 110   6.46253400e+08  5.40986251e+08  1.49e+03 2.08e-04  4.65e+01   644s
 111   6.45495119e+08  5.42214646e+08  1.44e+03 2.05e-04  4.52e+01   649s
 112   6.44627591e+08  5.50162856e+08  1.37e+03 1.85e-04  4.27e+01   654s
 113   6.44253095e+08  5.53509857e+08  1.33e+03 1.84e-04  4.14e+01   659s
 114   6.43912722e+08  5.53578741e+08  1.32e+03 1.83e-04  4.11e+01   663s
 115   6.42959204e+08  5.56788785e+08  1.27e+03 2.66e-04  3.95e+01   668s
 116   6.43115413e+08  5.57129785e+08  1.27e+03 2.65e-04  3.95e+01   674s
 117   6.42303040e+08  5.59242032e+08  1.20e+03 2.58e-04  3.79e+01   679s
 118   6.42333669e+08  5.62250462e+08  1.19e+03 2.47e-04  3.72e+01   684s
 119   6.41745596e+08  5.63916288e+08  1.13e+03 2.41e-04  3.58e+01   688s
 120   6.42065207e+08  5.66221308e+08  1.11e+03 2.34e-04  3.52e+01   694s
 121   6.42086457e+08  5.68215981e+08  1.08e+03 2.28e-04  3.45e+01   698s
 122   6.42103467e+08  5.70127110e+08  1.07e+03 2.22e-04  3.40e+01   703s
 123   6.41967433e+08  5.71390634e+08  1.05e+03 2.15e-04  3.34e+01   708s
 124   6.42137403e+08  5.73282787e+08  1.04e+03 2.10e-04  3.31e+01   714s
 125   6.42191151e+08  5.75109872e+08  1.03e+03 2.04e-04  3.27e+01   720s
 126   6.41954599e+08  5.76373673e+08  1.00e+03 2.44e-04  3.18e+01   725s
 127   6.41863574e+08  5.77180803e+08  9.90e+02 2.40e-04  3.14e+01   730s
 128   6.41771534e+08  5.79877776e+08  9.55e+02 2.30e-04  3.04e+01   734s
 129   6.41995176e+08  5.82750584e+08  9.45e+02 2.49e-04  2.99e+01   739s
 130   6.41959843e+08  5.84935896e+08  9.18e+02 2.68e-04  2.91e+01   744s
 131   6.42083454e+08  5.86398696e+08  9.08e+02 2.61e-04  2.88e+01   749s
 132   6.42466104e+08  5.87817539e+08  8.70e+02 2.55e-04  2.80e+01   754s
 133   6.42356248e+08  5.88526273e+08  8.49e+02 2.51e-04  2.74e+01   759s
 134   6.42366504e+08  5.90601285e+08  8.47e+02 2.43e-04  2.72e+01   764s
 135   6.42650835e+08  5.92901356e+08  8.24e+02 2.33e-04  2.65e+01   769s
 136   6.43066343e+08  5.93909933e+08  7.86e+02 2.29e-04  2.57e+01   774s
 137   6.42934837e+08  5.94837292e+08  7.60e+02 2.26e-04  2.51e+01   779s
 138   6.42993311e+08  5.98820933e+08  7.42e+02 3.01e-04  2.41e+01   784s
 139   6.43212103e+08  5.99410262e+08  7.36e+02 2.99e-04  2.39e+01   789s
 140   6.43359970e+08  6.00972419e+08  7.12e+02 2.91e-04  2.33e+01   792s
 141   6.43852722e+08  6.02967095e+08  6.61e+02 2.79e-04  2.21e+01   797s
 142   6.44027799e+08  6.04030545e+08  6.48e+02 2.73e-04  2.17e+01   802s
 143   6.44316168e+08  6.04340377e+08  6.36e+02 2.71e-04  2.15e+01   807s
 144   6.44509732e+08  6.06762217e+08  6.23e+02 2.56e-04  2.10e+01   813s
 145   6.44954623e+08  6.09405968e+08  6.05e+02 2.22e-04  2.05e+01   818s
 146   6.45307004e+08  6.11039932e+08  5.91e+02 3.10e-04  2.01e+01   824s
 147   6.45819155e+08  6.12699862e+08  5.72e+02 3.00e-04  1.96e+01   829s
 148   6.46316550e+08  6.14033477e+08  5.58e+02 2.93e-04  1.93e+01   835s
 149   6.46605640e+08  6.14761634e+08  5.50e+02 2.89e-04  1.91e+01   840s
 150   6.47120249e+08  6.16036164e+08  5.35e+02 2.82e-04  1.88e+01   845s
 151   6.47455687e+08  6.17029757e+08  5.22e+02 2.75e-04  1.85e+01   851s
 152   6.47868882e+08  6.19032955e+08  5.06e+02 2.63e-04  1.80e+01   856s
 153   6.47941599e+08  6.19167019e+08  4.92e+02 2.62e-04  1.76e+01   861s
 154   6.48055944e+08  6.20507577e+08  4.85e+02 2.52e-04  1.73e+01   864s
 155   6.48175223e+08  6.21176930e+08  4.79e+02 2.48e-04  1.71e+01   869s
 156   6.48416182e+08  6.22905747e+08  4.70e+02 2.37e-04  1.67e+01   874s
 157   6.48914216e+08  6.24854218e+08  4.58e+02 2.66e-04  1.64e+01   879s
 158   6.49173319e+08  6.26092617e+08  4.56e+02 2.58e-04  1.63e+01   885s
 159   6.49723041e+08  6.26806390e+08  4.44e+02 2.54e-04  1.60e+01   889s
 160   6.49900155e+08  6.27178796e+08  4.40e+02 2.52e-04  1.60e+01   894s
 161   6.50232076e+08  6.28200114e+08  4.33e+02 2.46e-04  1.57e+01   900s
 162   6.50914863e+08  6.29245288e+08  4.19e+02 2.39e-04  1.55e+01   905s
 163   6.51407535e+08  6.30118812e+08  4.05e+02 2.34e-04  1.51e+01   909s
 164   6.51627296e+08  6.31247485e+08  4.01e+02 2.26e-04  1.50e+01   914s
 165   6.52242335e+08  6.31897386e+08  3.90e+02 2.22e-04  1.47e+01   919s
 166   6.52600262e+08  6.33484114e+08  3.85e+02 2.14e-04  1.46e+01   924s
 167   6.53326538e+08  6.34824662e+08  3.76e+02 2.08e-04  1.45e+01   928s
 168   6.53858649e+08  6.35793752e+08  3.71e+02 2.04e-04  1.45e+01   934s
 169   6.54284635e+08  6.36777286e+08  3.66e+02 2.00e-04  1.44e+01   939s
 170   6.54806786e+08  6.37563248e+08  3.60e+02 1.97e-04  1.43e+01   944s
 171   6.54929670e+08  6.37643823e+08  3.58e+02 1.97e-04  1.43e+01   949s
 172   6.55595736e+08  6.38235525e+08  3.49e+02 1.94e-04  1.41e+01   954s
 173   6.55868848e+08  6.39527975e+08  3.45e+02 1.88e-04  1.40e+01   959s
 174   6.56954719e+08  6.40482108e+08  3.36e+02 1.85e-04  1.40e+01   965s
 175   6.57166410e+08  6.40881462e+08  3.34e+02 1.83e-04  1.39e+01   968s
 176   6.58173079e+08  6.41481391e+08  3.24e+02 1.81e-04  1.38e+01   974s
 177   6.58577679e+08  6.42179482e+08  3.21e+02 1.78e-04  1.38e+01   979s
 178   6.58917857e+08  6.43711383e+08  3.18e+02 1.75e-04  1.39e+01   984s
 179   6.60065387e+08  6.44710675e+08  3.11e+02 1.72e-04  1.39e+01   989s
 180   6.60825367e+08  6.45707300e+08  3.04e+02 2.05e-04  1.38e+01   994s
 181   6.61132236e+08  6.46593104e+08  3.02e+02 2.01e-04  1.38e+01   998s
 182   6.62314954e+08  6.46846824e+08  2.96e+02 2.01e-04  1.38e+01  1004s
 183   6.62672280e+08  6.47802480e+08  2.94e+02 1.97e-04  1.38e+01  1009s
 184   6.63065379e+08  6.48027421e+08  2.92e+02 1.96e-04  1.38e+01  1014s
 185   6.63533283e+08  6.49444056e+08  2.89e+02 1.91e-04  1.38e+01  1019s
 186   6.64369841e+08  6.50622950e+08  2.84e+02 1.88e-04  1.38e+01  1024s
 187   6.65071141e+08  6.51795936e+08  2.80e+02 1.84e-04  1.38e+01  1028s
 188   6.65904013e+08  6.53282120e+08  2.74e+02 1.78e-04  1.37e+01  1033s
 189   6.66867790e+08  6.54668844e+08  2.68e+02 1.74e-04  1.36e+01  1038s
 190   6.67586257e+08  6.55311525e+08  2.64e+02 1.72e-04  1.36e+01  1042s
 191   6.67978145e+08  6.55746924e+08  2.62e+02 1.71e-04  1.36e+01  1046s
 192   6.68514151e+08  6.55856126e+08  2.58e+02 1.70e-04  1.36e+01  1051s
 193   6.68567951e+08  6.56336868e+08  2.58e+02 2.28e-04  1.35e+01  1056s
 194   6.69303076e+08  6.57724212e+08  2.53e+02 2.42e-04  1.35e+01  1061s
 195   6.69884016e+08  6.59234041e+08  2.50e+02 2.35e-04  1.34e+01  1066s
 196   6.70848211e+08  6.60387676e+08  2.43e+02 2.29e-04  1.32e+01  1071s
 197   6.71651635e+08  6.61272338e+08  2.35e+02 2.23e-04  1.29e+01  1076s
 198   6.72030518e+08  6.62014893e+08  2.32e+02 2.19e-04  1.28e+01  1080s
 199   6.72582219e+08  6.63072416e+08  2.28e+02 2.13e-04  1.27e+01  1085s
 200   6.73681990e+08  6.64470248e+08  2.17e+02 2.97e-04  1.23e+01  1090s
 201   6.73919474e+08  6.65244295e+08  2.15e+02 2.91e-04  1.21e+01  1094s
 202   6.74845998e+08  6.66344529e+08  2.06e+02 2.81e-04  1.18e+01  1099s
 203   6.75278958e+08  6.67455947e+08  2.02e+02 2.71e-04  1.15e+01  1104s
 204   6.75934540e+08  6.68403460e+08  1.96e+02 2.63e-04  1.13e+01  1109s
 205   6.76332827e+08  6.68862824e+08  1.93e+02 2.59e-04  1.11e+01  1114s
 206   6.76792751e+08  6.69660951e+08  1.89e+02 2.51e-04  1.09e+01  1120s
 207   6.77679203e+08  6.70508632e+08  1.80e+02 2.42e-04  1.05e+01  1125s
 208   6.78093006e+08  6.72511245e+08  1.78e+02 2.23e-04  1.02e+01  1130s
 209   6.78411873e+08  6.72929831e+08  1.76e+02 2.20e-04  1.02e+01  1135s
 210   6.78588168e+08  6.73248844e+08  1.75e+02 2.18e-04  1.02e+01  1139s
 211   6.79225480e+08  6.73603977e+08  1.72e+02 2.17e-04  1.02e+01  1144s
 212   6.79757273e+08  6.74414758e+08  1.69e+02 2.12e-04  1.01e+01  1149s
 213   6.80103078e+08  6.74709170e+08  1.68e+02 2.11e-04  1.01e+01  1153s
 214   6.80425226e+08  6.75312585e+08  1.66e+02 2.07e-04  1.01e+01  1158s
 215   6.80460907e+08  6.75520954e+08  1.66e+02 2.05e-04  1.00e+01  1163s
 216   6.81088304e+08  6.76309162e+08  1.62e+02 2.00e-04  9.88e+00  1168s
 217   6.81426207e+08  6.77179171e+08  1.60e+02 1.94e-04  9.74e+00  1172s
 218   6.81828662e+08  6.77814455e+08  1.57e+02 1.90e-04  9.64e+00  1177s
 219   6.82049759e+08  6.77948606e+08  1.55e+02 1.88e-04  9.56e+00  1182s
 220   6.82441938e+08  6.78699720e+08  1.53e+02 1.85e-04  9.55e+00  1187s
 221   6.82733559e+08  6.78920328e+08  1.52e+02 1.84e-04  9.55e+00  1192s
 222   1.34612086e+16 -5.73776140e+18  3.80e+11 3.00e+07  1.50e+15  1199s
 223   5.23224243e+15 -1.38112510e+18  1.34e+11 7.44e+06  1.62e+14  1204s
 224   3.01019832e+15 -8.20979579e+17  6.83e+10 4.40e+06  5.72e+13  1209s
 225   2.15793807e+15 -5.86588383e+17  4.33e+10 3.06e+06  3.03e+13  1214s
 226   1.63879591e+15 -2.25152027e+17  3.01e+10 1.18e+06  1.05e+13  1219s
 227   1.13761006e+15 -9.12024549e+16  1.90e+10 4.70e+05  3.58e+12  1224s
 228   9.14999435e+14 -3.15274917e+16  1.44e+10 1.59e+05  1.32e+12  1229s
 229   6.08394783e+14 -1.32316374e+16  8.69e+09 6.45e+04  4.71e+11  1234s
 230   4.65609057e+14 -5.53576980e+15  6.29e+09 2.59e+04  2.10e+11  1240s
 231   3.15167979e+14 -2.87410905e+15  4.03e+09 1.29e+04  9.77e+10  1245s
 232   2.22818926e+14 -1.48159251e+15  2.73e+09 6.38e+03  4.90e+10  1250s
 233   1.64409983e+14 -8.38753689e+14  1.93e+09 3.50e+03  2.76e+10  1255s
 234   1.18146973e+14 -4.15211548e+14  1.31e+09 1.67e+03  1.44e+10  1260s
 235   8.88333431e+13 -2.53208541e+14  9.23e+08 1.00e+03  8.38e+09  1265s
 236   6.83932939e+13 -1.49817694e+14  6.43e+08 5.97e+02  4.76e+09  1270s
 237   5.23937882e+13 -8.27426358e+13  4.44e+08 3.38e+02  2.57e+09  1275s
 238   4.17221383e+13 -5.30804605e+13  3.25e+08 2.20e+02  1.57e+09  1280s
 239   2.92542997e+13 -3.03217879e+13  2.14e+08 1.26e+02  7.81e+08  1285s
 240   1.89205031e+13 -1.69194345e+13  1.36e+08 6.61e+01  3.57e+08  1290s
 241   9.71551850e+12 -9.19250073e+12  7.40e+07 3.12e+01  1.29e+08  1295s
 242   7.18685727e+12 -5.89678747e+12  5.59e+07 1.84e+01  7.44e+07  1300s
 243   4.76776545e+12 -4.08473424e+12  3.87e+07 1.23e+01  4.20e+07  1305s
 244   3.19258565e+12 -3.03460775e+12  2.65e+07 8.78e+00  2.49e+07  1310s
 245   2.26987216e+12 -2.05946053e+12  1.89e+07 5.83e+00  1.53e+07  1316s
 246   1.65637632e+12 -1.05056767e+12  1.33e+07 3.09e+00  9.18e+06  1321s
 247   1.04816537e+12 -7.29552085e+11  8.07e+06 2.23e+00  5.48e+06  1326s
 248   9.02458423e+11 -5.15987625e+11  6.93e+06 1.62e+00  4.46e+06  1331s
 249   7.60937023e+11 -4.92474534e+11  5.83e+06 1.55e+00  3.79e+06  1336s
 250   7.00578505e+11 -3.09788848e+11  5.37e+06 9.80e-01  3.06e+06  1341s
 251   4.83472761e+11 -2.19054942e+11  3.67e+06 7.10e-01  1.87e+06  1346s
 252   3.65370769e+11 -1.61935195e+11  2.72e+06 5.54e-01  1.31e+06  1351s
 253   3.38996887e+11 -1.43614702e+11  2.49e+06 5.04e-01  1.16e+06  1356s
 254   2.76067411e+11 -7.13819042e+10  1.98e+06 2.94e-01  7.93e+05  1361s
 255   2.21498686e+11 -6.90596481e+10  1.59e+06 2.87e-01  6.40e+05  1365s
 256   1.88453641e+11 -4.49037146e+10  1.35e+06 1.83e-01  4.76e+05  1371s
 257   1.46311855e+11 -3.77506406e+10  1.05e+06 1.42e-01  3.46e+05  1376s
 258   1.18917340e+11 -3.43530079e+10  8.61e+05 1.26e-01  2.73e+05  1381s
 259   9.94589198e+10 -2.82369031e+10  7.29e+05 9.57e-02  2.09e+05  1386s
 260   7.28628961e+10 -2.22262143e+10  5.48e+05 6.54e-02  1.39e+05  1391s
 261   5.13343367e+10 -1.52977940e+10  3.96e+05 3.84e-02  8.38e+04  1396s
 262   3.21802247e+10 -1.04736063e+10  2.58e+05 2.26e-02  4.53e+04  1401s
 263   1.90754309e+10 -7.36344928e+09  1.59e+05 1.45e-02  2.39e+04  1406s
 264   1.18333979e+10 -4.99011894e+09  1.01e+05 8.39e-03  1.32e+04  1411s
 265   1.00925318e+10 -3.58225809e+09  8.70e+04 5.63e-03  9.94e+03  1416s
 266   6.80352421e+09 -2.91611050e+09  6.00e+04 4.41e-03  6.48e+03  1421s
 267   5.32395793e+09 -1.70737838e+09  4.72e+04 2.48e-03  4.27e+03  1426s
 268   3.70309585e+09 -8.98907505e+08  3.30e+04 1.27e-03  2.53e+03  1431s
 269   3.23986639e+09 -6.17960125e+08  2.86e+04 9.34e-04  2.02e+03  1436s
 270   2.57425200e+09 -4.07350006e+08  2.25e+04 7.13e-04  1.49e+03  1440s
 271   2.26322874e+09 -2.38462391e+08  1.95e+04 7.00e-04  1.20e+03  1445s
 272   1.98706843e+09 -1.39345060e+08  1.68e+04 6.75e-04  9.87e+02  1450s
 273   1.74163163e+09 -9.88177276e+07  1.43e+04 6.58e-04  8.36e+02  1455s
 274   1.56462226e+09 -2.51679575e+07  1.26e+04 6.10e-04  7.07e+02  1459s
 275   1.40340483e+09  7.12629610e+06  1.09e+04 5.87e-04  6.10e+02  1464s
 276   1.32026477e+09  5.52522448e+07  1.00e+04 5.46e-04  5.46e+02  1469s
 277   1.25219502e+09  8.46570619e+07  9.29e+03 5.19e-04  4.98e+02  1474s
 278   1.20328043e+09  1.08232906e+08  8.76e+03 4.96e-04  4.64e+02  1478s
 279   1.15375260e+09  1.30131545e+08  8.21e+03 4.76e-04  4.30e+02  1484s
 280   1.12040503e+09  1.48230470e+08  7.83e+03 4.58e-04  4.07e+02  1488s
 281   1.09066383e+09  1.62041495e+08  7.46e+03 4.45e-04  3.86e+02  1492s
 282   1.05173506e+09  1.87201063e+08  7.01e+03 4.20e-04  3.57e+02  1497s
 283   1.02106289e+09  2.06477719e+08  6.64e+03 4.01e-04  3.34e+02  1502s
 284   9.80792947e+08  2.26625922e+08  6.14e+03 3.82e-04  3.07e+02  1507s
 285   9.59263750e+08  2.37245880e+08  5.86e+03 3.71e-04  2.92e+02  1512s
 286   9.32995137e+08  2.58701416e+08  5.52e+03 3.49e-04  2.72e+02  1517s
 287   9.17343879e+08  2.81903522e+08  5.31e+03 3.25e-04  2.56e+02  1522s
 288   8.96894104e+08  3.01206000e+08  5.03e+03 3.04e-04  2.39e+02  1527s
 289   8.84942719e+08  3.03776465e+08  4.87e+03 3.02e-04  2.32e+02  1531s
 290   8.72227066e+08  3.14872877e+08  4.68e+03 2.91e-04  2.22e+02  1536s
 291   8.51431310e+08  3.17466282e+08  4.39e+03 2.88e-04  2.10e+02  1540s
 292   8.37529052e+08  3.30995492e+08  4.18e+03 2.73e-04  1.99e+02  1545s
 293   8.10807931e+08  3.38210740e+08  3.78e+03 2.66e-04  1.83e+02  1550s
 294   7.90029557e+08  3.40941836e+08  3.47e+03 2.63e-04  1.71e+02  1554s
 295   7.72762040e+08  3.61426334e+08  3.20e+03 2.40e-04  1.56e+02  1559s
 296   7.64720854e+08  3.70157053e+08  3.07e+03 2.30e-04  1.49e+02  1564s
 297   7.54576533e+08  3.75335651e+08  2.91e+03 2.24e-04  1.42e+02  1569s
 298   7.52842773e+08  3.86799556e+08  2.88e+03 2.11e-04  1.38e+02  1574s
 299   7.43884915e+08  3.96444123e+08  2.72e+03 2.02e-04  1.30e+02  1579s
 300   7.31954298e+08  4.06698023e+08  2.51e+03 1.91e-04  1.21e+02  1584s
 301   7.28135215e+08  4.13066090e+08  2.44e+03 1.84e-04  1.17e+02  1589s
 302   7.25926544e+08  4.16185296e+08  2.40e+03 1.81e-04  1.15e+02  1594s
 303   7.20758809e+08  4.26107296e+08  2.31e+03 1.71e-04  1.10e+02  1599s
 304   7.15670770e+08  4.36235524e+08  2.21e+03 1.61e-04  1.04e+02  1605s
 305   7.11293534e+08  4.42255658e+08  2.13e+03 1.55e-04  1.00e+02  1610s
 306   7.07675588e+08  4.53230045e+08  2.06e+03 4.98e-04  9.55e+01  1615s
 307   7.03319435e+08  4.62958934e+08  1.97e+03 4.65e-04  9.07e+01  1620s
 308   6.99914237e+08  4.64869034e+08  1.90e+03 4.59e-04  8.82e+01  1624s
 309   6.99163173e+08  4.65716602e+08  1.88e+03 4.56e-04  8.75e+01  1629s
 310   6.96087157e+08  4.69590166e+08  1.82e+03 4.43e-04  8.47e+01  1635s
 311   6.94993552e+08  4.73937823e+08  1.79e+03 4.29e-04  8.30e+01  1640s
 312   6.91778570e+08  4.81181063e+08  1.73e+03 4.06e-04  7.94e+01  1645s
 313   6.88280845e+08  4.87356815e+08  1.64e+03 3.88e-04  7.58e+01  1649s
 314   6.82404458e+08  4.92084565e+08  1.50e+03 3.74e-04  7.07e+01  1655s
 315   6.79454259e+08  4.95386276e+08  1.44e+03 3.64e-04  6.81e+01  1660s
 316   6.79282433e+08  4.98050606e+08  1.44e+03 3.56e-04  6.75e+01  1665s
 317   6.75313735e+08  5.12938402e+08  1.33e+03 3.14e-04  6.16e+01  1670s
 318   6.73698719e+08  5.21010901e+08  1.28e+03 2.92e-04  5.88e+01  1675s
 319   6.72250074e+08  5.23871288e+08  1.24e+03 2.84e-04  5.70e+01  1680s
 320   6.70909072e+08  5.24350360e+08  1.21e+03 2.83e-04  5.61e+01  1684s
 321   6.69852820e+08  5.28163942e+08  1.19e+03 2.71e-04  5.45e+01  1689s
 322   6.69965260e+08  5.28772105e+08  1.19e+03 2.70e-04  5.44e+01  1695s
 323   6.68224569e+08  5.31929428e+08  1.14e+03 2.61e-04  5.23e+01  1700s
 324   6.66664034e+08  5.37162487e+08  1.08e+03 2.47e-04  4.98e+01  1706s
 325   6.66004488e+08  5.39251884e+08  1.06e+03 2.41e-04  4.89e+01  1710s
 326   6.65595079e+08  5.39514596e+08  1.05e+03 2.41e-04  4.85e+01  1714s
 327   6.65671262e+08  5.40015371e+08  1.05e+03 2.40e-04  4.85e+01  1719s
 328   6.65131517e+08  5.43721645e+08  1.03e+03 2.31e-04  4.74e+01  1725s
 329   6.64794365e+08  5.46635919e+08  1.01e+03 2.24e-04  4.65e+01  1733s
 330   6.64309756e+08  5.47193903e+08  9.91e+02 2.23e-04  4.58e+01  1737s
 331   6.63915334e+08  5.51075780e+08  9.76e+02 2.13e-04  4.47e+01  1743s
 332   6.63415856e+08  5.52918014e+08  9.33e+02 2.09e-04  4.34e+01  1749s
 333   6.62639764e+08  5.57619420e+08  8.97e+02 3.12e-04  4.16e+01  1756s
 334   6.61937156e+08  5.59630220e+08  8.70e+02 3.04e-04  4.05e+01  1761s
 335   6.61168775e+08  5.64272100e+08  8.39e+02 2.86e-04  3.88e+01  1766s
 336   6.61045573e+08  5.66368924e+08  8.31e+02 2.79e-04  3.83e+01  1772s
 337   6.60660207e+08  5.68277268e+08  8.01e+02 2.73e-04  3.73e+01  1778s
 338   6.60218832e+08  5.69677567e+08  7.83e+02 2.68e-04  3.65e+01  1782s
 339   6.60062298e+08  5.72117120e+08  7.73e+02 2.59e-04  3.58e+01  1788s
 340   6.59835605e+08  5.76059922e+08  7.57e+02 2.45e-04  3.48e+01  1793s
 341   6.59422759e+08  5.77483036e+08  7.23e+02 2.41e-04  3.37e+01  1800s
 342   6.59413863e+08  5.78687008e+08  7.13e+02 2.37e-04  3.34e+01  1806s
 343   6.58902550e+08  5.79077883e+08  6.85e+02 2.36e-04  3.25e+01  1811s
 344   6.58574068e+08  5.84567608e+08  6.71e+02 2.15e-04  3.10e+01  1817s
 345   6.58601570e+08  5.86104430e+08  6.59e+02 2.11e-04  3.06e+01  1822s
 346   6.58290992e+08  5.88832343e+08  6.28e+02 2.02e-04  2.94e+01  1828s
 347   6.58210564e+08  5.89521426e+08  6.19e+02 2.00e-04  2.91e+01  1834s
 348   6.58292906e+08  5.89729015e+08  6.08e+02 1.99e-04  2.88e+01  1840s
 349   6.58184968e+08  5.90521663e+08  5.94e+02 1.97e-04  2.83e+01  1845s
 350   6.58155429e+08  5.93675531e+08  5.84e+02 1.87e-04  2.76e+01  1851s
 351   6.58255770e+08  5.97079220e+08  5.65e+02 1.77e-04  2.68e+01  1857s
 352   6.58414729e+08  5.98054894e+08  5.52e+02 1.75e-04  2.64e+01  1863s
 353   6.58571831e+08  6.01201147e+08  5.38e+02 1.67e-04  2.57e+01  1869s
 354   6.58728827e+08  6.02043625e+08  5.28e+02 1.65e-04  2.54e+01  1874s
 355   6.58819963e+08  6.03681636e+08  5.20e+02 1.60e-04  2.50e+01  1882s
 356   6.58908061e+08  6.06079949e+08  5.08e+02 1.54e-04  2.44e+01  1888s
 357   6.59030691e+08  6.07202761e+08  4.89e+02 1.50e-04  2.38e+01  1894s
 358   6.58808750e+08  6.10041667e+08  4.63e+02 1.47e-04  2.26e+01  1900s
 359   6.59003478e+08  6.11425301e+08  4.54e+02 1.43e-04  2.22e+01  1907s
 360   6.59199073e+08  6.13137308e+08  4.45e+02 1.39e-04  2.19e+01  1912s
 361   6.59647387e+08  6.15375222e+08  4.27e+02 1.34e-04  2.12e+01  1919s
 362   6.59908769e+08  6.17715677e+08  4.19e+02 1.28e-04  2.09e+01  1925s
 363   6.60076427e+08  6.18233624e+08  4.13e+02 1.27e-04  2.07e+01  1931s
 364   6.60134794e+08  6.19452623e+08  4.05e+02 1.24e-04  2.03e+01  1936s
 365   6.60192290e+08  6.20469109e+08  4.02e+02 1.21e-04  2.01e+01  1944s
 366   6.60682421e+08  6.22025992e+08  3.87e+02 1.17e-04  1.96e+01  1950s
 367   6.60896240e+08  6.22826231e+08  3.81e+02 1.16e-04  1.95e+01  1957s
 368   6.61542388e+08  6.23918373e+08  3.70e+02 1.13e-04  1.92e+01  1964s
 369   6.61896332e+08  6.25686972e+08  3.65e+02 1.10e-04  1.90e+01  1970s
 370   6.62100707e+08  6.26392480e+08  3.62e+02 1.25e-04  1.89e+01  1977s
 371   6.62332518e+08  6.27169292e+08  3.59e+02 1.23e-04  1.88e+01  1983s
 372   6.63082511e+08  6.28006598e+08  3.49e+02 1.22e-04  1.87e+01  1989s
 373   6.63452471e+08  6.28692083e+08  3.42e+02 1.20e-04  1.85e+01  1994s
 374   6.63609409e+08  6.28984597e+08  3.40e+02 1.19e-04  1.84e+01  2000s
 375   6.63723814e+08  6.29243366e+08  3.38e+02 1.19e-04  1.84e+01  2005s
 376   6.64052592e+08  6.29952134e+08  3.32e+02 1.17e-04  1.82e+01  2011s
 377   6.64563283e+08  6.31257812e+08  3.27e+02 1.15e-04  1.81e+01  2019s
 378   6.65021546e+08  6.32628709e+08  3.20e+02 1.12e-04  1.79e+01  2026s
 379   6.65334981e+08  6.32789642e+08  3.16e+02 1.12e-04  1.78e+01  2031s
 380   6.65938260e+08  6.34298996e+08  3.11e+02 1.20e-04  1.77e+01  2037s
 381   6.66280276e+08  6.34890319e+08  3.08e+02 1.19e-04  1.77e+01  2042s
 382   6.67656004e+08  6.36669676e+08  3.00e+02 1.16e-04  1.77e+01  2050s
 383   6.67912854e+08  6.37058202e+08  2.96e+02 1.15e-04  1.75e+01  2057s
 384   6.68436489e+08  6.38061075e+08  2.94e+02 1.13e-04  1.75e+01  2064s
 385   6.68492685e+08  6.38118647e+08  2.92e+02 1.13e-04  1.74e+01  2069s
 386   6.68716275e+08  6.38866728e+08  2.91e+02 1.12e-04  1.74e+01  2076s
 387   6.68909856e+08  6.40432826e+08  2.89e+02 1.09e-04  1.74e+01  2082s
 388   6.69734903e+08  6.42105092e+08  2.83e+02 1.07e-04  1.74e+01  2088s
 389   6.70144410e+08  6.43151227e+08  2.78e+02 1.04e-04  1.71e+01  2095s
 390   6.70729170e+08  6.44930022e+08  2.75e+02 1.02e-04  1.71e+01  2100s
 391   6.72024537e+08  6.46412147e+08  2.66e+02 9.96e-05  1.70e+01  2107s
 392   6.72698461e+08  6.47155321e+08  2.61e+02 9.84e-05  1.69e+01  2112s
 393   6.72998269e+08  6.48397949e+08  2.59e+02 9.62e-05  1.68e+01  2119s
 394   6.73786288e+08  6.48865424e+08  2.53e+02 9.62e-05  1.67e+01  2125s
 395   6.74208247e+08  6.49114756e+08  2.50e+02 9.82e-05  1.66e+01  2132s
 396   6.74518890e+08  6.51596327e+08  2.48e+02 1.45e-04  1.65e+01  2138s
 397   6.75818276e+08  6.52824220e+08  2.38e+02 1.59e-04  1.62e+01  2144s
 398   6.76220629e+08  6.52969086e+08  2.33e+02 1.59e-04  1.60e+01  2150s
 399   6.76537882e+08  6.54170512e+08  2.29e+02 1.55e-04  1.58e+01  2156s
 400   6.76943406e+08  6.55057933e+08  2.26e+02 1.52e-04  1.56e+01  2163s
 401   6.78084690e+08  6.56520913e+08  2.14e+02 1.47e-04  1.51e+01  2169s
 402   6.78967987e+08  6.57796413e+08  2.04e+02 1.43e-04  1.46e+01  2175s
 403   6.79718458e+08  6.60248198e+08  1.96e+02 1.34e-04  1.41e+01  2181s
 404   6.80035720e+08  6.60690598e+08  1.93e+02 1.33e-04  1.40e+01  2187s
 405   6.80261021e+08  6.61004856e+08  1.91e+02 1.31e-04  1.38e+01  2193s
 406   6.80318226e+08  6.61374057e+08  1.90e+02 1.30e-04  1.38e+01  2199s
 407   6.80485355e+08  6.61536303e+08  1.89e+02 1.30e-04  1.37e+01  2204s
 408   6.80585155e+08  6.61966002e+08  1.88e+02 1.28e-04  1.36e+01  2209s
 409   6.80829588e+08  6.62684329e+08  1.84e+02 1.25e-04  1.34e+01  2217s
 410   6.81473102e+08  6.63836370e+08  1.77e+02 1.21e-04  1.30e+01  2223s
 411   6.81636599e+08  6.64104838e+08  1.76e+02 1.20e-04  1.29e+01  2230s
 412   6.82040633e+08  6.65577167e+08  1.74e+02 1.16e-04  1.28e+01  2237s
 413   6.82658706e+08  6.66010897e+08  1.70e+02 1.15e-04  1.27e+01  2244s
 414   6.83017121e+08  6.67026050e+08  1.68e+02 1.12e-04  1.26e+01  2251s
 415   6.83318852e+08  6.67263382e+08  1.67e+02 1.12e-04  1.26e+01  2256s
 416   6.84017155e+08  6.68106825e+08  1.63e+02 1.09e-04  1.24e+01  2263s
 417   6.84458071e+08  6.68790252e+08  1.60e+02 1.07e-04  1.23e+01  2268s
 418   6.84513816e+08  6.68960666e+08  1.59e+02 1.07e-04  1.23e+01  2273s
 419   6.85283603e+08  6.69801249e+08  1.55e+02 1.05e-04  1.21e+01  2280s
 420   6.85437959e+08  6.70158811e+08  1.54e+02 1.04e-04  1.21e+01  2287s
 421   6.85914837e+08  6.70454016e+08  1.51e+02 1.03e-04  1.20e+01  2294s
 422   6.86087564e+08  6.70765933e+08  1.50e+02 1.02e-04  1.20e+01  2301s
 423   6.86538066e+08  6.71195510e+08  1.49e+02 1.02e-04  1.20e+01  2308s
 424   6.86834489e+08  6.71662469e+08  1.48e+02 1.01e-04  1.20e+01  2313s
 425   6.87168617e+08  6.72414864e+08  1.47e+02 1.00e-04  1.21e+01  2320s
 426   6.87333170e+08  6.73327394e+08  1.46e+02 9.77e-05  1.19e+01  2328s
 427   6.87795841e+08  6.74144182e+08  1.45e+02 1.35e-04  1.20e+01  2335s
 428   6.87835302e+08  6.74415318e+08  1.44e+02 1.35e-04  1.20e+01  2340s
 429   6.87877093e+08  6.74631694e+08  1.44e+02 1.34e-04  1.20e+01  2346s
 430   6.88339202e+08  6.75105396e+08  1.43e+02 1.33e-04  1.20e+01  2355s
 431   6.88584328e+08  6.75283916e+08  1.42e+02 1.33e-04  1.20e+01  2363s
 432   6.88878719e+08  6.76083602e+08  1.41e+02 1.31e-04  1.20e+01  2373s
 433   6.89565285e+08  6.76916833e+08  1.39e+02 1.62e-04  1.21e+01  2380s
 434   6.90260931e+08  6.78081761e+08  1.36e+02 1.82e-04  1.19e+01  2390s
 435   6.90657874e+08  6.79268400e+08  1.34e+02 1.75e-04  1.16e+01  2399s
 436   6.90793576e+08  6.79699655e+08  1.33e+02 1.74e-04  1.16e+01  2404s
 437   6.90864563e+08  6.79770971e+08  1.31e+02 1.72e-04  1.15e+01  2412s
 438   6.91629950e+08  6.81093544e+08  1.27e+02 1.66e-04  1.12e+01  2419s
 439   6.92472489e+08  6.81665488e+08  1.22e+02 1.63e-04  1.09e+01  2425s
 440   6.92629590e+08  6.82869346e+08  1.22e+02 1.56e-04  1.07e+01  2433s
 441   6.93655672e+08  6.84211415e+08  1.18e+02 1.52e-04  1.07e+01  2440s
 442   6.94520528e+08  6.85995619e+08  1.13e+02 1.82e-04  1.03e+01  2447s
 443   6.94964719e+08  6.86829875e+08  1.11e+02 1.77e-04  1.02e+01  2454s
 444   6.95788350e+08  6.87902655e+08  1.08e+02 1.73e-04  1.01e+01  2461s
 445   6.96706478e+08  6.88613920e+08  1.05e+02 1.69e-04  1.00e+01  2468s
 446   6.97347687e+08  6.90176499e+08  1.02e+02 1.62e-04  9.85e+00  2475s
 447   6.97914193e+08  6.91185850e+08  1.00e+02 1.57e-04  9.70e+00  2482s
 448   6.97982462e+08  6.91253202e+08  9.99e+01 1.57e-04  9.68e+00  2487s
 449   6.98021551e+08  6.91298905e+08  9.99e+01 1.57e-04  9.69e+00  2493s
 450   6.98373464e+08  6.91535117e+08  9.87e+01 1.56e-04  9.66e+00  2499s
 451   6.98685722e+08  6.92007137e+08  9.77e+01 1.53e-04  9.60e+00  2510s
 452   6.98755787e+08  6.92124299e+08  9.76e+01 1.53e-04  9.59e+00  2517s
 453   6.99377855e+08  6.92404207e+08  9.63e+01 1.52e-04  9.63e+00  2525s
 454   6.99767924e+08  6.92475216e+08  9.52e+01 1.52e-04  9.61e+00  2531s
 455   6.99975521e+08  6.92862772e+08  9.46e+01 1.70e-04  9.61e+00  2540s
 456   7.00623517e+08  6.94083629e+08  9.30e+01 2.10e-04  9.58e+00  2548s
 457   7.01144088e+08  6.94917930e+08  9.16e+01 2.06e-04  9.54e+00  2555s
 458   7.02295322e+08  6.96293401e+08  8.85e+01 2.00e-04  9.46e+00  2561s
 459   7.02820666e+08  6.96588717e+08  8.72e+01 1.98e-04  9.44e+00  2567s
 460   7.03273844e+08  6.97689114e+08  8.60e+01 1.92e-04  9.39e+00  2573s
 461   7.03930947e+08  6.98377384e+08  8.44e+01 1.89e-04  9.37e+00  2581s
 462   7.04257483e+08  6.98824406e+08  8.36e+01 1.87e-04  9.35e+00  2587s
 463   7.04339080e+08  6.99045843e+08  8.35e+01 1.86e-04  9.36e+00  2592s
 464   7.04617095e+08  6.99608085e+08  8.26e+01 1.84e-04  9.33e+00  2599s
 465   7.05008483e+08  7.00268944e+08  8.12e+01 1.79e-04  9.19e+00  2605s
 466   7.05305815e+08  7.00579518e+08  8.04e+01 1.78e-04  9.15e+00  2612s
 467   7.06087709e+08  7.01314441e+08  7.82e+01 4.26e-04  9.04e+00  2619s
 468   7.06313020e+08  7.02399871e+08  7.76e+01 5.06e-04  8.86e+00  2626s
 469   7.06991805e+08  7.02457733e+08  7.55e+01 5.09e-04  8.77e+00  2631s
 470   7.07574392e+08  7.03408391e+08  7.37e+01 6.25e-04  8.63e+00  2637s
 471   7.07771233e+08  7.03738148e+08  7.30e+01 6.56e-04  8.57e+00  2645s
 472   7.08315375e+08  7.04165103e+08  7.12e+01 5.68e-04  8.42e+00  2652s
 473   7.08596122e+08  7.04787898e+08  7.02e+01 6.40e-04  8.30e+00  2658s
 474   7.09074182e+08  7.05030359e+08  6.85e+01 6.15e-04  8.19e+00  2665s
 475   7.09704894e+08  7.05717397e+08  6.66e+01 6.44e-04  8.04e+00  2672s
 476   7.10165714e+08  7.06014525e+08  6.50e+01 6.19e-04  7.91e+00  2679s
 477   7.10503665e+08  7.06149027e+08  6.38e+01 6.18e-04  7.84e+00  2686s
 478   7.10939404e+08  7.07367691e+08  6.24e+01 7.95e-04  7.62e+00  2692s
 479   7.11393605e+08  7.08189372e+08  6.08e+01 5.41e-04  7.43e+00  2700s
 480   7.11558046e+08  7.08594296e+08  6.02e+01 5.34e-04  7.35e+00  2707s
 481   7.12491904e+08  7.09215367e+08  5.68e+01 4.68e-04  7.06e+00  2713s
 482   7.13043500e+08  7.09559997e+08  5.47e+01 4.38e-04  6.88e+00  2720s
 483   7.13560723e+08  7.10657006e+08  5.27e+01 5.35e-04  6.60e+00  2728s
 484   7.13918167e+08  7.11147928e+08  5.14e+01 5.81e-04  6.46e+00  2735s
 485   7.14137546e+08  7.11369571e+08  5.07e+01 5.02e-04  6.39e+00  2742s
 486   7.14212556e+08  7.11535109e+08  5.04e+01 4.56e-04  6.35e+00  2747s
 487   7.14453450e+08  7.12114521e+08  4.96e+01 3.34e-04  6.24e+00  2754s
 488   7.14787838e+08  7.12503063e+08  4.87e+01 1.26e-04  6.16e+00  2762s
 489   7.14845781e+08  7.12520247e+08  4.86e+01 1.26e-04  6.16e+00  2768s
 490   7.15213582e+08  7.13048631e+08  4.75e+01 9.94e-05  6.05e+00  2776s
 491   7.15793883e+08  7.14022146e+08  4.57e+01 7.96e-04  5.85e+00  2783s
 492   7.16094577e+08  7.15091299e+08  4.45e+01 7.11e-04  5.58e+00  2789s
 493   7.17047816e+08  7.16306772e+08  4.07e+01 6.85e-04  5.09e+00  2796s
 494   7.17415743e+08  7.17154078e+08  3.96e+01 6.34e-04  4.91e+00  2803s
 495   7.17764214e+08  7.17557850e+08  3.86e+01 3.55e-04  4.79e+00  2810s
 496   7.18203138e+08  7.18056678e+08  3.71e+01 7.48e-05  4.64e+00  2817s
 497   7.18548074e+08  7.18251368e+08  3.62e+01 6.94e-05  4.58e+00  2823s
 498   7.18595447e+08  7.18269657e+08  3.60e+01 6.93e-05  4.55e+00  2829s
 499   7.19044660e+08  7.19136781e+08  3.43e+01 6.30e-05  4.25e+00  2836s
 500   7.19431461e+08  7.19757485e+08  3.29e+01 5.91e-05  4.06e+00  2841s
 501   7.19558828e+08  7.19933729e+08  3.26e+01 5.83e-05  4.04e+00  2848s
 502   7.19740307e+08  7.20224700e+08  3.21e+01 7.87e-05  3.98e+00  2856s
 503   7.20105446e+08  7.20619771e+08  3.09e+01 5.43e-05  3.84e+00  2862s
 504   7.20317304e+08  7.21079913e+08  3.02e+01 2.80e-04  3.75e+00  2870s
 505   7.20567030e+08  7.21424902e+08  2.96e+01 1.66e-03  3.69e+00  2877s
 506   7.20734081e+08  7.21548279e+08  2.92e+01 2.41e-03  3.66e+00  2884s
 507   7.20861316e+08  7.21692092e+08  2.89e+01 2.68e-03  3.62e+00  2891s
 508   7.21042567e+08  7.21855785e+08  2.84e+01 2.68e-03  3.58e+00  2899s
 509   7.21275298e+08  7.22002453e+08  2.77e+01 2.50e-03  3.51e+00  2907s
 510   7.21546795e+08  7.22254670e+08  2.69e+01 2.46e-03  3.41e+00  2914s
 511   7.21717874e+08  7.22925632e+08  2.64e+01 3.14e-03  3.27e+00  2922s
 512   7.22096918e+08  7.23179010e+08  2.53e+01 3.66e-03  3.16e+00  2929s
 513   7.22366505e+08  7.23494386e+08  2.44e+01 4.11e-03  3.05e+00  2937s
 514   7.22669368e+08  7.23805296e+08  2.34e+01 3.75e-03  2.93e+00  2944s
 515   7.22837301e+08  7.23893472e+08  2.29e+01 3.76e-03  2.88e+00  2950s
 516   7.22913857e+08  7.24146692e+08  2.27e+01 3.98e-03  2.82e+00  2955s
 517   7.23007008e+08  7.24192706e+08  2.25e+01 4.06e-03  2.81e+00  2961s
 518   7.23195546e+08  7.24535423e+08  2.19e+01 4.67e-03  2.71e+00  2967s
 519   7.23547536e+08  7.24732028e+08  2.07e+01 4.46e-03  2.58e+00  2974s
 520   7.23869095e+08  7.24994740e+08  1.97e+01 4.48e-03  2.45e+00  2981s
 521   7.23882867e+08  7.25167261e+08  1.96e+01 4.35e-03  2.43e+00  2987s
 522   7.24155201e+08  7.25249956e+08  1.88e+01 4.50e-03  2.36e+00  2994s
 523   7.24261335e+08  7.25453023e+08  1.85e+01 4.25e-03  2.30e+00  3001s
 524   7.24347448e+08  7.25463620e+08  1.83e+01 4.02e-03  2.29e+00  3007s
 525   7.24486793e+08  7.25559891e+08  1.79e+01 3.30e-03  2.24e+00  3015s
 526   7.24596866e+08  7.25600488e+08  1.75e+01 3.21e-03  2.21e+00  3020s
 527   7.24712103e+08  7.25667645e+08  1.72e+01 2.95e-03  2.18e+00  3028s
 528   7.24755264e+08  7.25798671e+08  1.71e+01 2.94e-03  2.15e+00  3033s
 529   7.24910036e+08  7.25968975e+08  1.67e+01 4.06e-03  2.11e+00  3041s
 530   7.25046187e+08  7.26164192e+08  1.63e+01 6.47e-03  2.06e+00  3049s
 531   7.25175263e+08  7.26277277e+08  1.60e+01 6.99e-03  2.03e+00  3056s
 532   7.25323224e+08  7.26427840e+08  1.56e+01 7.72e-03  1.97e+00  3064s
 533   7.25403466e+08  7.26541002e+08  1.53e+01 8.87e-03  1.94e+00  3069s
 534   7.25590698e+08  7.26691034e+08  1.48e+01 9.18e-03  1.87e+00  3075s
 535   7.25812610e+08  7.26873601e+08  1.41e+01 8.64e-03  1.78e+00  3086s
 536   7.25964108e+08  7.27045588e+08  1.36e+01 8.32e-03  1.72e+00  3094s
 537   7.26067872e+08  7.27189572e+08  1.33e+01 7.31e-03  1.66e+00  3100s
 538   7.26271076e+08  7.27357424e+08  1.26e+01 6.10e-03  1.58e+00  3108s
 539   7.26310356e+08  7.27524233e+08  1.25e+01 4.36e-03  1.54e+00  3114s
 540   7.26563887e+08  7.27685075e+08  1.17e+01 3.04e-03  1.45e+00  3122s
 541   7.26682701e+08  7.27927374e+08  1.14e+01 9.64e-04  1.38e+00  3129s
 542   7.26900753e+08  7.28199824e+08  1.07e+01 2.87e-04  1.27e+00  3137s
 543   7.27164956e+08  7.28368888e+08  9.87e+00 3.31e-04  1.17e+00  3143s
 544   7.27237362e+08  7.28479103e+08  9.65e+00 3.52e-04  1.14e+00  3150s
 545   7.27380563e+08  7.28534849e+08  9.22e+00 3.45e-04  1.09e+00  3155s
 546   7.27513933e+08  7.28588368e+08  8.81e+00 4.00e-04  1.05e+00  3162s
 547   7.27641867e+08  7.28685668e+08  8.42e+00 4.21e-04  9.99e-01  3170s
 548   7.27671083e+08  7.28721568e+08  8.33e+00 4.06e-04  9.86e-01  3175s
 549   7.27724701e+08  7.28779351e+08  8.17e+00 4.51e-04  9.63e-01  3183s
 550   7.27807537e+08  7.28832069e+08  7.92e+00 4.50e-04  9.34e-01  3189s
 551   7.27975524e+08  7.28888595e+08  7.41e+00 3.98e-04  8.80e-01  3197s
 552   7.28104250e+08  7.28992190e+08  7.00e+00 2.29e-04  8.27e-01  3206s
 553   7.28153652e+08  7.29007836e+08  6.86e+00 2.32e-04  8.13e-01  3214s
 554   7.28165685e+08  7.29051157e+08  6.82e+00 2.25e-04  8.03e-01  3225s
 555   7.28292598e+08  7.29162757e+08  6.43e+00 2.05e-04  7.52e-01  3233s
 556   7.28394585e+08  7.29226792e+08  6.13e+00 1.97e-04  7.16e-01  3240s
 557   7.28568359e+08  7.29282175e+08  5.61e+00 3.00e-04  6.64e-01  3250s
 558   7.28666310e+08  7.29371115e+08  5.32e+00 2.76e-04  6.25e-01  3258s
 559   7.28779870e+08  7.29449814e+08  4.98e+00 2.59e-04  5.84e-01  3266s
 560   7.28890641e+08  7.29513805e+08  4.66e+00 2.43e-04  5.47e-01  3274s
 561   7.28983630e+08  7.29572643e+08  4.38e+00 2.29e-04  5.14e-01  3282s
 562   7.29054732e+08  7.29672217e+08  4.17e+00 2.06e-04  4.80e-01  3290s
 563   7.29099803e+08  7.29677162e+08  4.04e+00 2.04e-04  4.69e-01  3297s
 564   7.29196929e+08  7.29727479e+08  3.76e+00 1.93e-04  4.37e-01  3304s
 565   7.29247160e+08  7.29823097e+08  3.61e+00 1.68e-04  4.08e-01  3313s
 566   7.29260351e+08  7.29834215e+08  3.57e+00 1.66e-04  4.03e-01  3321s
 567   7.29296105e+08  7.29841522e+08  3.48e+00 1.64e-04  3.95e-01  3329s
 568   7.29374384e+08  7.29878001e+08  3.24e+00 1.56e-04  3.69e-01  3338s
 569   7.29456013e+08  7.29933279e+08  3.00e+00 1.43e-04  3.40e-01  3348s
 570   7.29507527e+08  7.29974698e+08  2.85e+00 1.32e-04  3.21e-01  3359s
 571   7.29581373e+08  7.29997392e+08  2.64e+00 1.28e-04  3.00e-01  3368s
 572   7.29620513e+08  7.30014999e+08  2.52e+00 1.21e-04  2.87e-01  3380s
 573   7.29662070e+08  7.30023573e+08  2.40e+00 1.19e-04  2.76e-01  3389s
 574   7.29707490e+08  7.30050392e+08  2.27e+00 1.11e-04  2.61e-01  3397s
 575   7.29765292e+08  7.30105107e+08  2.10e+00 9.17e-05  2.37e-01  3406s
 576   7.29796179e+08  7.30150587e+08  2.01e+00 7.52e-05  2.22e-01  3415s
 577   7.29831332e+08  7.30160056e+08  1.91e+00 6.79e-05  2.12e-01  3431s
 578   7.29872771e+08  7.30198231e+08  1.78e+00 6.82e-05  1.95e-01  3442s
 579   7.29912176e+08  7.30227349e+08  1.67e+00 6.36e-05  1.80e-01  3450s
 580   7.29954732e+08  7.30252386e+08  1.54e+00 5.94e-05  1.66e-01  3462s
 581   7.30008520e+08  7.30277238e+08  1.39e+00 5.64e-05  1.49e-01  3472s
 582   7.30062063e+08  7.30306217e+08  1.24e+00 5.54e-05  1.32e-01  3483s
 583   7.30098754e+08  7.30345875e+08  1.14e+00 5.63e-05  1.17e-01  3495s
 584   7.30114150e+08  7.30353696e+08  1.09e+00 5.91e-05  1.12e-01  3509s
 585   7.30148854e+08  7.30376027e+08  9.97e-01 3.81e-05  1.01e-01  3523s
 586   7.30194860e+08  7.30389363e+08  8.66e-01 2.82e-05  8.79e-02  3535s
 587   7.30234374e+08  7.30405174e+08  7.55e-01 1.94e-04  7.60e-02  3546s
 588   7.30262075e+08  7.30415367e+08  6.78e-01 1.37e-04  6.80e-02  3560s
 589   7.30291216e+08  7.30425217e+08  5.98e-01 1.32e-04  6.02e-02  3570s
 590   7.30326346e+08  7.30436110e+08  5.04e-01 1.00e-04  5.13e-02  3579s
 591   7.30332752e+08  7.30448012e+08  4.85e-01 3.46e-04  4.74e-02  3588s
 592   7.30367124e+08  7.30461296e+08  3.90e-01 1.04e-03  3.80e-02  3595s
 593   7.30384563e+08  7.30465708e+08  3.44e-01 7.03e-04  3.38e-02  3602s
 594   7.30386425e+08  7.30469394e+08  3.39e-01 6.45e-04  3.28e-02  3608s
 595   7.30412956e+08  7.30478453e+08  2.69e-01 7.42e-04  2.62e-02  3616s
 596   7.30423252e+08  7.30482264e+08  2.41e-01 6.63e-04  2.36e-02  3621s
 597   7.30423255e+08  7.30482265e+08  2.41e-01 6.63e-04  2.36e-02  3627s
 598   7.30437720e+08  7.30487073e+08  2.02e-01 5.60e-04  1.98e-02  3636s
 599   7.30439087e+08  7.30487892e+08  1.99e-01 2.60e-04  1.94e-02  3641s
 600   7.30439134e+08  7.30487903e+08  1.98e-01 2.60e-04  1.94e-02  3647s
 601   7.30441143e+08  7.30489077e+08  1.93e-01 2.48e-04  1.88e-02  3653s
 602   7.30445265e+08  7.30489766e+08  1.82e-01 2.41e-04  1.79e-02  3660s
 603   7.30448881e+08  7.30491392e+08  1.72e-01 2.25e-04  1.69e-02  3666s
 604   7.30448881e+08  7.30491392e+08  1.72e-01 2.25e-04  1.69e-02  3671s
 605   7.30450008e+08  7.30491408e+08  1.69e-01 2.24e-04  1.66e-02  3677s
 606   7.30450255e+08  7.30491501e+08  1.69e-01 2.23e-04  1.66e-02  3683s
 607   7.30453448e+08  7.30492438e+08  1.60e-01 2.14e-04  1.58e-02  3691s
 608   7.30453587e+08  7.30492466e+08  1.60e-01 2.14e-04  1.57e-02  3697s
 609   7.30453587e+08  7.30492466e+08  1.60e-01 2.14e-04  1.57e-02  3703s
 610   7.30453609e+08  7.30492467e+08  1.60e-01 2.14e-04  1.57e-02  3709s
 611   7.30453794e+08  7.30493200e+08  1.59e-01 2.06e-04  1.56e-02  3715s
 612   7.30456062e+08  7.30493718e+08  1.53e-01 2.01e-04  1.50e-02  3721s
 613   7.30458057e+08  7.30494390e+08  1.48e-01 1.94e-04  1.45e-02  3727s
 614   7.30458343e+08  7.30494584e+08  1.47e-01 1.93e-04  1.44e-02  3733s
 615   7.30458343e+08  7.30494583e+08  1.47e-01 1.93e-04  1.44e-02  3739s
 616   7.30458597e+08  7.30494633e+08  1.47e-01 1.92e-04  1.44e-02  3745s
 617   7.30460211e+08  7.30495406e+08  1.42e-01 1.84e-04  1.39e-02  3751s
 618   7.30460211e+08  7.30495404e+08  1.42e-01 1.84e-04  1.39e-02  3757s
 619   7.30460274e+08  7.30495414e+08  1.42e-01 1.84e-04  1.39e-02  3763s
 620   7.30461817e+08  7.30496316e+08  1.38e-01 1.93e-04  1.35e-02  3770s
 621   7.30461820e+08  7.30496308e+08  1.38e-01 1.74e-04  1.35e-02  3776s
 622   7.30465368e+08  7.30497253e+08  1.29e-01 1.65e-04  1.26e-02  3783s
 623   7.30466703e+08  7.30498147e+08  1.25e-01 1.56e-04  1.22e-02  3790s
 624   7.30466703e+08  7.30498147e+08  1.25e-01 1.56e-04  1.22e-02  3796s
 625   7.30467162e+08  7.30498354e+08  1.24e-01 1.54e-04  1.21e-02  3802s
 626   7.30467301e+08  7.30498376e+08  1.24e-01 1.54e-04  1.20e-02  3808s
 627   7.30467301e+08  7.30498376e+08  1.24e-01 1.54e-04  1.20e-02  3814s
 628   7.30468489e+08  7.30499812e+08  1.20e-01 1.39e-04  1.16e-02  3820s
 629   7.30469364e+08  7.30500438e+08  1.18e-01 1.33e-04  1.13e-02  3826s
 630   7.30469450e+08  7.30500446e+08  1.18e-01 1.33e-04  1.13e-02  3832s
 631   7.30469450e+08  7.30500452e+08  1.18e-01 1.33e-04  1.13e-02  3838s
 632   7.30469524e+08  7.30500559e+08  1.18e-01 1.32e-04  1.12e-02  3844s
 633   7.30471000e+08  7.30501453e+08  1.14e-01 1.23e-04  1.08e-02  3850s
 634   7.30471000e+08  7.30501450e+08  1.14e-01 1.23e-04  1.08e-02  3856s
 635   7.30474484e+08  7.30501622e+08  1.04e-01 1.21e-04  1.01e-02  3864s
 636   7.30474595e+08  7.30501657e+08  1.04e-01 3.84e-04  1.00e-02  3870s
 637   7.30477089e+08  7.30502702e+08  9.76e-02 3.52e-04  9.36e-03  3878s
 638   7.30477246e+08  7.30502746e+08  9.72e-02 3.51e-04  9.32e-03  3885s
 639   7.30477246e+08  7.30502746e+08  9.72e-02 3.51e-04  9.32e-03  3891s
 640   7.30477437e+08  7.30502775e+08  9.67e-02 3.50e-04  9.27e-03  3897s
 641   7.30477710e+08  7.30502924e+08  9.59e-02 3.45e-04  9.19e-03  3903s
 642   7.30478588e+08  7.30502952e+08  9.36e-02 3.44e-04  9.01e-03  3909s
 643   7.30479158e+08  7.30503087e+08  9.21e-02 3.40e-04  8.88e-03  3916s
 644   7.30479158e+08  7.30503087e+08  9.21e-02 3.40e-04  8.88e-03  3922s
 645   7.30480148e+08  7.30503473e+08  8.95e-02 3.28e-04  8.62e-03  3930s
 646   7.30480393e+08  7.30503494e+08  8.89e-02 3.27e-04  8.57e-03  3936s
 647   7.30480937e+08  7.30503798e+08  8.74e-02 3.18e-04  8.41e-03  3943s
 648   7.30484814e+08  7.30504489e+08  7.70e-02 2.96e-04  7.48e-03  3950s
 649   7.30485594e+08  7.30504640e+08  7.50e-02 2.91e-04  7.30e-03  3956s
 650   7.30485594e+08  7.30504640e+08  7.50e-02 2.91e-04  7.30e-03  3962s
 651   7.30485891e+08  7.30504741e+08  7.42e-02 2.88e-04  7.23e-03  3969s
 652   7.30488082e+08  7.30505615e+08  6.83e-02 3.89e-04  6.60e-03  3977s
 653   7.30488106e+08  7.30505654e+08  6.82e-02 3.87e-04  6.58e-03  3984s
 654   7.30489103e+08  7.30505952e+08  6.55e-02 5.62e-04  6.33e-03  3990s
 655   7.30489210e+08  7.30505950e+08  6.53e-02 2.49e-04  6.31e-03  3996s
 656   7.30489649e+08  7.30506054e+08  6.41e-02 2.45e-04  6.20e-03  4002s
 657   7.30489753e+08  7.30506068e+08  6.38e-02 2.45e-04  6.18e-03  4008s
 658   7.30489755e+08  7.30506069e+08  6.38e-02 2.45e-04  6.18e-03  4014s
 659   7.30489760e+08  7.30506071e+08  6.38e-02 2.45e-04  6.18e-03  4020s
 660   7.30489969e+08  7.30506223e+08  6.32e-02 2.40e-04  6.11e-03  4026s
 661   7.30490458e+08  7.30506334e+08  6.19e-02 2.36e-04  5.99e-03  4032s
 662   7.30490975e+08  7.30506583e+08  6.05e-02 2.28e-04  5.84e-03  4040s
 663   7.30491315e+08  7.30507002e+08  5.96e-02 2.15e-04  5.70e-03  4046s
 664   7.30491677e+08  7.30507358e+08  5.87e-02 2.04e-04  5.57e-03  4052s
 665   7.30491677e+08  7.30507358e+08  5.87e-02 2.04e-04  5.57e-03  4059s
 666   7.30493490e+08  7.30508168e+08  5.39e-02 1.84e-04  5.07e-03  4066s
 667   7.30493512e+08  7.30508187e+08  5.38e-02 1.78e-04  5.07e-03  4072s
 668   7.30495942e+08  7.30508376e+08  4.73e-02 3.99e-04  4.62e-03  4078s
 669   7.30495960e+08  7.30508376e+08  4.72e-02 1.71e-04  4.61e-03  4084s
 670   7.30496085e+08  7.30508386e+08  4.69e-02 1.70e-04  4.59e-03  4090s
 671   7.30496237e+08  7.30508537e+08  4.65e-02 1.66e-04  4.53e-03  4097s
 672   7.30496237e+08  7.30508536e+08  4.65e-02 1.66e-04  4.53e-03  4103s
