   Resolving package versions...
  No Changes to `~/.julia/environments/v1.9/Project.toml`
  No Changes to `~/.julia/environments/v1.9/Manifest.toml`
core/parameters_lowcost.jl
Estimated Revenue Requirement = 211200000 per year
Estimated Ratebase = 1.462153846153846e9
BAU Gas Costs = 2.0465077577888313e8
ShutDown Gas Costs = [3.1972430769230765e8, 0.0, 0.0, 0.0, 0.0]
BAU Gas Costs = 2.001081602378462e8
ShutDown Gas Costs = [2.520221538461538e8, 8.719753846153846e7, 0.0, 0.0, 0.0]
BAU Gas Costs = 1.9567798009553784e8
ShutDown Gas Costs = [2.0323938461538458e8, 1.1551015384615383e8, 3.996553846153846e7, 0.0, 0.0]
BAU Gas Costs = 1.9135745243564636e8
ShutDown Gas Costs = [1.7323041758241755e8, 1.1613679120879118e8, 6.60058021978022e7, 2.283745054945055e7, 0.0]
PARAMETERS
T_inv: 5
N_Periods: 10
Clustering case: ward
Linked storage: 1
Linked generation: 0
Steady state elec: 1
Steady state gas: 0
Max offset electric: [0.0, 0.0, 0.0, 0.0, 0.0]
Max offset gas: [0.0, 0.0, 0.0, 0.0, 0.0]
Offset cost: [650, 500, 550, 500, 450]
Gas quality: Nodal
Max H2 injection frac: 0.0
Max appliance retirement multiplier: 2
Max biomethane share: 0.1
EI trajectory electric: [200, 150, 100, 50, 0]
EI trajectory gas: [200, 150, 100, 50, 0]
Electric transmission expansion: 2
Electric transmission expansion cost: 0.93 $/MW-m
Multi-day Storage: 0
Pumped Hydro Storage: 0
Check weights :
[0.1178082191780822, 0.0958904109589041, 0.09863013698630137, 0.024657534246575342, 0.030136986301369864, 0.2136986301369863, 0.1095890410958904, 0.038356164383561646, 0.15616438356164383, 0.11506849315068493]
Check medoids :
[39.0, 356.0, 324.0, 334.0, 316.0, 231.0, 41.0, 118.0, 207.0, 234.0]
Set parameter TokenServer to value "srcc-license-srcf.stanford.edu,srcc-license-rcf.stanford.edu"
Set parameter Threads to value 64
Set parameter BarHomogeneous to value 1
Set parameter ScaleFlag to value 2
Set parameter FeasibilityTol to value 0.005
Set parameter ScaleFlag to value 1
Set parameter OptimalityTol to value 0.001
Set parameter BarConvTol to value 0.0001
Set parameter Method to value 2
Set parameter Crossover to value 0
┌ Warning: Axis contains one element: 1. If intended, you can safely ignore this warning. To explicitly pass the axis with one element, pass `[1]` instead of `1`.
└ @ JuMP.Containers ~/.julia/packages/JuMP/yYfHy/src/Containers/DenseAxisArray.jl:173
┌ Warning: Axis contains one element: 1. If intended, you can safely ignore this warning. To explicitly pass the axis with one element, pass `[1]` instead of `1`.
└ @ JuMP.Containers ~/.julia/packages/JuMP/yYfHy/src/Containers/DenseAxisArray.jl:173
┌ Warning: Axis contains one element: 1. If intended, you can safely ignore this warning. To explicitly pass the axis with one element, pass `[1]` instead of `1`.
└ @ JuMP.Containers ~/.julia/packages/JuMP/yYfHy/src/Containers/DenseAxisArray.jl:173
┌ Warning: Axis contains one element: 1. If intended, you can safely ignore this warning. To explicitly pass the axis with one element, pass `[1]` instead of `1`.
└ @ JuMP.Containers ~/.julia/packages/JuMP/yYfHy/src/Containers/DenseAxisArray.jl:173
┌ Warning: Axis contains one element: 1. If intended, you can safely ignore this warning. To explicitly pass the axis with one element, pass `[1]` instead of `1`.
└ @ JuMP.Containers ~/.julia/packages/JuMP/yYfHy/src/Containers/DenseAxisArray.jl:173
┌ Warning: Axis contains one element: 1. If intended, you can safely ignore this warning. To explicitly pass the axis with one element, pass `[1]` instead of `1`.
└ @ JuMP.Containers ~/.julia/packages/JuMP/yYfHy/src/Containers/DenseAxisArray.jl:173
┌ Warning: Axis contains one element: 1. If intended, you can safely ignore this warning. To explicitly pass the axis with one element, pass `[1]` instead of `1`.
└ @ JuMP.Containers ~/.julia/packages/JuMP/yYfHy/src/Containers/DenseAxisArray.jl:173
┌ Warning: Axis contains one element: 1. If intended, you can safely ignore this warning. To explicitly pass the axis with one element, pass `[1]` instead of `1`.
└ @ JuMP.Containers ~/.julia/packages/JuMP/yYfHy/src/Containers/DenseAxisArray.jl:173
┌ Warning: Axis contains one element: 1. If intended, you can safely ignore this warning. To explicitly pass the axis with one element, pass `[1]` instead of `1`.
└ @ JuMP.Containers ~/.julia/packages/JuMP/yYfHy/src/Containers/DenseAxisArray.jl:173
┌ Warning: Axis contains one element: 1. If intended, you can safely ignore this warning. To explicitly pass the axis with one element, pass `[1]` instead of `1`.
└ @ JuMP.Containers ~/.julia/packages/JuMP/yYfHy/src/Containers/DenseAxisArray.jl:173
┌ Warning: Axis contains one element: 1. If intended, you can safely ignore this warning. To explicitly pass the axis with one element, pass `[1]` instead of `1`.
└ @ JuMP.Containers ~/.julia/packages/JuMP/yYfHy/src/Containers/DenseAxisArray.jl:173
┌ Warning: Axis contains one element: 1. If intended, you can safely ignore this warning. To explicitly pass the axis with one element, pass `[1]` instead of `1`.
└ @ JuMP.Containers ~/.julia/packages/JuMP/yYfHy/src/Containers/DenseAxisArray.jl:173
Set parameter FeasibilityTol to value 0.005
Set parameter Method to value 2
Set parameter BarHomogeneous to value 1
Set parameter Crossover to value 0
Set parameter Threads to value 64
Set parameter ScaleFlag to value 1
Set parameter OptimalityTol to value 0.001
Set parameter BarConvTol to value 0.0001
Gurobi Optimizer version 10.0.1 build v10.0.1rc0 (linux64)

CPU model: AMD EPYC 7742 64-Core Processor, instruction set [SSE2|AVX|AVX2]
Thread count: 128 physical cores, 128 logical processors, using up to 64 threads

Optimize a model with 6257501 rows, 2241685 columns and 35148858 nonzeros
Model fingerprint: 0x6018eee7
Coefficient statistics:
  Matrix range     [3e-05, 3e+07]
  Objective range  [2e-04, 9e+06]
  Bounds range     [1e+00, 5e+03]
  RHS range        [2e-06, 1e+11]
Warning: Model contains large rhs
         Consider reformulating model or setting NumericFocus parameter
         to avoid numerical issues.
Presolve removed 2242591 rows and 700000 columns (presolve time = 5s) ...
Presolve removed 2408283 rows and 848892 columns (presolve time = 11s) ...
Presolve removed 2471078 rows and 852943 columns (presolve time = 15s) ...
Presolve removed 2472541 rows and 852943 columns
Presolve time: 17.19s
Presolved: 3784960 rows, 1388770 columns, 24426186 nonzeros
Elapsed ordering time = 5s
Elapsed ordering time = 10s
Elapsed ordering time = 15s
Elapsed ordering time = 20s
Elapsed ordering time = 29s
Elapsed ordering time = 30s
Ordering time: 103.17s

Barrier statistics:
 Dense cols : 3109
 Free vars  : 21360
 AA' NZ     : 2.034e+08
 Factor NZ  : 3.842e+08 (roughly 5.0 GB of memory)
 Factor Ops : 5.442e+11 (roughly 1 second per iteration)
 Threads    : 64

                  Objective                Residual
Iter       Primal          Dual         Primal    Dual     Compl     Time
   0   1.34682839e+16 -5.73850368e+17  2.38e+11 3.00e+06  1.50e+14   145s
   1   1.23985598e+16 -6.22390484e+17  1.93e+11 2.54e+06  1.25e+14   149s
   2   1.19915078e+16 -6.65770338e+17  1.76e+11 2.11e+06  1.08e+14   155s
   3   1.12654962e+16 -6.79179434e+17  1.47e+11 1.97e+06  9.64e+13   160s
   4   4.95685703e+15 -3.04107897e+17  5.90e+10 8.75e+05  2.03e+13   166s
   5   4.06998780e+15 -1.28857849e+17  4.71e+10 3.63e+05  7.80e+12   172s
   6   2.42106052e+15 -4.13370566e+16  2.59e+10 1.15e+05  1.81e+12   179s
   7   1.70467595e+15 -1.27247866e+16  1.73e+10 3.45e+04  5.02e+11   185s
   8   9.65994019e+14 -3.54157978e+15  8.81e+09 9.10e+03  1.08e+11   192s
   9   6.48940667e+14 -1.31434747e+15  5.50e+09 3.23e+03  3.77e+10   198s
  10   4.40091422e+14 -6.40290050e+14  3.56e+09 1.53e+03  1.68e+10   205s
  11   3.00118720e+14 -3.06304796e+14  2.33e+09 7.15e+02  7.77e+09   211s
  12   2.14378270e+14 -1.58311489e+14  1.62e+09 3.65e+02  4.06e+09   218s
  13   1.46678460e+14 -7.44965500e+13  1.07e+09 1.70e+02  2.01e+09   224s
  14   1.05049948e+14 -4.46112255e+13  7.51e+08 1.02e+02  1.16e+09   230s
  15   7.53316870e+13 -2.50715316e+13  5.29e+08 5.66e+01  6.62e+08   236s
  16   5.39132610e+13 -1.56763323e+13  3.74e+08 3.48e+01  3.97e+08   243s
  17   4.08021103e+13 -9.03049252e+12  2.81e+08 1.91e+01  2.45e+08   249s
  18   2.76742159e+13 -6.50192880e+12  1.91e+08 1.29e+01  1.47e+08   257s
  19   1.93580953e+13 -3.65590845e+12  1.34e+08 6.05e+00  8.10e+07   263s
  20   1.42567682e+13 -3.21949928e+12  9.98e+07 5.07e+00  5.67e+07   268s
  21   8.94026103e+12 -2.27679306e+12  6.36e+07 3.16e+00  3.07e+07   275s
  22   6.65620000e+12 -1.42775656e+12  4.78e+07 1.68e+00  1.83e+07   282s
  23   3.29899260e+12 -8.51563661e+11  2.43e+07 8.37e-01  7.41e+06   289s
  24   1.59617441e+12 -4.91788330e+11  1.18e+07 4.88e-01  3.00e+06   295s
  25   1.35235884e+12 -3.57100478e+11  9.93e+06 3.58e-01  2.35e+06   302s
  26   8.79033174e+11 -3.11936419e+11  6.28e+06 3.22e-01  1.52e+06   307s
  27   7.31621293e+11 -2.25029846e+11  5.13e+06 2.50e-01  1.20e+06   313s
  28   6.68188873e+11 -1.54911648e+11  4.65e+06 1.90e-01  1.04e+06   318s
  29   5.68238431e+11 -1.09161897e+11  3.92e+06 1.53e-01  8.52e+05   324s
  30   5.15711272e+11 -8.66383630e+10  3.54e+06 1.34e-01  7.46e+05   329s
  31   4.46057402e+11 -6.71622098e+10  3.03e+06 1.16e-01  6.20e+05   335s
  32   3.98996363e+11 -5.34351115e+10  2.69e+06 9.84e-02  5.34e+05   341s
  33   3.09714476e+11 -4.84715453e+10  2.09e+06 9.24e-02  4.13e+05   346s
  34   2.99742679e+11 -3.90112603e+10  2.02e+06 7.28e-02  3.83e+05   351s
  35   1.97096995e+11 -2.74552495e+10  1.35e+06 4.38e-02  2.42e+05   357s
  36   1.47754682e+11 -1.88621702e+10  1.02e+06 2.27e-02  1.68e+05   363s
  37   1.07692726e+11 -1.59772565e+10  7.56e+05 1.50e-02  1.18e+05   368s
  38   8.47219709e+10 -1.22224125e+10  6.02e+05 9.40e-03  8.82e+04   373s
  39   5.36244871e+10 -7.95218944e+09  3.94e+05 6.39e-03  5.28e+04   378s
  40   2.72180974e+10 -4.49770471e+09  2.12e+05 7.22e-03  2.45e+04   384s
  41   1.42901115e+10 -2.90357909e+09  1.17e+05 5.32e-03  1.23e+04   389s
  42   1.04573805e+10 -2.21885224e+09  8.71e+04 4.18e-03  8.61e+03   393s
  43   8.48145361e+09 -2.09149558e+09  7.16e+04 3.95e-03  7.02e+03   397s
  44   8.12996287e+09 -1.57431038e+09  6.88e+04 3.01e-03  6.30e+03   401s
  45   6.26083687e+09 -1.30175651e+09  5.34e+04 2.54e-03  4.74e+03   405s
  46   5.13332104e+09 -1.10219973e+09  4.39e+04 2.20e-03  3.79e+03   409s
  47   4.42695742e+09 -9.13312550e+08  3.78e+04 1.88e-03  3.16e+03   413s
  48   4.35783468e+09 -8.40089682e+08  3.72e+04 1.76e-03  3.06e+03   417s
  49   3.65754736e+09 -6.40734248e+08  3.10e+04 1.45e-03  2.44e+03   421s
  50   3.20479831e+09 -5.57548771e+08  2.70e+04 1.31e-03  2.09e+03   426s
  51   2.88721041e+09 -3.71573970e+08  2.41e+04 9.88e-04  1.76e+03   430s
  52   2.73549161e+09 -3.45007090e+08  2.28e+04 9.43e-04  1.65e+03   435s
  53   2.63754071e+09 -2.81863243e+08  2.19e+04 8.47e-04  1.55e+03   439s
  54   2.32506406e+09 -1.79612353e+08  1.90e+04 6.97e-04  1.30e+03   443s
  55   2.08524356e+09 -1.34914664e+08  1.67e+04 6.33e-04  1.14e+03   448s
  56   2.07268936e+09 -1.24986648e+08  1.66e+04 6.19e-04  1.12e+03   452s
  57   2.05124001e+09 -1.13352899e+08  1.64e+04 6.03e-04  1.11e+03   456s
  58   1.94019859e+09 -6.27465793e+07  1.53e+04 7.30e-04  1.01e+03   460s
  59   1.69792471e+09 -2.32080118e+07  1.30e+04 6.59e-04  8.51e+02   465s
  60   1.67646514e+09  4.82085507e+06  1.28e+04 6.14e-04  8.25e+02   471s
  61   1.43817223e+09  4.01438613e+07  1.04e+04 5.63e-04  6.70e+02   478s
  62   1.32778918e+09  9.85295232e+07  9.22e+03 4.83e-04  5.80e+02   484s
  63   1.27959733e+09  1.34292231e+08  8.70e+03 4.35e-04  5.37e+02   490s
  64   1.24867437e+09  1.55936048e+08  8.36e+03 4.10e-04  5.10e+02   497s
  65   1.18659773e+09  2.40384198e+08  7.64e+03 3.08e-04  4.41e+02   503s
  66   1.12276994e+09  2.48562524e+08  6.90e+03 2.99e-04  4.01e+02   509s
  67   1.11162782e+09  2.75081077e+08  6.76e+03 2.73e-04  3.85e+02   514s
  68   1.08195463e+09  2.96973868e+08  6.40e+03 2.51e-04  3.60e+02   521s
  69   1.05353107e+09  3.25437289e+08  6.04e+03 2.25e-04  3.33e+02   527s
  70   1.02675012e+09  3.45591768e+08  5.69e+03 2.07e-04  3.10e+02   534s
  71   1.00211557e+09  3.53134157e+08  5.34e+03 2.01e-04  2.92e+02   539s
  72   9.85601496e+08  3.80168263e+08  5.12e+03 1.79e-04  2.74e+02   545s
  73   9.42059866e+08  4.22629409e+08  4.49e+03 3.79e-04  2.35e+02   552s
  74   9.23207745e+08  4.36256492e+08  4.20e+03 3.55e-04  2.18e+02   558s
  75   9.13587942e+08  4.48002403e+08  4.05e+03 3.34e-04  2.09e+02   564s
  76   8.76359592e+08  4.76006202e+08  3.48e+03 2.88e-04  1.77e+02   570s
  77   8.52063247e+08  4.96591553e+08  3.06e+03 2.65e-04  1.56e+02   577s
  78   8.25572950e+08  5.12975716e+08  2.60e+03 2.41e-04  1.34e+02   583s
  79   8.10142795e+08  5.21555994e+08  2.32e+03 2.29e-04  1.21e+02   589s
  80   8.03156345e+08  5.25616937e+08  2.19e+03 2.23e-04  1.15e+02   595s
  81   7.95617268e+08  5.35768832e+08  2.04e+03 2.09e-04  1.07e+02   601s
  82   7.92295514e+08  5.47298345e+08  1.98e+03 1.93e-04  1.02e+02   607s
  83   7.88105730e+08  5.59142700e+08  1.90e+03 1.78e-04  9.62e+01   614s
  84   7.85611094e+08  5.63966144e+08  1.85e+03 1.71e-04  9.33e+01   619s
