   Resolving package versions...
  No Changes to `~/.julia/environments/v1.9/Project.toml`
  No Changes to `~/.julia/environments/v1.9/Manifest.toml`
core/parameters_highcost.jl
Estimated Revenue Requirement = 211200000 per year
Estimated Ratebase = 1.462153846153846e9
BAU Gas Costs = 2.0465077577888313e8
ShutDown Gas Costs = [3.1972430769230765e8, 0.0, 0.0, 0.0, 0.0]
BAU Gas Costs = 2.001081602378462e8
ShutDown Gas Costs = [2.520221538461538e8, 8.719753846153846e7, 0.0, 0.0, 0.0]
BAU Gas Costs = 1.9567798009553784e8
ShutDown Gas Costs = [2.0323938461538458e8, 1.1551015384615383e8, 3.996553846153846e7, 0.0, 0.0]
BAU Gas Costs = 1.9135745243564636e8
ShutDown Gas Costs = [1.7323041758241755e8, 1.1613679120879118e8, 6.60058021978022e7, 2.283745054945055e7, 0.0]
PARAMETERS
T_inv: 5
N_Periods: 10
Clustering case: ward
Linked storage: 1
Linked generation: 0
Steady state elec: 1
Steady state gas: 0
Max offset electric: [0.0, 0.0, 0.0, 0.0, 0.0]
Max offset gas: [0.0, 0.0, 0.0, 0.0, 0.0]
Offset cost: [650, 500, 550, 500, 450]
Gas quality: Nodal
Max H2 injection frac: 0.0
Max appliance retirement multiplier: 2
Max biomethane share: 0.1
EI trajectory electric: [200, 150, 100, 50, 0]
EI trajectory gas: [200, 150, 100, 50, 0]
Electric transmission expansion: 2
Electric transmission expansion cost: 0.93 $/MW-m
Multi-day Storage: 0
Pumped Hydro Storage: 0
Check weights :
[0.1178082191780822, 0.0958904109589041, 0.09863013698630137, 0.024657534246575342, 0.030136986301369864, 0.2136986301369863, 0.1095890410958904, 0.038356164383561646, 0.15616438356164383, 0.11506849315068493]
Check medoids :
[39.0, 356.0, 324.0, 334.0, 316.0, 231.0, 41.0, 118.0, 207.0, 234.0]
Set parameter TokenServer to value "srcc-license-srcf.stanford.edu,srcc-license-rcf.stanford.edu"
Set parameter Threads to value 64
Set parameter BarHomogeneous to value 1
Set parameter ScaleFlag to value 2
Set parameter FeasibilityTol to value 0.005
Set parameter ScaleFlag to value 1
Set parameter OptimalityTol to value 0.001
Set parameter BarConvTol to value 0.0001
Set parameter Method to value 2
Set parameter Crossover to value 0
┌ Warning: Axis contains one element: 1. If intended, you can safely ignore this warning. To explicitly pass the axis with one element, pass `[1]` instead of `1`.
└ @ JuMP.Containers ~/.julia/packages/JuMP/yYfHy/src/Containers/DenseAxisArray.jl:173
┌ Warning: Axis contains one element: 1. If intended, you can safely ignore this warning. To explicitly pass the axis with one element, pass `[1]` instead of `1`.
└ @ JuMP.Containers ~/.julia/packages/JuMP/yYfHy/src/Containers/DenseAxisArray.jl:173
┌ Warning: Axis contains one element: 1. If intended, you can safely ignore this warning. To explicitly pass the axis with one element, pass `[1]` instead of `1`.
└ @ JuMP.Containers ~/.julia/packages/JuMP/yYfHy/src/Containers/DenseAxisArray.jl:173
┌ Warning: Axis contains one element: 1. If intended, you can safely ignore this warning. To explicitly pass the axis with one element, pass `[1]` instead of `1`.
└ @ JuMP.Containers ~/.julia/packages/JuMP/yYfHy/src/Containers/DenseAxisArray.jl:173
┌ Warning: Axis contains one element: 1. If intended, you can safely ignore this warning. To explicitly pass the axis with one element, pass `[1]` instead of `1`.
└ @ JuMP.Containers ~/.julia/packages/JuMP/yYfHy/src/Containers/DenseAxisArray.jl:173
┌ Warning: Axis contains one element: 1. If intended, you can safely ignore this warning. To explicitly pass the axis with one element, pass `[1]` instead of `1`.
└ @ JuMP.Containers ~/.julia/packages/JuMP/yYfHy/src/Containers/DenseAxisArray.jl:173
┌ Warning: Axis contains one element: 1. If intended, you can safely ignore this warning. To explicitly pass the axis with one element, pass `[1]` instead of `1`.
└ @ JuMP.Containers ~/.julia/packages/JuMP/yYfHy/src/Containers/DenseAxisArray.jl:173
┌ Warning: Axis contains one element: 1. If intended, you can safely ignore this warning. To explicitly pass the axis with one element, pass `[1]` instead of `1`.
└ @ JuMP.Containers ~/.julia/packages/JuMP/yYfHy/src/Containers/DenseAxisArray.jl:173
┌ Warning: Axis contains one element: 1. If intended, you can safely ignore this warning. To explicitly pass the axis with one element, pass `[1]` instead of `1`.
└ @ JuMP.Containers ~/.julia/packages/JuMP/yYfHy/src/Containers/DenseAxisArray.jl:173
┌ Warning: Axis contains one element: 1. If intended, you can safely ignore this warning. To explicitly pass the axis with one element, pass `[1]` instead of `1`.
└ @ JuMP.Containers ~/.julia/packages/JuMP/yYfHy/src/Containers/DenseAxisArray.jl:173
┌ Warning: Axis contains one element: 1. If intended, you can safely ignore this warning. To explicitly pass the axis with one element, pass `[1]` instead of `1`.
└ @ JuMP.Containers ~/.julia/packages/JuMP/yYfHy/src/Containers/DenseAxisArray.jl:173
┌ Warning: Axis contains one element: 1. If intended, you can safely ignore this warning. To explicitly pass the axis with one element, pass `[1]` instead of `1`.
└ @ JuMP.Containers ~/.julia/packages/JuMP/yYfHy/src/Containers/DenseAxisArray.jl:173
Set parameter FeasibilityTol to value 0.005
Set parameter Method to value 2
Set parameter BarHomogeneous to value 1
Set parameter Crossover to value 0
Set parameter Threads to value 64
Set parameter ScaleFlag to value 1
Set parameter OptimalityTol to value 0.001
Set parameter BarConvTol to value 0.0001
Gurobi Optimizer version 10.0.1 build v10.0.1rc0 (linux64)

CPU model: AMD EPYC 7742 64-Core Processor, instruction set [SSE2|AVX|AVX2]
Thread count: 128 physical cores, 128 logical processors, using up to 64 threads

Optimize a model with 6257501 rows, 2241685 columns and 35148858 nonzeros
Model fingerprint: 0xa7246d21
Coefficient statistics:
  Matrix range     [3e-05, 3e+07]
  Objective range  [2e-04, 9e+06]
  Bounds range     [1e+00, 5e+03]
  RHS range        [2e-06, 1e+11]
Warning: Model contains large rhs
         Consider reformulating model or setting NumericFocus parameter
         to avoid numerical issues.
Presolve removed 2408227 rows and 848836 columns (presolve time = 6s) ...
Presolve removed 2408283 rows and 848892 columns (presolve time = 10s) ...
Presolve removed 2472513 rows and 852943 columns (presolve time = 15s) ...
Presolve removed 2472541 rows and 852943 columns
Presolve time: 15.83s
Presolved: 3784960 rows, 1388770 columns, 24426186 nonzeros
Elapsed ordering time = 5s
Elapsed ordering time = 10s
Elapsed ordering time = 15s
Elapsed ordering time = 20s
Elapsed ordering time = 28s
Elapsed ordering time = 30s
Ordering time: 96.35s

Barrier statistics:
 Dense cols : 3109
 Free vars  : 21360
 AA' NZ     : 2.034e+08
 Factor NZ  : 3.842e+08 (roughly 5.0 GB of memory)
 Factor Ops : 5.442e+11 (roughly 1 second per iteration)
 Threads    : 64

                  Objective                Residual
Iter       Primal          Dual         Primal    Dual     Compl     Time
   0   1.34552342e+16 -5.73850371e+17  2.38e+11 3.00e+06  1.50e+14   136s
   1   1.23875600e+16 -6.22390188e+17  1.93e+11 2.54e+06  1.25e+14   140s
   2   1.19812916e+16 -6.65770300e+17  1.76e+11 2.11e+06  1.08e+14   144s
   3   1.12566663e+16 -6.79179267e+17  1.47e+11 1.97e+06  9.64e+13   148s
   4   4.95320467e+15 -3.04107935e+17  5.90e+10 8.75e+05  2.03e+13   153s
   5   4.06712035e+15 -1.28857958e+17  4.71e+10 3.63e+05  7.80e+12   158s
   6   2.41946644e+15 -4.13372234e+16  2.59e+10 1.15e+05  1.81e+12   164s
   7   1.70356358e+15 -1.27255866e+16  1.73e+10 3.45e+04  5.02e+11   169s
   8   9.65310814e+14 -3.54187818e+15  8.81e+09 9.10e+03  1.08e+11   175s
   9   6.48572052e+14 -1.31531819e+15  5.50e+09 3.24e+03  3.77e+10   182s
  10   4.39899455e+14 -6.40074705e+14  3.56e+09 1.53e+03  1.68e+10   188s
  11   2.99920530e+14 -3.06242977e+14  2.33e+09 7.15e+02  7.77e+09   194s
  12   2.13885779e+14 -1.58534725e+14  1.61e+09 3.65e+02  4.06e+09   200s
  13   1.44908751e+14 -7.39193645e+13  1.06e+09 1.69e+02  1.98e+09   206s
  14   1.06125709e+14 -4.61445503e+13  7.59e+08 1.05e+02  1.19e+09   213s
  15   7.49521758e+13 -2.55381132e+13  5.26e+08 5.79e+01  6.67e+08   219s
  16   5.53032733e+13 -1.55505737e+13  3.84e+08 3.46e+01  4.08e+08   226s
  17   4.07691738e+13 -9.28585050e+12  2.82e+08 1.97e+01  2.49e+08   233s
  18   2.90286470e+13 -6.59125568e+12  2.00e+08 1.31e+01  1.55e+08   240s
